#
# There is insufficient memory for the Java Runtime Environment to continue.
# Native memory allocation (malloc) failed to allocate 32744 bytes for ChunkPool::allocate
# Possible reasons:
#   The system is out of physical RAM or swap space
#   The process is running with CompressedOops enabled, and the Java Heap may be blocking the growth of the native heap
# Possible solutions:
#   Reduce memory load on the system
#   Increase physical memory or swap space
#   Check if swap backing store is full
#   Decrease Java heap size (-Xmx/-Xms)
#   Decrease number of Java threads
#   Decrease Java thread stack sizes (-Xss)
#   Set larger code cache with -XX:ReservedCodeCacheSize=
#   JVM is running with Zero Based Compressed Oops mode in which the Java heap is
#     placed in the first 32GB address space. The Java Heap base address is the
#     maximum limit for the native heap growth. Please use -XX:HeapBaseMinAddress
#     to set the Java Heap base and to place the Java Heap above 32GB virtual address.
# This output file may be truncated or incomplete.
#
#  Out of Memory Error (./open/src/hotspot/share/memory/arena.cpp:81), pid=29744, tid=26208
#
# JRE version: Java(TM) SE Runtime Environment 18.9 (11.0.20+9) (build 11.0.20+9-LTS-256)
# Java VM: Java HotSpot(TM) 64-Bit Server VM 18.9 (11.0.20+9-LTS-256, mixed mode, tiered, compressed oops, g1 gc, windows-amd64)
# No core dump will be written. Minidumps are not enabled by default on client versions of Windows
#

---------------  S U M M A R Y ------------

Command Line: -agentlib:jdwp=transport=dt_socket,address=127.0.0.1:63035,suspend=y,server=n -XX:TieredStopAtLevel=1 -Xverify:none -Dspring.output.ansi.enabled=always -Dcom.sun.management.jmxremote -Dspring.jmx.enabled=true -Dspring.liveBeansView.mbeanDomain -Dspring.application.admin.enabled=true -Dmanagement.endpoints.jmx.exposure.include=* -javaagent:C:\Users\think\AppData\Local\JetBrains\IntelliJIdea2023.3\captureAgent\debugger-agent.jar=file:/C:/Users/think/AppData/Local/Temp/capture2.props -Dfile.encoding=UTF-8 com.sl.WebCourierApplication

Host: 13th Gen Intel(R) Core(TM) i5-1340P, 16 cores, 47G,  Windows 11 , 64 bit Build 22621 (10.0.22621.3958)
Time: Fri Oct 25 20:30:52 2024  Windows 11 , 64 bit Build 22621 (10.0.22621.3958) elapsed time: 127.858442 seconds (0d 0h 2m 7s)

---------------  T H R E A D  ---------------

Current thread (0x00000162fec6c800):  VMThread "VM Thread" [stack: 0x0000003434e00000,0x0000003434f00000] [id=26208] _threads_hazard_ptr=0x00000162fedb72b0

Stack: [0x0000003434e00000,0x0000003434f00000]
[error occurred during error reporting (printing stack bounds), id 0xc0000005, EXCEPTION_ACCESS_VIOLATION (0xc0000005) at pc=0x0000016280000f2d]

Native frames: (J=compiled Java code, j=interpreted, Vv=VM code, C=native code)
V  [jvm.dll+0x6602ba]
V  [jvm.dll+0x7a32af]
V  [jvm.dll+0x7a4979]
V  [jvm.dll+0x7a4f75]
V  [jvm.dll+0x7a4f2b]
V  [jvm.dll+0x65f7c3]
V  [jvm.dll+0x65feb8]
C  [ntdll.dll+0xa517f]
C  [ntdll.dll+0x1e856]
C  [ntdll.dll+0xa416e]
C  0x0000016280000f2d

VM_Operation (0x0000003438cf98a0): RevokeBias, mode: safepoint, requested by thread 0x00000162ac17b800


---------------  P R O C E S S  ---------------

Threads class SMR info:
_java_thread_list=0x00000162fedb72b0, length=106, elements={
0x00000162fec6f800, 0x00000162fec70800, 0x00000162fed07000, 0x00000162fed09000,
0x00000162fed0a000, 0x00000162fed0f800, 0x00000162fed10800, 0x00000162fec2c800,
0x00000162ff786000, 0x00000162ff7a5000, 0x00000162ff7a6000, 0x00000162a749f800,
0x00000162a7858000, 0x00000162a93ff000, 0x00000162a9441800, 0x00000162a9445000,
0x00000162a9442800, 0x00000162a9443800, 0x00000162a943f000, 0x00000162a9446000,
0x00000162a9441000, 0x00000162a9440000, 0x00000162a9ee9000, 0x00000162a9ee8000,
0x00000162a9ee9800, 0x00000162a9eeb800, 0x00000162a9eec000, 0x00000162a9ee7800,
0x00000162a9ee6800, 0x00000162a9eed000, 0x00000162a9eef800, 0x00000162a9eee800,
0x00000162a9eee000, 0x00000162a9ef0800, 0x00000162a9eea800, 0x00000162a9ef4800,
0x00000162a9ef5000, 0x00000162a9ef1000, 0x00000162a9ef2000, 0x00000162a9ef3800,
0x00000162a9ef2800, 0x00000162ac17a000, 0x00000162ac17a800, 0x00000162ac17b800,
0x00000162ac178800, 0x00000162ac17e000, 0x00000162ac17c800, 0x00000162ac17d000,
0x00000162ac17f000, 0x00000162ac179000, 0x00000162ac183800, 0x00000162ac180800,
0x00000162ac17f800, 0x00000162ac186000, 0x00000162ac184800, 0x00000162ac183000,
0x00000162ac185800, 0x00000162ac187000, 0x00000162ac181800, 0x00000162ac182000,
0x00000162ac1cb800, 0x00000162ac1cb000, 0x00000162ac1c8800, 0x00000162ac1ce000,
0x00000162ac1cc800, 0x00000162ac1cd800, 0x00000162ac1cf000, 0x00000162ac1c9000,
0x00000162ac1cf800, 0x00000162ac1ca000, 0x00000162ac1d0800, 0x00000162ac1d5800,
0x00000162ac1d1800, 0x00000162ac1d4000, 0x00000162ac1d2000, 0x00000162ac1d7000,
0x00000162ac1d3000, 0x00000162ac1d4800, 0x00000162ac1d6000, 0x00000162ac256800,
0x00000162ac257800, 0x00000162ac255000, 0x00000162ac258000, 0x00000162ac255800,
0x00000162ac253000, 0x00000162ac25d000, 0x00000162ac25f800, 0x00000162ac25a800,
0x00000162ac259800, 0x00000162ac25b800, 0x00000162ac260000, 0x00000162ac25e000,
0x00000162ac25e800, 0x00000162ac261000, 0x00000162ac262000, 0x00000162ac25c000,
0x00000162a9444000, 0x00000162a74a5800, 0x00000162a74a7000, 0x00000162a74a1800,
0x00000162a74a8000, 0x00000162a74a4000, 0x00000162a74a6800, 0x00000162a74a4800,
0x00000162a74a2800, 0x00000162a74a3000
}

Java Threads: ( => current thread )
  0x00000162fec6f800 JavaThread "Reference Handler" daemon [_thread_blocked, id=2140, stack(0x0000003434f00000,0x0000003435000000)]
  0x00000162fec70800 JavaThread "Finalizer" daemon [_thread_blocked, id=27388, stack(0x0000003435000000,0x0000003435100000)]
  0x00000162fed07000 JavaThread "Signal Dispatcher" daemon [_thread_blocked, id=15468, stack(0x0000003435100000,0x0000003435200000)]
  0x00000162fed09000 JavaThread "Attach Listener" daemon [_thread_blocked, id=23416, stack(0x0000003435200000,0x0000003435300000)]
  0x00000162fed0a000 JavaThread "Service Thread" daemon [_thread_blocked, id=23180, stack(0x0000003435300000,0x0000003435400000)]
  0x00000162fed0f800 JavaThread "C1 CompilerThread0" daemon [_thread_blocked, id=32300, stack(0x0000003435400000,0x0000003435500000)]
  0x00000162fed10800 JavaThread "Sweeper thread" daemon [_thread_blocked, id=18388, stack(0x0000003435500000,0x0000003435600000)]
  0x00000162fec2c800 JavaThread "Common-Cleaner" daemon [_thread_blocked, id=23644, stack(0x0000003435600000,0x0000003435700000)]
  0x00000162ff786000 JavaThread "JDWP Transport Listener: dt_socket" daemon [_thread_blocked, id=29452, stack(0x0000003435700000,0x0000003435800000)]
  0x00000162ff7a5000 JavaThread "JDWP Event Helper Thread" daemon [_thread_blocked, id=33016, stack(0x0000003435800000,0x0000003435900000)]
  0x00000162ff7a6000 JavaThread "JDWP Command Reader" daemon [_thread_in_native, id=9016, stack(0x0000003435900000,0x0000003435a00000)]
  0x00000162a749f800 JavaThread "RMI TCP Accept-0" daemon [_thread_in_native, id=20144, stack(0x0000003435a00000,0x0000003435b00000)]
  0x00000162a7858000 JavaThread "RMI Scheduler(0)" daemon [_thread_blocked, id=25824, stack(0x0000003436900000,0x0000003436a00000)]
  0x00000162a93ff000 JavaThread "com.alibaba.nacos.client.identify.watcher.0" daemon [_thread_blocked, id=32928, stack(0x0000003437000000,0x0000003437100000)]
  0x00000162a9441800 JavaThread "com.alibaba.nacos.client.config.security.updater" daemon [_thread_blocked, id=6432, stack(0x0000003437200000,0x0000003437300000)]
  0x00000162a9445000 JavaThread "com.alibaba.nacos.client.Worker.fixed-192.168.150.101_8848-ecae68ba-7b43-4473-a980-4ddeb6157bdc" daemon [_thread_blocked, id=11136, stack(0x0000003437300000,0x0000003437400000)]
  0x00000162a9442800 JavaThread "fileListener_3_1" daemon [_thread_blocked, id=24360, stack(0x0000003436c00000,0x0000003436d00000)]
  0x00000162a9443800 JavaThread "timeoutChecker_1_1" daemon [_thread_blocked, id=10632, stack(0x0000003436d00000,0x0000003436e00000)]
  0x00000162a943f000 JavaThread "com.alibaba.nacos.client.naming.updater" daemon [_thread_blocked, id=19184, stack(0x0000003437100000,0x0000003437200000)]
  0x00000162a9446000 JavaThread "com.alibaba.nacos.client.naming.updater" daemon [_thread_blocked, id=26292, stack(0x0000003437400000,0x0000003437500000)]
  0x00000162a9441000 JavaThread "com.alibaba.nacos.naming.failover" daemon [_thread_blocked, id=28612, stack(0x0000003437500000,0x0000003437600000)]
  0x00000162a9440000 JavaThread "com.alibaba.nacos.naming.push.receiver" daemon [_thread_in_native, id=24508, stack(0x0000003437600000,0x0000003437700000)]
  0x00000162a9ee9000 JavaThread "nacos.publisher-com.alibaba.nacos.common.notify.SlowEvent" daemon [_thread_blocked, id=35392, stack(0x0000003437700000,0x0000003437800000)]
  0x00000162a9ee8000 JavaThread "nacos.publisher-com.alibaba.nacos.client.naming.event.InstancesChangeEvent" daemon [_thread_blocked, id=36792, stack(0x0000003437800000,0x0000003437900000)]
  0x00000162a9ee9800 JavaThread "com.alibaba.nacos.client.naming.updater" daemon [_thread_blocked, id=35812, stack(0x0000003437900000,0x0000003437a00000)]
  0x00000162a9eeb800 JavaThread "com.alibaba.nacos.client.naming.updater" daemon [_thread_blocked, id=27064, stack(0x0000003437a00000,0x0000003437b00000)]
  0x00000162a9eec000 JavaThread "NettyClientSelector_TMROLE_1_1" daemon [_thread_in_native, id=34648, stack(0x0000003437b00000,0x0000003437c00000)]
  0x00000162a9ee7800 JavaThread "AsyncWorker_1_1_2" daemon [_thread_blocked, id=28112, stack(0x0000003437c00000,0x0000003437d00000)]
  0x00000162a9ee6800 JavaThread "xaTwoPhaseTimeoutChecker_1_1" daemon [_thread_blocked, id=21688, stack(0x0000003437d00000,0x0000003437e00000)]
  0x00000162a9eed000 JavaThread "AsyncWorker_1_2_2" daemon [_thread_blocked, id=23496, stack(0x0000003437e00000,0x0000003437f00000)]
  0x00000162a9eef800 JavaThread "timeoutChecker_2_1" daemon [_thread_blocked, id=12412, stack(0x0000003437f00000,0x0000003438000000)]
  0x00000162a9eee800 JavaThread "rpcMergeMessageSend_RMROLE_1_1" daemon [_thread_blocked, id=10804, stack(0x0000003438000000,0x0000003438100000)]
  0x00000162a9eee000 JavaThread "Catalina-utility-1" [_thread_blocked, id=24368, stack(0x0000003438100000,0x0000003438200000)]
  0x00000162a9ef0800 JavaThread "Catalina-utility-2" [_thread_blocked, id=13576, stack(0x0000003438200000,0x0000003438300000)]
  0x00000162a9eea800 JavaThread "container-0" [_thread_blocked, id=35520, stack(0x0000003438300000,0x0000003438400000)]
  0x00000162a9ef4800 JavaThread "RMI TCP Connection(idle)" daemon [_thread_blocked, id=4248, stack(0x0000003438400000,0x0000003438500000)]
  0x00000162a9ef5000 JavaThread "Thread-15" daemon [_thread_in_native, id=17096, stack(0x0000003438500000,0x0000003438600000)]
  0x00000162a9ef1000 JavaThread "lettuce-timer-3-1" daemon [_thread_blocked, id=17352, stack(0x0000003438600000,0x0000003438700000)]
  0x00000162a9ef2000 JavaThread "spring.cloud.inetutils" daemon [_thread_blocked, id=13024, stack(0x0000003438700000,0x0000003438800000)]
  0x00000162a9ef3800 JavaThread "com.alibaba.nacos.client.naming.updater" daemon [_thread_blocked, id=24732, stack(0x0000003438800000,0x0000003438900000)]
  0x00000162a9ef2800 JavaThread "com.alibaba.nacos.client.naming.updater" daemon [_thread_blocked, id=33972, stack(0x0000003438900000,0x0000003438a00000)]
  0x00000162ac17a000 JavaThread "com.alibaba.nacos.naming.failover" daemon [_thread_blocked, id=22360, stack(0x0000003438a00000,0x0000003438b00000)]
  0x00000162ac17a800 JavaThread "com.alibaba.nacos.naming.push.receiver" daemon [_thread_in_native, id=36700, stack(0x0000003438b00000,0x0000003438c00000)]
  0x00000162ac17b800 JavaThread "com.alibaba.nacos.client.naming.updater" daemon [_thread_blocked, id=1016, stack(0x0000003438c00000,0x0000003438d00000)]
  0x00000162ac178800 JavaThread "Nacos-Watch-Task-Scheduler-1" [_thread_blocked, id=10328, stack(0x0000003438d00000,0x0000003438e00000)]
  0x00000162ac17e000 JavaThread "http-nio-18090-exec-1" daemon [_thread_blocked, id=16044, stack(0x0000003438e00000,0x0000003438f00000)]
  0x00000162ac17c800 JavaThread "http-nio-18090-exec-2" daemon [_thread_blocked, id=14016, stack(0x0000003438f00000,0x0000003439000000)]
  0x00000162ac17d000 JavaThread "http-nio-18090-exec-3" daemon [_thread_blocked, id=23940, stack(0x0000003439000000,0x0000003439100000)]
  0x00000162ac17f000 JavaThread "http-nio-18090-exec-4" daemon [_thread_blocked, id=34856, stack(0x0000003439100000,0x0000003439200000)]
  0x00000162ac179000 JavaThread "http-nio-18090-exec-5" daemon [_thread_blocked, id=25404, stack(0x0000003439200000,0x0000003439300000)]
  0x00000162ac183800 JavaThread "http-nio-18090-exec-6" daemon [_thread_blocked, id=36800, stack(0x0000003439300000,0x0000003439400000)]
  0x00000162ac180800 JavaThread "http-nio-18090-exec-7" daemon [_thread_blocked, id=30204, stack(0x0000003439400000,0x0000003439500000)]
  0x00000162ac17f800 JavaThread "http-nio-18090-exec-8" daemon [_thread_blocked, id=26408, stack(0x0000003439500000,0x0000003439600000)]
  0x00000162ac186000 JavaThread "http-nio-18090-exec-9" daemon [_thread_blocked, id=5068, stack(0x0000003439600000,0x0000003439700000)]
  0x00000162ac184800 JavaThread "http-nio-18090-exec-10" daemon [_thread_blocked, id=35048, stack(0x0000003439700000,0x0000003439800000)]
  0x00000162ac183000 JavaThread "http-nio-18090-exec-11" daemon [_thread_blocked, id=25768, stack(0x0000003439800000,0x0000003439900000)]
  0x00000162ac185800 JavaThread "http-nio-18090-exec-12" daemon [_thread_blocked, id=36588, stack(0x0000003439900000,0x0000003439a00000)]
  0x00000162ac187000 JavaThread "http-nio-18090-exec-13" daemon [_thread_blocked, id=15048, stack(0x0000003439a00000,0x0000003439b00000)]
  0x00000162ac181800 JavaThread "http-nio-18090-exec-14" daemon [_thread_blocked, id=35128, stack(0x0000003439b00000,0x0000003439c00000)]
  0x00000162ac182000 JavaThread "http-nio-18090-exec-15" daemon [_thread_blocked, id=6540, stack(0x0000003439c00000,0x0000003439d00000)]
  0x00000162ac1cb800 JavaThread "http-nio-18090-exec-16" daemon [_thread_blocked, id=26392, stack(0x0000003439d00000,0x0000003439e00000)]
  0x00000162ac1cb000 JavaThread "http-nio-18090-exec-17" daemon [_thread_blocked, id=28748, stack(0x0000003439e00000,0x0000003439f00000)]
  0x00000162ac1c8800 JavaThread "http-nio-18090-exec-18" daemon [_thread_blocked, id=28220, stack(0x0000003439f00000,0x000000343a000000)]
  0x00000162ac1ce000 JavaThread "http-nio-18090-exec-19" daemon [_thread_blocked, id=30956, stack(0x000000343a000000,0x000000343a100000)]
  0x00000162ac1cc800 JavaThread "http-nio-18090-exec-20" daemon [_thread_blocked, id=33128, stack(0x000000343a100000,0x000000343a200000)]
  0x00000162ac1cd800 JavaThread "http-nio-18090-exec-21" daemon [_thread_blocked, id=896, stack(0x000000343a200000,0x000000343a300000)]
  0x00000162ac1cf000 JavaThread "http-nio-18090-exec-22" daemon [_thread_blocked, id=32584, stack(0x000000343a300000,0x000000343a400000)]
  0x00000162ac1c9000 JavaThread "http-nio-18090-exec-23" daemon [_thread_blocked, id=23664, stack(0x000000343a400000,0x000000343a500000)]
  0x00000162ac1cf800 JavaThread "http-nio-18090-exec-24" daemon [_thread_blocked, id=36052, stack(0x000000343a500000,0x000000343a600000)]
  0x00000162ac1ca000 JavaThread "http-nio-18090-exec-25" daemon [_thread_blocked, id=6588, stack(0x000000343a600000,0x000000343a700000)]
  0x00000162ac1d0800 JavaThread "http-nio-18090-exec-26" daemon [_thread_blocked, id=13188, stack(0x000000343a700000,0x000000343a800000)]
  0x00000162ac1d5800 JavaThread "http-nio-18090-exec-27" daemon [_thread_blocked, id=25032, stack(0x000000343a800000,0x000000343a900000)]
  0x00000162ac1d1800 JavaThread "http-nio-18090-exec-28" daemon [_thread_blocked, id=8188, stack(0x000000343a900000,0x000000343aa00000)]
  0x00000162ac1d4000 JavaThread "http-nio-18090-exec-29" daemon [_thread_blocked, id=19552, stack(0x000000343aa00000,0x000000343ab00000)]
  0x00000162ac1d2000 JavaThread "http-nio-18090-exec-30" daemon [_thread_blocked, id=11620, stack(0x000000343ab00000,0x000000343ac00000)]
  0x00000162ac1d7000 JavaThread "http-nio-18090-Poller" daemon [_thread_in_native, id=24948, stack(0x000000343ac00000,0x000000343ad00000)]
  0x00000162ac1d3000 JavaThread "http-nio-18090-Acceptor" daemon [_thread_in_native, id=17800, stack(0x000000343ad00000,0x000000343ae00000)]
  0x00000162ac1d4800 JavaThread "com.alibaba.nacos.naming.beat.sender" daemon [_thread_blocked, id=25592, stack(0x000000343ae00000,0x000000343af00000)]
  0x00000162ac1d6000 JavaThread "com.alibaba.nacos.client.naming.updater" daemon [_thread_blocked, id=14928, stack(0x000000343af00000,0x000000343b000000)]
  0x00000162ac256800 JavaThread "com.alibaba.nacos.client.naming.updater" daemon [_thread_blocked, id=17460, stack(0x000000343b000000,0x000000343b100000)]
  0x00000162ac257800 JavaThread "DestroyJavaVM" [_thread_blocked, id=34636, stack(0x0000003434800000,0x0000003434900000)]
  0x00000162ac255000 JavaThread "com.alibaba.nacos.client.Worker.longPolling.fixed-192.168.150.101_8848-ecae68ba-7b43-4473-a980-4ddeb6157bdc" daemon [_thread_blocked, id=9316, stack(0x000000343b100000,0x000000343b200000)]
  0x00000162ac258000 JavaThread "com.alibaba.nacos.client.Worker.longPolling.fixed-192.168.150.101_8848-ecae68ba-7b43-4473-a980-4ddeb6157bdc" daemon [_thread_blocked, id=12408, stack(0x000000343b200000,0x000000343b300000)]
  0x00000162ac255800 JavaThread "Keep-Alive-Timer" daemon [_thread_blocked, id=35292, stack(0x000000343b600000,0x000000343b700000)]
  0x00000162ac253000 JavaThread "com.alibaba.nacos.naming.beat.sender" daemon [_thread_blocked, id=8096, stack(0x000000343b700000,0x000000343b800000)]
  0x00000162ac25d000 JavaThread "com.alibaba.nacos.naming.beat.sender" daemon [_thread_blocked, id=19256, stack(0x000000343b800000,0x000000343b900000)]
  0x00000162ac25f800 JavaThread "com.alibaba.nacos.client.naming.updater" daemon [_thread_blocked, id=24128, stack(0x000000343b900000,0x000000343ba00000)]
  0x00000162ac25a800 JavaThread "com.alibaba.nacos.client.naming.updater" daemon [_thread_blocked, id=34364, stack(0x000000343ba00000,0x000000343bb00000)]
  0x00000162ac259800 JavaThread "com.alibaba.nacos.naming.beat.sender" daemon [_thread_blocked, id=12168, stack(0x000000343bb00000,0x000000343bc00000)]
  0x00000162ac25b800 JavaThread "com.alibaba.nacos.naming.beat.sender" daemon [_thread_blocked, id=26900, stack(0x000000343bc00000,0x000000343bd00000)]
  0x00000162ac260000 JavaThread "com.alibaba.nacos.client.naming.updater" daemon [_thread_blocked, id=21672, stack(0x000000343bd00000,0x000000343be00000)]
  0x00000162ac25e000 JavaThread "com.alibaba.nacos.client.naming.updater" daemon [_thread_blocked, id=21336, stack(0x000000343be00000,0x000000343bf00000)]
  0x00000162ac25e800 JavaThread "com.alibaba.nacos.naming.beat.sender" daemon [_thread_blocked, id=35900, stack(0x000000343bf00000,0x000000343c000000)]
  0x00000162ac261000 JavaThread "com.alibaba.nacos.naming.beat.sender" daemon [_thread_blocked, id=32444, stack(0x000000343c000000,0x000000343c100000)]
  0x00000162ac262000 JavaThread "com.alibaba.nacos.client.naming.updater" daemon [_thread_blocked, id=21456, stack(0x000000343c100000,0x000000343c200000)]
  0x00000162ac25c000 JavaThread "com.alibaba.nacos.client.naming.updater" daemon [_thread_blocked, id=7604, stack(0x000000343c200000,0x000000343c300000)]
  0x00000162a9444000 JavaThread "com.alibaba.nacos.client.Worker.longPolling.fixed-192.168.150.101_8848-ecae68ba-7b43-4473-a980-4ddeb6157bdc" daemon [_thread_in_native, id=29984, stack(0x000000343c300000,0x000000343c400000)]
  0x00000162a74a5800 JavaThread "com.alibaba.nacos.naming.beat.sender" daemon [_thread_blocked, id=19020, stack(0x0000003434500000,0x0000003434600000)]
  0x00000162a74a7000 JavaThread "com.alibaba.nacos.client.naming.updater" daemon [_thread_blocked, id=27660, stack(0x0000003434600000,0x0000003434700000)]
  0x00000162a74a1800 JavaThread "com.alibaba.nacos.client.naming.updater" daemon [_thread_blocked, id=28316, stack(0x0000003434700000,0x0000003434800000)]
  0x00000162a74a8000 JavaThread "com.alibaba.nacos.client.naming.updater" daemon [_thread_blocked, id=1932, stack(0x000000343c400000,0x000000343c500000)]
  0x00000162a74a4000 JavaThread "com.alibaba.nacos.client.naming.updater" daemon [_thread_blocked, id=708, stack(0x000000343c500000,0x000000343c600000)]
  0x00000162a74a6800 JavaThread "NettyClientSelector_RMROLE_1_1" daemon [_thread_in_native, id=11216, stack(0x000000343c600000,0x000000343c700000)]
  0x00000162a74a4800 JavaThread "com.alibaba.nacos.client.naming.updater" daemon [_thread_blocked, id=2928, stack(0x000000343c700000,0x000000343c800000)]
  0x00000162a74a2800 JavaThread "com.alibaba.nacos.client.Worker.longPolling.fixed-192.168.150.101_8848-ecae68ba-7b43-4473-a980-4ddeb6157bdc" daemon [_thread_blocked, id=30528, stack(0x000000343c800000,0x000000343c900000)]
  0x00000162a74a3000 JavaThread "com.alibaba.nacos.client.Worker.longPolling.fixed-192.168.150.101_8848-ecae68ba-7b43-4473-a980-4ddeb6157bdc" daemon [_thread_blocked, id=9916, stack(0x0000003436800000,0x0000003436900000)]

Other Threads:
=>0x00000162fec6c800 VMThread "VM Thread" [stack: 0x0000003434e00000,0x0000003434f00000] [id=26208] _threads_hazard_ptr=0x00000162fedb72b0
  0x00000162a74ba000 WatcherThread [stack: 0x0000003435b00000,0x0000003435c00000] [id=15148]
  0x00000162ef0fb000 GCTaskThread "GC Thread#0" [stack: 0x0000003434900000,0x0000003434a00000] [id=5844]
  0x00000162a75b6800 GCTaskThread "GC Thread#1" [stack: 0x0000003435c00000,0x0000003435d00000] [id=28512]
  0x00000162a75b7800 GCTaskThread "GC Thread#2" [stack: 0x0000003435d00000,0x0000003435e00000] [id=30120]
  0x00000162a75b8000 GCTaskThread "GC Thread#3" [stack: 0x0000003435e00000,0x0000003435f00000] [id=25424]
  0x00000162a75a7000 GCTaskThread "GC Thread#4" [stack: 0x0000003435f00000,0x0000003436000000] [id=4244]
  0x00000162a75b9000 GCTaskThread "GC Thread#5" [stack: 0x0000003436000000,0x0000003436100000] [id=21696]
  0x00000162a75b9800 GCTaskThread "GC Thread#6" [stack: 0x0000003436100000,0x0000003436200000] [id=19672]
  0x00000162a75ba800 GCTaskThread "GC Thread#7" [stack: 0x0000003436200000,0x0000003436300000] [id=904]
  0x00000162a75d7000 GCTaskThread "GC Thread#8" [stack: 0x0000003436300000,0x0000003436400000] [id=22820]
  0x00000162a75bb000 GCTaskThread "GC Thread#9" [stack: 0x0000003436400000,0x0000003436500000] [id=24672]
  0x00000162a75bc000 GCTaskThread "GC Thread#10" [stack: 0x0000003436500000,0x0000003436600000] [id=24712]
  0x00000162a75bc800 GCTaskThread "GC Thread#11" [stack: 0x0000003436600000,0x0000003436700000] [id=8]
  0x00000162a75bd000 GCTaskThread "GC Thread#12" [stack: 0x0000003436700000,0x0000003436800000] [id=31588]
  0x00000162ef154800 ConcurrentGCThread "G1 Main Marker" [stack: 0x0000003434a00000,0x0000003434b00000] [id=9584]
  0x00000162ef155800 ConcurrentGCThread "G1 Conc#0" [stack: 0x0000003434b00000,0x0000003434c00000] [id=31816]
  0x00000162a7970800 ConcurrentGCThread "G1 Conc#1" [stack: 0x0000003436a00000,0x0000003436b00000] [id=27076]
  0x00000162a7983800 ConcurrentGCThread "G1 Conc#2" [stack: 0x0000003436b00000,0x0000003436c00000] [id=23128]
  0x00000162f721c800 ConcurrentGCThread "G1 Refine#0" [stack: 0x0000003434c00000,0x0000003434d00000] [id=31964]
  0x00000162f721d800 ConcurrentGCThread "G1 Young RemSet Sampling" [stack: 0x0000003434d00000,0x0000003434e00000] [id=25576]

Threads with active compile tasks:
C1 CompilerThread0   127910 8335  s    1       sun.net.www.MessageHeader::remove (196 bytes)

VM state:at safepoint (normal execution)

VM Mutex/Monitor currently owned by a thread:  ([mutex/lock_event])
[0x00000162ef0def70] Threads_lock - owner thread: 0x00000162fec6c800

Heap address: 0x0000000505400000, size: 12204 MB, Compressed Oops mode: Zero based, Oop shift amount: 3
Narrow klass base: 0x0000000800000000, Narrow klass shift: 0
Compressed class space size: 1073741824 Address: 0x0000000800000000

Heap:
 garbage-first heap   total 782336K, used 282996K [0x0000000505400000, 0x0000000800000000)
  region size 2048K, 134 young (274432K), 12 survivors (24576K)
 Metaspace       used 66603K, capacity 69190K, committed 69424K, reserved 1110016K
  class space    used 8538K, capacity 9518K, committed 9600K, reserved 1048576K
Heap Regions: E=young(eden), S=young(survivor), O=old, HS=humongous(starts), HC=humongous(continues), CS=collection set, F=free, A=archive, TAMS=top-at-mark-start (previous, next)
|   0|0x0000000505400000, 0x0000000505600000, 0x0000000505600000|100%| O|  |TAMS 0x0000000505600000, 0x0000000505400000| Untracked 
|   1|0x0000000505600000, 0x0000000505800000, 0x0000000505800000|100%| O|  |TAMS 0x0000000505800000, 0x0000000505600000| Untracked 
|   2|0x0000000505800000, 0x0000000505a00000, 0x0000000505a00000|100%| O|  |TAMS 0x0000000505a00000, 0x0000000505800000| Untracked 
|   3|0x0000000505a00000, 0x0000000505c00000, 0x0000000505c00000|100%| O|  |TAMS 0x0000000505c00000, 0x0000000505a00000| Untracked 
|   4|0x0000000505c00000, 0x0000000505e00000, 0x0000000505e00000|100%| O|  |TAMS 0x0000000505e00000, 0x0000000505c00000| Untracked 
|   5|0x0000000505e00000, 0x0000000505f17c00, 0x0000000506000000| 54%| O|  |TAMS 0x0000000505f17c00, 0x0000000505e00000| Untracked 
|   6|0x0000000506000000, 0x0000000506000000, 0x0000000506200000|  0%| F|  |TAMS 0x0000000506000000, 0x0000000506000000| Untracked 
|   7|0x0000000506200000, 0x0000000506200000, 0x0000000506400000|  0%| F|  |TAMS 0x0000000506200000, 0x0000000506200000| Untracked 
|   8|0x0000000506400000, 0x0000000506400000, 0x0000000506600000|  0%| F|  |TAMS 0x0000000506400000, 0x0000000506400000| Untracked 
|   9|0x0000000506600000, 0x0000000506600000, 0x0000000506800000|  0%| F|  |TAMS 0x0000000506600000, 0x0000000506600000| Untracked 
|  10|0x0000000506800000, 0x0000000506800000, 0x0000000506a00000|  0%| F|  |TAMS 0x0000000506800000, 0x0000000506800000| Untracked 
|  11|0x0000000506a00000, 0x0000000506a00000, 0x0000000506c00000|  0%| F|  |TAMS 0x0000000506a00000, 0x0000000506a00000| Untracked 
|  12|0x0000000506c00000, 0x0000000506c00000, 0x0000000506e00000|  0%| F|  |TAMS 0x0000000506c00000, 0x0000000506c00000| Untracked 
|  13|0x0000000506e00000, 0x0000000506e00000, 0x0000000507000000|  0%| F|  |TAMS 0x0000000506e00000, 0x0000000506e00000| Untracked 
|  14|0x0000000507000000, 0x0000000507000000, 0x0000000507200000|  0%| F|  |TAMS 0x0000000507000000, 0x0000000507000000| Untracked 
|  15|0x0000000507200000, 0x0000000507200000, 0x0000000507400000|  0%| F|  |TAMS 0x0000000507200000, 0x0000000507200000| Untracked 
|  16|0x0000000507400000, 0x0000000507400000, 0x0000000507600000|  0%| F|  |TAMS 0x0000000507400000, 0x0000000507400000| Untracked 
|  17|0x0000000507600000, 0x0000000507600000, 0x0000000507800000|  0%| F|  |TAMS 0x0000000507600000, 0x0000000507600000| Untracked 
|  18|0x0000000507800000, 0x0000000507800000, 0x0000000507a00000|  0%| F|  |TAMS 0x0000000507800000, 0x0000000507800000| Untracked 
|  19|0x0000000507a00000, 0x0000000507a00000, 0x0000000507c00000|  0%| F|  |TAMS 0x0000000507a00000, 0x0000000507a00000| Untracked 
|  20|0x0000000507c00000, 0x0000000507c00000, 0x0000000507e00000|  0%| F|  |TAMS 0x0000000507c00000, 0x0000000507c00000| Untracked 
|  21|0x0000000507e00000, 0x0000000507e00000, 0x0000000508000000|  0%| F|  |TAMS 0x0000000507e00000, 0x0000000507e00000| Untracked 
|  22|0x0000000508000000, 0x0000000508000000, 0x0000000508200000|  0%| F|  |TAMS 0x0000000508000000, 0x0000000508000000| Untracked 
|  23|0x0000000508200000, 0x0000000508200000, 0x0000000508400000|  0%| F|  |TAMS 0x0000000508200000, 0x0000000508200000| Untracked 
|  24|0x0000000508400000, 0x0000000508400000, 0x0000000508600000|  0%| F|  |TAMS 0x0000000508400000, 0x0000000508400000| Untracked 
|  25|0x0000000508600000, 0x0000000508600000, 0x0000000508800000|  0%| F|  |TAMS 0x0000000508600000, 0x0000000508600000| Untracked 
|  26|0x0000000508800000, 0x0000000508800000, 0x0000000508a00000|  0%| F|  |TAMS 0x0000000508800000, 0x0000000508800000| Untracked 
|  27|0x0000000508a00000, 0x0000000508a00000, 0x0000000508c00000|  0%| F|  |TAMS 0x0000000508a00000, 0x0000000508a00000| Untracked 
|  28|0x0000000508c00000, 0x0000000508c00000, 0x0000000508e00000|  0%| F|  |TAMS 0x0000000508c00000, 0x0000000508c00000| Untracked 
|  29|0x0000000508e00000, 0x0000000508e00000, 0x0000000509000000|  0%| F|  |TAMS 0x0000000508e00000, 0x0000000508e00000| Untracked 
|  30|0x0000000509000000, 0x0000000509000000, 0x0000000509200000|  0%| F|  |TAMS 0x0000000509000000, 0x0000000509000000| Untracked 
|  31|0x0000000509200000, 0x0000000509200000, 0x0000000509400000|  0%| F|  |TAMS 0x0000000509200000, 0x0000000509200000| Untracked 
|  32|0x0000000509400000, 0x0000000509400000, 0x0000000509600000|  0%| F|  |TAMS 0x0000000509400000, 0x0000000509400000| Untracked 
|  33|0x0000000509600000, 0x0000000509600000, 0x0000000509800000|  0%| F|  |TAMS 0x0000000509600000, 0x0000000509600000| Untracked 
|  34|0x0000000509800000, 0x0000000509800000, 0x0000000509a00000|  0%| F|  |TAMS 0x0000000509800000, 0x0000000509800000| Untracked 
|  35|0x0000000509a00000, 0x0000000509a00000, 0x0000000509c00000|  0%| F|  |TAMS 0x0000000509a00000, 0x0000000509a00000| Untracked 
|  36|0x0000000509c00000, 0x0000000509c00000, 0x0000000509e00000|  0%| F|  |TAMS 0x0000000509c00000, 0x0000000509c00000| Untracked 
|  37|0x0000000509e00000, 0x0000000509e00000, 0x000000050a000000|  0%| F|  |TAMS 0x0000000509e00000, 0x0000000509e00000| Untracked 
|  38|0x000000050a000000, 0x000000050a000000, 0x000000050a200000|  0%| F|  |TAMS 0x000000050a000000, 0x000000050a000000| Untracked 
|  39|0x000000050a200000, 0x000000050a200000, 0x000000050a400000|  0%| F|  |TAMS 0x000000050a200000, 0x000000050a200000| Untracked 
|  40|0x000000050a400000, 0x000000050a400000, 0x000000050a600000|  0%| F|  |TAMS 0x000000050a400000, 0x000000050a400000| Untracked 
|  41|0x000000050a600000, 0x000000050a600000, 0x000000050a800000|  0%| F|  |TAMS 0x000000050a600000, 0x000000050a600000| Untracked 
|  42|0x000000050a800000, 0x000000050a800000, 0x000000050aa00000|  0%| F|  |TAMS 0x000000050a800000, 0x000000050a800000| Untracked 
|  43|0x000000050aa00000, 0x000000050aa00000, 0x000000050ac00000|  0%| F|  |TAMS 0x000000050aa00000, 0x000000050aa00000| Untracked 
|  44|0x000000050ac00000, 0x000000050ac00000, 0x000000050ae00000|  0%| F|  |TAMS 0x000000050ac00000, 0x000000050ac00000| Untracked 
|  45|0x000000050ae00000, 0x000000050ae00000, 0x000000050b000000|  0%| F|  |TAMS 0x000000050ae00000, 0x000000050ae00000| Untracked 
|  46|0x000000050b000000, 0x000000050b000000, 0x000000050b200000|  0%| F|  |TAMS 0x000000050b000000, 0x000000050b000000| Untracked 
|  47|0x000000050b200000, 0x000000050b200000, 0x000000050b400000|  0%| F|  |TAMS 0x000000050b200000, 0x000000050b200000| Untracked 
|  48|0x000000050b400000, 0x000000050b400000, 0x000000050b600000|  0%| F|  |TAMS 0x000000050b400000, 0x000000050b400000| Untracked 
|  49|0x000000050b600000, 0x000000050b600000, 0x000000050b800000|  0%| F|  |TAMS 0x000000050b600000, 0x000000050b600000| Untracked 
|  50|0x000000050b800000, 0x000000050b800000, 0x000000050ba00000|  0%| F|  |TAMS 0x000000050b800000, 0x000000050b800000| Untracked 
|  51|0x000000050ba00000, 0x000000050ba00000, 0x000000050bc00000|  0%| F|  |TAMS 0x000000050ba00000, 0x000000050ba00000| Untracked 
|  52|0x000000050bc00000, 0x000000050bc00000, 0x000000050be00000|  0%| F|  |TAMS 0x000000050bc00000, 0x000000050bc00000| Untracked 
|  53|0x000000050be00000, 0x000000050be00000, 0x000000050c000000|  0%| F|  |TAMS 0x000000050be00000, 0x000000050be00000| Untracked 
|  54|0x000000050c000000, 0x000000050c000000, 0x000000050c200000|  0%| F|  |TAMS 0x000000050c000000, 0x000000050c000000| Untracked 
|  55|0x000000050c200000, 0x000000050c200000, 0x000000050c400000|  0%| F|  |TAMS 0x000000050c200000, 0x000000050c200000| Untracked 
|  56|0x000000050c400000, 0x000000050c400000, 0x000000050c600000|  0%| F|  |TAMS 0x000000050c400000, 0x000000050c400000| Untracked 
|  57|0x000000050c600000, 0x000000050c600000, 0x000000050c800000|  0%| F|  |TAMS 0x000000050c600000, 0x000000050c600000| Untracked 
|  58|0x000000050c800000, 0x000000050c800000, 0x000000050ca00000|  0%| F|  |TAMS 0x000000050c800000, 0x000000050c800000| Untracked 
|  59|0x000000050ca00000, 0x000000050ca00000, 0x000000050cc00000|  0%| F|  |TAMS 0x000000050ca00000, 0x000000050ca00000| Untracked 
|  60|0x000000050cc00000, 0x000000050cc00000, 0x000000050ce00000|  0%| F|  |TAMS 0x000000050cc00000, 0x000000050cc00000| Untracked 
|  61|0x000000050ce00000, 0x000000050ce00000, 0x000000050d000000|  0%| F|  |TAMS 0x000000050ce00000, 0x000000050ce00000| Untracked 
|  62|0x000000050d000000, 0x000000050d000000, 0x000000050d200000|  0%| F|  |TAMS 0x000000050d000000, 0x000000050d000000| Untracked 
|  63|0x000000050d200000, 0x000000050d200000, 0x000000050d400000|  0%| F|  |TAMS 0x000000050d200000, 0x000000050d200000| Untracked 
|  64|0x000000050d400000, 0x000000050d400000, 0x000000050d600000|  0%| F|  |TAMS 0x000000050d400000, 0x000000050d400000| Untracked 
|  65|0x000000050d600000, 0x000000050d600000, 0x000000050d800000|  0%| F|  |TAMS 0x000000050d600000, 0x000000050d600000| Untracked 
|  66|0x000000050d800000, 0x000000050d800000, 0x000000050da00000|  0%| F|  |TAMS 0x000000050d800000, 0x000000050d800000| Untracked 
|  67|0x000000050da00000, 0x000000050da00000, 0x000000050dc00000|  0%| F|  |TAMS 0x000000050da00000, 0x000000050da00000| Untracked 
|  68|0x000000050dc00000, 0x000000050dc00000, 0x000000050de00000|  0%| F|  |TAMS 0x000000050dc00000, 0x000000050dc00000| Untracked 
|  69|0x000000050de00000, 0x000000050de00000, 0x000000050e000000|  0%| F|  |TAMS 0x000000050de00000, 0x000000050de00000| Untracked 
|  70|0x000000050e000000, 0x000000050e000000, 0x000000050e200000|  0%| F|  |TAMS 0x000000050e000000, 0x000000050e000000| Untracked 
|  71|0x000000050e200000, 0x000000050e200000, 0x000000050e400000|  0%| F|  |TAMS 0x000000050e200000, 0x000000050e200000| Untracked 
|  72|0x000000050e400000, 0x000000050e400000, 0x000000050e600000|  0%| F|  |TAMS 0x000000050e400000, 0x000000050e400000| Untracked 
|  73|0x000000050e600000, 0x000000050e600000, 0x000000050e800000|  0%| F|  |TAMS 0x000000050e600000, 0x000000050e600000| Untracked 
|  74|0x000000050e800000, 0x000000050e800000, 0x000000050ea00000|  0%| F|  |TAMS 0x000000050e800000, 0x000000050e800000| Untracked 
|  75|0x000000050ea00000, 0x000000050ea00000, 0x000000050ec00000|  0%| F|  |TAMS 0x000000050ea00000, 0x000000050ea00000| Untracked 
|  76|0x000000050ec00000, 0x000000050ec00000, 0x000000050ee00000|  0%| F|  |TAMS 0x000000050ec00000, 0x000000050ec00000| Untracked 
|  77|0x000000050ee00000, 0x000000050ee00000, 0x000000050f000000|  0%| F|  |TAMS 0x000000050ee00000, 0x000000050ee00000| Untracked 
|  78|0x000000050f000000, 0x000000050f000000, 0x000000050f200000|  0%| F|  |TAMS 0x000000050f000000, 0x000000050f000000| Untracked 
|  79|0x000000050f200000, 0x000000050f200000, 0x000000050f400000|  0%| F|  |TAMS 0x000000050f200000, 0x000000050f200000| Untracked 
|  80|0x000000050f400000, 0x000000050f400000, 0x000000050f600000|  0%| F|  |TAMS 0x000000050f400000, 0x000000050f400000| Untracked 
|  81|0x000000050f600000, 0x000000050f600000, 0x000000050f800000|  0%| F|  |TAMS 0x000000050f600000, 0x000000050f600000| Untracked 
|  82|0x000000050f800000, 0x000000050f800000, 0x000000050fa00000|  0%| F|  |TAMS 0x000000050f800000, 0x000000050f800000| Untracked 
|  83|0x000000050fa00000, 0x000000050fa00000, 0x000000050fc00000|  0%| F|  |TAMS 0x000000050fa00000, 0x000000050fa00000| Untracked 
|  84|0x000000050fc00000, 0x000000050fc00000, 0x000000050fe00000|  0%| F|  |TAMS 0x000000050fc00000, 0x000000050fc00000| Untracked 
|  85|0x000000050fe00000, 0x000000050fe00000, 0x0000000510000000|  0%| F|  |TAMS 0x000000050fe00000, 0x000000050fe00000| Untracked 
|  86|0x0000000510000000, 0x0000000510000000, 0x0000000510200000|  0%| F|  |TAMS 0x0000000510000000, 0x0000000510000000| Untracked 
|  87|0x0000000510200000, 0x0000000510200000, 0x0000000510400000|  0%| F|  |TAMS 0x0000000510200000, 0x0000000510200000| Untracked 
|  88|0x0000000510400000, 0x0000000510400000, 0x0000000510600000|  0%| F|  |TAMS 0x0000000510400000, 0x0000000510400000| Untracked 
|  89|0x0000000510600000, 0x0000000510600000, 0x0000000510800000|  0%| F|  |TAMS 0x0000000510600000, 0x0000000510600000| Untracked 
|  90|0x0000000510800000, 0x0000000510800000, 0x0000000510a00000|  0%| F|  |TAMS 0x0000000510800000, 0x0000000510800000| Untracked 
|  91|0x0000000510a00000, 0x0000000510a00000, 0x0000000510c00000|  0%| F|  |TAMS 0x0000000510a00000, 0x0000000510a00000| Untracked 
|  92|0x0000000510c00000, 0x0000000510c00000, 0x0000000510e00000|  0%| F|  |TAMS 0x0000000510c00000, 0x0000000510c00000| Untracked 
|  93|0x0000000510e00000, 0x0000000510e00000, 0x0000000511000000|  0%| F|  |TAMS 0x0000000510e00000, 0x0000000510e00000| Untracked 
|  94|0x0000000511000000, 0x0000000511000000, 0x0000000511200000|  0%| F|  |TAMS 0x0000000511000000, 0x0000000511000000| Untracked 
|  95|0x0000000511200000, 0x0000000511200000, 0x0000000511400000|  0%| F|  |TAMS 0x0000000511200000, 0x0000000511200000| Untracked 
|  96|0x0000000511400000, 0x0000000511400000, 0x0000000511600000|  0%| F|  |TAMS 0x0000000511400000, 0x0000000511400000| Untracked 
|  97|0x0000000511600000, 0x0000000511600000, 0x0000000511800000|  0%| F|  |TAMS 0x0000000511600000, 0x0000000511600000| Untracked 
|  98|0x0000000511800000, 0x0000000511800000, 0x0000000511a00000|  0%| F|  |TAMS 0x0000000511800000, 0x0000000511800000| Untracked 
|  99|0x0000000511a00000, 0x0000000511a00000, 0x0000000511c00000|  0%| F|  |TAMS 0x0000000511a00000, 0x0000000511a00000| Untracked 
| 100|0x0000000511c00000, 0x0000000511c00000, 0x0000000511e00000|  0%| F|  |TAMS 0x0000000511c00000, 0x0000000511c00000| Untracked 
| 101|0x0000000511e00000, 0x0000000511e00000, 0x0000000512000000|  0%| F|  |TAMS 0x0000000511e00000, 0x0000000511e00000| Untracked 
| 102|0x0000000512000000, 0x0000000512000000, 0x0000000512200000|  0%| F|  |TAMS 0x0000000512000000, 0x0000000512000000| Untracked 
| 103|0x0000000512200000, 0x0000000512200000, 0x0000000512400000|  0%| F|  |TAMS 0x0000000512200000, 0x0000000512200000| Untracked 
| 104|0x0000000512400000, 0x0000000512400000, 0x0000000512600000|  0%| F|  |TAMS 0x0000000512400000, 0x0000000512400000| Untracked 
| 105|0x0000000512600000, 0x0000000512600000, 0x0000000512800000|  0%| F|  |TAMS 0x0000000512600000, 0x0000000512600000| Untracked 
| 106|0x0000000512800000, 0x0000000512800000, 0x0000000512a00000|  0%| F|  |TAMS 0x0000000512800000, 0x0000000512800000| Untracked 
| 107|0x0000000512a00000, 0x0000000512a00000, 0x0000000512c00000|  0%| F|  |TAMS 0x0000000512a00000, 0x0000000512a00000| Untracked 
| 108|0x0000000512c00000, 0x0000000512c00000, 0x0000000512e00000|  0%| F|  |TAMS 0x0000000512c00000, 0x0000000512c00000| Untracked 
| 109|0x0000000512e00000, 0x0000000512e00000, 0x0000000513000000|  0%| F|  |TAMS 0x0000000512e00000, 0x0000000512e00000| Untracked 
| 110|0x0000000513000000, 0x0000000513000000, 0x0000000513200000|  0%| F|  |TAMS 0x0000000513000000, 0x0000000513000000| Untracked 
| 111|0x0000000513200000, 0x0000000513200000, 0x0000000513400000|  0%| F|  |TAMS 0x0000000513200000, 0x0000000513200000| Untracked 
| 112|0x0000000513400000, 0x0000000513400000, 0x0000000513600000|  0%| F|  |TAMS 0x0000000513400000, 0x0000000513400000| Untracked 
| 113|0x0000000513600000, 0x0000000513600000, 0x0000000513800000|  0%| F|  |TAMS 0x0000000513600000, 0x0000000513600000| Untracked 
| 114|0x0000000513800000, 0x0000000513800000, 0x0000000513a00000|  0%| F|  |TAMS 0x0000000513800000, 0x0000000513800000| Untracked 
| 115|0x0000000513a00000, 0x0000000513a00000, 0x0000000513c00000|  0%| F|  |TAMS 0x0000000513a00000, 0x0000000513a00000| Untracked 
| 116|0x0000000513c00000, 0x0000000513c00000, 0x0000000513e00000|  0%| F|  |TAMS 0x0000000513c00000, 0x0000000513c00000| Untracked 
| 117|0x0000000513e00000, 0x0000000513e00000, 0x0000000514000000|  0%| F|  |TAMS 0x0000000513e00000, 0x0000000513e00000| Untracked 
| 118|0x0000000514000000, 0x0000000514000000, 0x0000000514200000|  0%| F|  |TAMS 0x0000000514000000, 0x0000000514000000| Untracked 
| 119|0x0000000514200000, 0x0000000514200000, 0x0000000514400000|  0%| F|  |TAMS 0x0000000514200000, 0x0000000514200000| Untracked 
| 120|0x0000000514400000, 0x0000000514400000, 0x0000000514600000|  0%| F|  |TAMS 0x0000000514400000, 0x0000000514400000| Untracked 
| 121|0x0000000514600000, 0x0000000514600000, 0x0000000514800000|  0%| F|  |TAMS 0x0000000514600000, 0x0000000514600000| Untracked 
| 122|0x0000000514800000, 0x0000000514800000, 0x0000000514a00000|  0%| F|  |TAMS 0x0000000514800000, 0x0000000514800000| Untracked 
| 123|0x0000000514a00000, 0x0000000514a00000, 0x0000000514c00000|  0%| F|  |TAMS 0x0000000514a00000, 0x0000000514a00000| Untracked 
| 124|0x0000000514c00000, 0x0000000514c00000, 0x0000000514e00000|  0%| F|  |TAMS 0x0000000514c00000, 0x0000000514c00000| Untracked 
| 125|0x0000000514e00000, 0x0000000514e00000, 0x0000000515000000|  0%| F|  |TAMS 0x0000000514e00000, 0x0000000514e00000| Untracked 
| 126|0x0000000515000000, 0x0000000515000000, 0x0000000515200000|  0%| F|  |TAMS 0x0000000515000000, 0x0000000515000000| Untracked 
| 127|0x0000000515200000, 0x0000000515200000, 0x0000000515400000|  0%| F|  |TAMS 0x0000000515200000, 0x0000000515200000| Untracked 
| 128|0x0000000515400000, 0x0000000515400000, 0x0000000515600000|  0%| F|  |TAMS 0x0000000515400000, 0x0000000515400000| Untracked 
| 129|0x0000000515600000, 0x0000000515600000, 0x0000000515800000|  0%| F|  |TAMS 0x0000000515600000, 0x0000000515600000| Untracked 
| 130|0x0000000515800000, 0x0000000515800000, 0x0000000515a00000|  0%| F|  |TAMS 0x0000000515800000, 0x0000000515800000| Untracked 
| 131|0x0000000515a00000, 0x0000000515a00000, 0x0000000515c00000|  0%| F|  |TAMS 0x0000000515a00000, 0x0000000515a00000| Untracked 
| 132|0x0000000515c00000, 0x0000000515c00000, 0x0000000515e00000|  0%| F|  |TAMS 0x0000000515c00000, 0x0000000515c00000| Untracked 
| 133|0x0000000515e00000, 0x0000000515e00000, 0x0000000516000000|  0%| F|  |TAMS 0x0000000515e00000, 0x0000000515e00000| Untracked 
| 134|0x0000000516000000, 0x0000000516000000, 0x0000000516200000|  0%| F|  |TAMS 0x0000000516000000, 0x0000000516000000| Untracked 
| 135|0x0000000516200000, 0x0000000516200000, 0x0000000516400000|  0%| F|  |TAMS 0x0000000516200000, 0x0000000516200000| Untracked 
| 136|0x0000000516400000, 0x0000000516400000, 0x0000000516600000|  0%| F|  |TAMS 0x0000000516400000, 0x0000000516400000| Untracked 
| 137|0x0000000516600000, 0x0000000516600000, 0x0000000516800000|  0%| F|  |TAMS 0x0000000516600000, 0x0000000516600000| Untracked 
| 138|0x0000000516800000, 0x0000000516800000, 0x0000000516a00000|  0%| F|  |TAMS 0x0000000516800000, 0x0000000516800000| Untracked 
| 139|0x0000000516a00000, 0x0000000516a00000, 0x0000000516c00000|  0%| F|  |TAMS 0x0000000516a00000, 0x0000000516a00000| Untracked 
| 140|0x0000000516c00000, 0x0000000516c00000, 0x0000000516e00000|  0%| F|  |TAMS 0x0000000516c00000, 0x0000000516c00000| Untracked 
| 141|0x0000000516e00000, 0x0000000516e00000, 0x0000000517000000|  0%| F|  |TAMS 0x0000000516e00000, 0x0000000516e00000| Untracked 
| 142|0x0000000517000000, 0x0000000517000000, 0x0000000517200000|  0%| F|  |TAMS 0x0000000517000000, 0x0000000517000000| Untracked 
| 143|0x0000000517200000, 0x0000000517200000, 0x0000000517400000|  0%| F|  |TAMS 0x0000000517200000, 0x0000000517200000| Untracked 
| 144|0x0000000517400000, 0x0000000517400000, 0x0000000517600000|  0%| F|  |TAMS 0x0000000517400000, 0x0000000517400000| Untracked 
| 145|0x0000000517600000, 0x0000000517600000, 0x0000000517800000|  0%| F|  |TAMS 0x0000000517600000, 0x0000000517600000| Untracked 
| 146|0x0000000517800000, 0x0000000517800000, 0x0000000517a00000|  0%| F|  |TAMS 0x0000000517800000, 0x0000000517800000| Untracked 
| 147|0x0000000517a00000, 0x0000000517a00000, 0x0000000517c00000|  0%| F|  |TAMS 0x0000000517a00000, 0x0000000517a00000| Untracked 
| 148|0x0000000517c00000, 0x0000000517c00000, 0x0000000517e00000|  0%| F|  |TAMS 0x0000000517c00000, 0x0000000517c00000| Untracked 
| 149|0x0000000517e00000, 0x0000000517e00000, 0x0000000518000000|  0%| F|  |TAMS 0x0000000517e00000, 0x0000000517e00000| Untracked 
| 150|0x0000000518000000, 0x0000000518000000, 0x0000000518200000|  0%| F|  |TAMS 0x0000000518000000, 0x0000000518000000| Untracked 
| 151|0x0000000518200000, 0x0000000518200000, 0x0000000518400000|  0%| F|  |TAMS 0x0000000518200000, 0x0000000518200000| Untracked 
| 152|0x0000000518400000, 0x0000000518400000, 0x0000000518600000|  0%| F|  |TAMS 0x0000000518400000, 0x0000000518400000| Untracked 
| 153|0x0000000518600000, 0x0000000518600000, 0x0000000518800000|  0%| F|  |TAMS 0x0000000518600000, 0x0000000518600000| Untracked 
| 154|0x0000000518800000, 0x0000000518800000, 0x0000000518a00000|  0%| F|  |TAMS 0x0000000518800000, 0x0000000518800000| Untracked 
| 155|0x0000000518a00000, 0x0000000518a00000, 0x0000000518c00000|  0%| F|  |TAMS 0x0000000518a00000, 0x0000000518a00000| Untracked 
| 156|0x0000000518c00000, 0x0000000518c00000, 0x0000000518e00000|  0%| F|  |TAMS 0x0000000518c00000, 0x0000000518c00000| Untracked 
| 157|0x0000000518e00000, 0x0000000518e00000, 0x0000000519000000|  0%| F|  |TAMS 0x0000000518e00000, 0x0000000518e00000| Untracked 
| 158|0x0000000519000000, 0x0000000519000000, 0x0000000519200000|  0%| F|  |TAMS 0x0000000519000000, 0x0000000519000000| Untracked 
| 159|0x0000000519200000, 0x0000000519200000, 0x0000000519400000|  0%| F|  |TAMS 0x0000000519200000, 0x0000000519200000| Untracked 
| 160|0x0000000519400000, 0x0000000519400000, 0x0000000519600000|  0%| F|  |TAMS 0x0000000519400000, 0x0000000519400000| Untracked 
| 161|0x0000000519600000, 0x0000000519600000, 0x0000000519800000|  0%| F|  |TAMS 0x0000000519600000, 0x0000000519600000| Untracked 
| 162|0x0000000519800000, 0x0000000519800000, 0x0000000519a00000|  0%| F|  |TAMS 0x0000000519800000, 0x0000000519800000| Untracked 
| 163|0x0000000519a00000, 0x0000000519a00000, 0x0000000519c00000|  0%| F|  |TAMS 0x0000000519a00000, 0x0000000519a00000| Untracked 
| 164|0x0000000519c00000, 0x0000000519c00000, 0x0000000519e00000|  0%| F|  |TAMS 0x0000000519c00000, 0x0000000519c00000| Untracked 
| 165|0x0000000519e00000, 0x0000000519e00000, 0x000000051a000000|  0%| F|  |TAMS 0x0000000519e00000, 0x0000000519e00000| Untracked 
| 166|0x000000051a000000, 0x000000051a000000, 0x000000051a200000|  0%| F|  |TAMS 0x000000051a000000, 0x000000051a000000| Untracked 
| 167|0x000000051a200000, 0x000000051a200000, 0x000000051a400000|  0%| F|  |TAMS 0x000000051a200000, 0x000000051a200000| Untracked 
| 168|0x000000051a400000, 0x000000051a400000, 0x000000051a600000|  0%| F|  |TAMS 0x000000051a400000, 0x000000051a400000| Untracked 
| 169|0x000000051a600000, 0x000000051a600000, 0x000000051a800000|  0%| F|  |TAMS 0x000000051a600000, 0x000000051a600000| Untracked 
| 170|0x000000051a800000, 0x000000051a800000, 0x000000051aa00000|  0%| F|  |TAMS 0x000000051a800000, 0x000000051a800000| Untracked 
| 171|0x000000051aa00000, 0x000000051aa00000, 0x000000051ac00000|  0%| F|  |TAMS 0x000000051aa00000, 0x000000051aa00000| Untracked 
| 172|0x000000051ac00000, 0x000000051ac00000, 0x000000051ae00000|  0%| F|  |TAMS 0x000000051ac00000, 0x000000051ac00000| Untracked 
| 173|0x000000051ae00000, 0x000000051ae00000, 0x000000051b000000|  0%| F|  |TAMS 0x000000051ae00000, 0x000000051ae00000| Untracked 
| 174|0x000000051b000000, 0x000000051b000000, 0x000000051b200000|  0%| F|  |TAMS 0x000000051b000000, 0x000000051b000000| Untracked 
| 175|0x000000051b200000, 0x000000051b200000, 0x000000051b400000|  0%| F|  |TAMS 0x000000051b200000, 0x000000051b200000| Untracked 
| 176|0x000000051b400000, 0x000000051b400000, 0x000000051b600000|  0%| F|  |TAMS 0x000000051b400000, 0x000000051b400000| Untracked 
| 177|0x000000051b600000, 0x000000051b600000, 0x000000051b800000|  0%| F|  |TAMS 0x000000051b600000, 0x000000051b600000| Untracked 
| 178|0x000000051b800000, 0x000000051b800000, 0x000000051ba00000|  0%| F|  |TAMS 0x000000051b800000, 0x000000051b800000| Untracked 
| 179|0x000000051ba00000, 0x000000051ba00000, 0x000000051bc00000|  0%| F|  |TAMS 0x000000051ba00000, 0x000000051ba00000| Untracked 
| 180|0x000000051bc00000, 0x000000051bc00000, 0x000000051be00000|  0%| F|  |TAMS 0x000000051bc00000, 0x000000051bc00000| Untracked 
| 181|0x000000051be00000, 0x000000051be00000, 0x000000051c000000|  0%| F|  |TAMS 0x000000051be00000, 0x000000051be00000| Untracked 
| 182|0x000000051c000000, 0x000000051c000000, 0x000000051c200000|  0%| F|  |TAMS 0x000000051c000000, 0x000000051c000000| Untracked 
| 183|0x000000051c200000, 0x000000051c200000, 0x000000051c400000|  0%| F|  |TAMS 0x000000051c200000, 0x000000051c200000| Untracked 
| 184|0x000000051c400000, 0x000000051c400000, 0x000000051c600000|  0%| F|  |TAMS 0x000000051c400000, 0x000000051c400000| Untracked 
| 185|0x000000051c600000, 0x000000051c600000, 0x000000051c800000|  0%| F|  |TAMS 0x000000051c600000, 0x000000051c600000| Untracked 
| 186|0x000000051c800000, 0x000000051c800000, 0x000000051ca00000|  0%| F|  |TAMS 0x000000051c800000, 0x000000051c800000| Untracked 
| 187|0x000000051ca00000, 0x000000051ca00000, 0x000000051cc00000|  0%| F|  |TAMS 0x000000051ca00000, 0x000000051ca00000| Untracked 
| 188|0x000000051cc00000, 0x000000051cc00000, 0x000000051ce00000|  0%| F|  |TAMS 0x000000051cc00000, 0x000000051cc00000| Untracked 
| 189|0x000000051ce00000, 0x000000051ce00000, 0x000000051d000000|  0%| F|  |TAMS 0x000000051ce00000, 0x000000051ce00000| Untracked 
| 190|0x000000051d000000, 0x000000051d000000, 0x000000051d200000|  0%| F|  |TAMS 0x000000051d000000, 0x000000051d000000| Untracked 
| 191|0x000000051d200000, 0x000000051d200000, 0x000000051d400000|  0%| F|  |TAMS 0x000000051d200000, 0x000000051d200000| Untracked 
| 192|0x000000051d400000, 0x000000051d400000, 0x000000051d600000|  0%| F|  |TAMS 0x000000051d400000, 0x000000051d400000| Untracked 
| 193|0x000000051d600000, 0x000000051d600000, 0x000000051d800000|  0%| F|  |TAMS 0x000000051d600000, 0x000000051d600000| Untracked 
| 194|0x000000051d800000, 0x000000051d800000, 0x000000051da00000|  0%| F|  |TAMS 0x000000051d800000, 0x000000051d800000| Untracked 
| 195|0x000000051da00000, 0x000000051da00000, 0x000000051dc00000|  0%| F|  |TAMS 0x000000051da00000, 0x000000051da00000| Untracked 
| 196|0x000000051dc00000, 0x000000051dc00000, 0x000000051de00000|  0%| F|  |TAMS 0x000000051dc00000, 0x000000051dc00000| Untracked 
| 197|0x000000051de00000, 0x000000051de00000, 0x000000051e000000|  0%| F|  |TAMS 0x000000051de00000, 0x000000051de00000| Untracked 
| 198|0x000000051e000000, 0x000000051e000000, 0x000000051e200000|  0%| F|  |TAMS 0x000000051e000000, 0x000000051e000000| Untracked 
| 199|0x000000051e200000, 0x000000051e200000, 0x000000051e400000|  0%| F|  |TAMS 0x000000051e200000, 0x000000051e200000| Untracked 
| 200|0x000000051e400000, 0x000000051e400000, 0x000000051e600000|  0%| F|  |TAMS 0x000000051e400000, 0x000000051e400000| Untracked 
| 201|0x000000051e600000, 0x000000051e600000, 0x000000051e800000|  0%| F|  |TAMS 0x000000051e600000, 0x000000051e600000| Untracked 
| 202|0x000000051e800000, 0x000000051e800000, 0x000000051ea00000|  0%| F|  |TAMS 0x000000051e800000, 0x000000051e800000| Untracked 
| 203|0x000000051ea00000, 0x000000051ea00000, 0x000000051ec00000|  0%| F|  |TAMS 0x000000051ea00000, 0x000000051ea00000| Untracked 
| 204|0x000000051ec00000, 0x000000051ec00000, 0x000000051ee00000|  0%| F|  |TAMS 0x000000051ec00000, 0x000000051ec00000| Untracked 
| 205|0x000000051ee00000, 0x000000051ee00000, 0x000000051f000000|  0%| F|  |TAMS 0x000000051ee00000, 0x000000051ee00000| Untracked 
| 206|0x000000051f000000, 0x000000051f000000, 0x000000051f200000|  0%| F|  |TAMS 0x000000051f000000, 0x000000051f000000| Untracked 
| 207|0x000000051f200000, 0x000000051f200000, 0x000000051f400000|  0%| F|  |TAMS 0x000000051f200000, 0x000000051f200000| Untracked 
| 208|0x000000051f400000, 0x000000051f400000, 0x000000051f600000|  0%| F|  |TAMS 0x000000051f400000, 0x000000051f400000| Untracked 
| 209|0x000000051f600000, 0x000000051f600000, 0x000000051f800000|  0%| F|  |TAMS 0x000000051f600000, 0x000000051f600000| Untracked 
| 210|0x000000051f800000, 0x000000051f800000, 0x000000051fa00000|  0%| F|  |TAMS 0x000000051f800000, 0x000000051f800000| Untracked 
| 211|0x000000051fa00000, 0x000000051fa00000, 0x000000051fc00000|  0%| F|  |TAMS 0x000000051fa00000, 0x000000051fa00000| Untracked 
| 212|0x000000051fc00000, 0x000000051fc00000, 0x000000051fe00000|  0%| F|  |TAMS 0x000000051fc00000, 0x000000051fc00000| Untracked 
| 213|0x000000051fe00000, 0x000000051fe00000, 0x0000000520000000|  0%| F|  |TAMS 0x000000051fe00000, 0x000000051fe00000| Untracked 
| 214|0x0000000520000000, 0x0000000520000000, 0x0000000520200000|  0%| F|  |TAMS 0x0000000520000000, 0x0000000520000000| Untracked 
| 215|0x0000000520200000, 0x0000000520200000, 0x0000000520400000|  0%| F|  |TAMS 0x0000000520200000, 0x0000000520200000| Untracked 
| 216|0x0000000520400000, 0x0000000520400000, 0x0000000520600000|  0%| F|  |TAMS 0x0000000520400000, 0x0000000520400000| Untracked 
| 217|0x0000000520600000, 0x0000000520600000, 0x0000000520800000|  0%| F|  |TAMS 0x0000000520600000, 0x0000000520600000| Untracked 
| 218|0x0000000520800000, 0x0000000520800000, 0x0000000520a00000|  0%| F|  |TAMS 0x0000000520800000, 0x0000000520800000| Untracked 
| 219|0x0000000520a00000, 0x0000000520a00000, 0x0000000520c00000|  0%| F|  |TAMS 0x0000000520a00000, 0x0000000520a00000| Untracked 
| 220|0x0000000520c00000, 0x0000000520c00000, 0x0000000520e00000|  0%| F|  |TAMS 0x0000000520c00000, 0x0000000520c00000| Untracked 
| 221|0x0000000520e00000, 0x0000000520e00000, 0x0000000521000000|  0%| F|  |TAMS 0x0000000520e00000, 0x0000000520e00000| Untracked 
| 222|0x0000000521000000, 0x0000000521000000, 0x0000000521200000|  0%| F|  |TAMS 0x0000000521000000, 0x0000000521000000| Untracked 
| 223|0x0000000521200000, 0x0000000521200000, 0x0000000521400000|  0%| F|  |TAMS 0x0000000521200000, 0x0000000521200000| Untracked 
| 224|0x0000000521400000, 0x0000000521400000, 0x0000000521600000|  0%| F|  |TAMS 0x0000000521400000, 0x0000000521400000| Untracked 
| 225|0x0000000521600000, 0x0000000521600000, 0x0000000521800000|  0%| F|  |TAMS 0x0000000521600000, 0x0000000521600000| Untracked 
| 226|0x0000000521800000, 0x0000000521800000, 0x0000000521a00000|  0%| F|  |TAMS 0x0000000521800000, 0x0000000521800000| Untracked 
| 227|0x0000000521a00000, 0x0000000521a00000, 0x0000000521c00000|  0%| F|  |TAMS 0x0000000521a00000, 0x0000000521a00000| Untracked 
| 228|0x0000000521c00000, 0x0000000521c00000, 0x0000000521e00000|  0%| F|  |TAMS 0x0000000521c00000, 0x0000000521c00000| Untracked 
| 229|0x0000000521e00000, 0x0000000521e00000, 0x0000000522000000|  0%| F|  |TAMS 0x0000000521e00000, 0x0000000521e00000| Untracked 
| 230|0x0000000522000000, 0x0000000522000000, 0x0000000522200000|  0%| F|  |TAMS 0x0000000522000000, 0x0000000522000000| Untracked 
| 231|0x0000000522200000, 0x0000000522200000, 0x0000000522400000|  0%| F|  |TAMS 0x0000000522200000, 0x0000000522200000| Untracked 
| 232|0x0000000522400000, 0x0000000522400000, 0x0000000522600000|  0%| F|  |TAMS 0x0000000522400000, 0x0000000522400000| Untracked 
| 233|0x0000000522600000, 0x0000000522600000, 0x0000000522800000|  0%| F|  |TAMS 0x0000000522600000, 0x0000000522600000| Untracked 
| 234|0x0000000522800000, 0x0000000522800000, 0x0000000522a00000|  0%| F|  |TAMS 0x0000000522800000, 0x0000000522800000| Untracked 
| 235|0x0000000522a00000, 0x0000000522a00000, 0x0000000522c00000|  0%| F|  |TAMS 0x0000000522a00000, 0x0000000522a00000| Untracked 
| 236|0x0000000522c00000, 0x0000000522c00000, 0x0000000522e00000|  0%| F|  |TAMS 0x0000000522c00000, 0x0000000522c00000| Untracked 
| 237|0x0000000522e00000, 0x0000000522e00000, 0x0000000523000000|  0%| F|  |TAMS 0x0000000522e00000, 0x0000000522e00000| Untracked 
| 238|0x0000000523000000, 0x0000000523000000, 0x0000000523200000|  0%| F|  |TAMS 0x0000000523000000, 0x0000000523000000| Untracked 
| 239|0x0000000523200000, 0x0000000523200000, 0x0000000523400000|  0%| F|  |TAMS 0x0000000523200000, 0x0000000523200000| Untracked 
| 240|0x0000000523400000, 0x0000000523400000, 0x0000000523600000|  0%| F|  |TAMS 0x0000000523400000, 0x0000000523400000| Untracked 
| 241|0x0000000523600000, 0x0000000523600000, 0x0000000523800000|  0%| F|  |TAMS 0x0000000523600000, 0x0000000523600000| Untracked 
| 242|0x0000000523800000, 0x0000000523800000, 0x0000000523a00000|  0%| F|  |TAMS 0x0000000523800000, 0x0000000523800000| Untracked 
| 243|0x0000000523a00000, 0x0000000523a00000, 0x0000000523c00000|  0%| F|  |TAMS 0x0000000523a00000, 0x0000000523a00000| Untracked 
| 244|0x0000000523c00000, 0x0000000523c00000, 0x0000000523e00000|  0%| F|  |TAMS 0x0000000523c00000, 0x0000000523c00000| Untracked 
| 245|0x0000000523e00000, 0x0000000523e00000, 0x0000000524000000|  0%| F|  |TAMS 0x0000000523e00000, 0x0000000523e00000| Untracked 
| 246|0x0000000524000000, 0x0000000524000000, 0x0000000524200000|  0%| F|  |TAMS 0x0000000524000000, 0x0000000524000000| Untracked 
| 247|0x0000000524200000, 0x0000000524200000, 0x0000000524400000|  0%| F|  |TAMS 0x0000000524200000, 0x0000000524200000| Untracked 
| 248|0x0000000524400000, 0x0000000524600000, 0x0000000524600000|100%| E|  |TAMS 0x0000000524400000, 0x0000000524400000| Complete 
| 249|0x0000000524600000, 0x0000000524800000, 0x0000000524800000|100%| E|CS|TAMS 0x0000000524600000, 0x0000000524600000| Complete 
| 250|0x0000000524800000, 0x0000000524a00000, 0x0000000524a00000|100%| E|CS|TAMS 0x0000000524800000, 0x0000000524800000| Complete 
| 251|0x0000000524a00000, 0x0000000524c00000, 0x0000000524c00000|100%| E|CS|TAMS 0x0000000524a00000, 0x0000000524a00000| Complete 
| 252|0x0000000524c00000, 0x0000000524e00000, 0x0000000524e00000|100%| E|CS|TAMS 0x0000000524c00000, 0x0000000524c00000| Complete 
| 253|0x0000000524e00000, 0x0000000525000000, 0x0000000525000000|100%| E|CS|TAMS 0x0000000524e00000, 0x0000000524e00000| Complete 
| 254|0x0000000525000000, 0x0000000525200000, 0x0000000525200000|100%| E|CS|TAMS 0x0000000525000000, 0x0000000525000000| Complete 
| 255|0x0000000525200000, 0x0000000525400000, 0x0000000525400000|100%| E|CS|TAMS 0x0000000525200000, 0x0000000525200000| Complete 
| 256|0x0000000525400000, 0x0000000525600000, 0x0000000525600000|100%| E|CS|TAMS 0x0000000525400000, 0x0000000525400000| Complete 
| 257|0x0000000525600000, 0x0000000525800000, 0x0000000525800000|100%| E|CS|TAMS 0x0000000525600000, 0x0000000525600000| Complete 
| 258|0x0000000525800000, 0x0000000525a00000, 0x0000000525a00000|100%| E|CS|TAMS 0x0000000525800000, 0x0000000525800000| Complete 
| 259|0x0000000525a00000, 0x0000000525c00000, 0x0000000525c00000|100%| E|CS|TAMS 0x0000000525a00000, 0x0000000525a00000| Complete 
| 260|0x0000000525c00000, 0x0000000525e00000, 0x0000000525e00000|100%| E|CS|TAMS 0x0000000525c00000, 0x0000000525c00000| Complete 
| 261|0x0000000525e00000, 0x0000000526000000, 0x0000000526000000|100%| E|CS|TAMS 0x0000000525e00000, 0x0000000525e00000| Complete 
| 262|0x0000000526000000, 0x0000000526200000, 0x0000000526200000|100%| E|CS|TAMS 0x0000000526000000, 0x0000000526000000| Complete 
| 263|0x0000000526200000, 0x0000000526400000, 0x0000000526400000|100%| E|CS|TAMS 0x0000000526200000, 0x0000000526200000| Complete 
| 264|0x0000000526400000, 0x0000000526600000, 0x0000000526600000|100%| E|CS|TAMS 0x0000000526400000, 0x0000000526400000| Complete 
| 265|0x0000000526600000, 0x0000000526800000, 0x0000000526800000|100%| E|CS|TAMS 0x0000000526600000, 0x0000000526600000| Complete 
| 266|0x0000000526800000, 0x0000000526a00000, 0x0000000526a00000|100%| E|CS|TAMS 0x0000000526800000, 0x0000000526800000| Complete 
| 267|0x0000000526a00000, 0x0000000526c00000, 0x0000000526c00000|100%| E|CS|TAMS 0x0000000526a00000, 0x0000000526a00000| Complete 
| 268|0x0000000526c00000, 0x0000000526e00000, 0x0000000526e00000|100%| E|CS|TAMS 0x0000000526c00000, 0x0000000526c00000| Complete 
| 269|0x0000000526e00000, 0x0000000527000000, 0x0000000527000000|100%| E|CS|TAMS 0x0000000526e00000, 0x0000000526e00000| Complete 
| 270|0x0000000527000000, 0x0000000527200000, 0x0000000527200000|100%| E|CS|TAMS 0x0000000527000000, 0x0000000527000000| Complete 
| 271|0x0000000527200000, 0x0000000527400000, 0x0000000527400000|100%| E|CS|TAMS 0x0000000527200000, 0x0000000527200000| Complete 
| 272|0x0000000527400000, 0x0000000527600000, 0x0000000527600000|100%| E|CS|TAMS 0x0000000527400000, 0x0000000527400000| Complete 
| 273|0x0000000527600000, 0x0000000527800000, 0x0000000527800000|100%| E|CS|TAMS 0x0000000527600000, 0x0000000527600000| Complete 
| 274|0x0000000527800000, 0x0000000527a00000, 0x0000000527a00000|100%| E|CS|TAMS 0x0000000527800000, 0x0000000527800000| Complete 
| 275|0x0000000527a00000, 0x0000000527c00000, 0x0000000527c00000|100%| E|CS|TAMS 0x0000000527a00000, 0x0000000527a00000| Complete 
| 276|0x0000000527c00000, 0x0000000527e00000, 0x0000000527e00000|100%| E|CS|TAMS 0x0000000527c00000, 0x0000000527c00000| Complete 
| 277|0x0000000527e00000, 0x0000000528000000, 0x0000000528000000|100%| E|CS|TAMS 0x0000000527e00000, 0x0000000527e00000| Complete 
| 278|0x0000000528000000, 0x0000000528200000, 0x0000000528200000|100%| E|CS|TAMS 0x0000000528000000, 0x0000000528000000| Complete 
| 279|0x0000000528200000, 0x0000000528400000, 0x0000000528400000|100%| E|CS|TAMS 0x0000000528200000, 0x0000000528200000| Complete 
| 280|0x0000000528400000, 0x0000000528600000, 0x0000000528600000|100%| E|CS|TAMS 0x0000000528400000, 0x0000000528400000| Complete 
| 281|0x0000000528600000, 0x0000000528800000, 0x0000000528800000|100%| E|CS|TAMS 0x0000000528600000, 0x0000000528600000| Complete 
| 282|0x0000000528800000, 0x0000000528a00000, 0x0000000528a00000|100%| E|CS|TAMS 0x0000000528800000, 0x0000000528800000| Complete 
| 283|0x0000000528a00000, 0x0000000528c00000, 0x0000000528c00000|100%| E|CS|TAMS 0x0000000528a00000, 0x0000000528a00000| Complete 
| 284|0x0000000528c00000, 0x0000000528e00000, 0x0000000528e00000|100%| E|CS|TAMS 0x0000000528c00000, 0x0000000528c00000| Complete 
| 285|0x0000000528e00000, 0x0000000529000000, 0x0000000529000000|100%| E|CS|TAMS 0x0000000528e00000, 0x0000000528e00000| Complete 
| 286|0x0000000529000000, 0x0000000529200000, 0x0000000529200000|100%| E|CS|TAMS 0x0000000529000000, 0x0000000529000000| Complete 
| 287|0x0000000529200000, 0x0000000529400000, 0x0000000529400000|100%| E|CS|TAMS 0x0000000529200000, 0x0000000529200000| Complete 
| 288|0x0000000529400000, 0x0000000529600000, 0x0000000529600000|100%| E|CS|TAMS 0x0000000529400000, 0x0000000529400000| Complete 
| 289|0x0000000529600000, 0x0000000529800000, 0x0000000529800000|100%| E|CS|TAMS 0x0000000529600000, 0x0000000529600000| Complete 
| 290|0x0000000529800000, 0x0000000529a00000, 0x0000000529a00000|100%| E|CS|TAMS 0x0000000529800000, 0x0000000529800000| Complete 
| 291|0x0000000529a00000, 0x0000000529c00000, 0x0000000529c00000|100%| E|CS|TAMS 0x0000000529a00000, 0x0000000529a00000| Complete 
| 292|0x0000000529c00000, 0x0000000529e00000, 0x0000000529e00000|100%| E|CS|TAMS 0x0000000529c00000, 0x0000000529c00000| Complete 
| 293|0x0000000529e00000, 0x000000052a000000, 0x000000052a000000|100%| E|CS|TAMS 0x0000000529e00000, 0x0000000529e00000| Complete 
| 294|0x000000052a000000, 0x000000052a200000, 0x000000052a200000|100%| E|CS|TAMS 0x000000052a000000, 0x000000052a000000| Complete 
| 295|0x000000052a200000, 0x000000052a400000, 0x000000052a400000|100%| E|CS|TAMS 0x000000052a200000, 0x000000052a200000| Complete 
| 296|0x000000052a400000, 0x000000052a600000, 0x000000052a600000|100%| E|CS|TAMS 0x000000052a400000, 0x000000052a400000| Complete 
| 297|0x000000052a600000, 0x000000052a800000, 0x000000052a800000|100%| E|CS|TAMS 0x000000052a600000, 0x000000052a600000| Complete 
| 298|0x000000052a800000, 0x000000052aa00000, 0x000000052aa00000|100%| E|CS|TAMS 0x000000052a800000, 0x000000052a800000| Complete 
| 299|0x000000052aa00000, 0x000000052ac00000, 0x000000052ac00000|100%| E|CS|TAMS 0x000000052aa00000, 0x000000052aa00000| Complete 
| 300|0x000000052ac00000, 0x000000052ae00000, 0x000000052ae00000|100%| E|CS|TAMS 0x000000052ac00000, 0x000000052ac00000| Complete 
| 301|0x000000052ae00000, 0x000000052b000000, 0x000000052b000000|100%| E|CS|TAMS 0x000000052ae00000, 0x000000052ae00000| Complete 
| 302|0x000000052b000000, 0x000000052b200000, 0x000000052b200000|100%| E|CS|TAMS 0x000000052b000000, 0x000000052b000000| Complete 
| 303|0x000000052b200000, 0x000000052b400000, 0x000000052b400000|100%| E|CS|TAMS 0x000000052b200000, 0x000000052b200000| Complete 
| 304|0x000000052b400000, 0x000000052b600000, 0x000000052b600000|100%| E|CS|TAMS 0x000000052b400000, 0x000000052b400000| Complete 
| 305|0x000000052b600000, 0x000000052b800000, 0x000000052b800000|100%| E|CS|TAMS 0x000000052b600000, 0x000000052b600000| Complete 
| 306|0x000000052b800000, 0x000000052ba00000, 0x000000052ba00000|100%| E|CS|TAMS 0x000000052b800000, 0x000000052b800000| Complete 
| 307|0x000000052ba00000, 0x000000052bc00000, 0x000000052bc00000|100%| E|CS|TAMS 0x000000052ba00000, 0x000000052ba00000| Complete 
| 308|0x000000052bc00000, 0x000000052be00000, 0x000000052be00000|100%| E|CS|TAMS 0x000000052bc00000, 0x000000052bc00000| Complete 
| 309|0x000000052be00000, 0x000000052c000000, 0x000000052c000000|100%| E|CS|TAMS 0x000000052be00000, 0x000000052be00000| Complete 
| 310|0x000000052c000000, 0x000000052c200000, 0x000000052c200000|100%| E|CS|TAMS 0x000000052c000000, 0x000000052c000000| Complete 
| 311|0x000000052c200000, 0x000000052c400000, 0x000000052c400000|100%| E|CS|TAMS 0x000000052c200000, 0x000000052c200000| Complete 
| 312|0x000000052c400000, 0x000000052c600000, 0x000000052c600000|100%| E|CS|TAMS 0x000000052c400000, 0x000000052c400000| Complete 
| 313|0x000000052c600000, 0x000000052c800000, 0x000000052c800000|100%| E|CS|TAMS 0x000000052c600000, 0x000000052c600000| Complete 
| 314|0x000000052c800000, 0x000000052ca00000, 0x000000052ca00000|100%| E|CS|TAMS 0x000000052c800000, 0x000000052c800000| Complete 
| 315|0x000000052ca00000, 0x000000052cc00000, 0x000000052cc00000|100%| E|CS|TAMS 0x000000052ca00000, 0x000000052ca00000| Complete 
| 316|0x000000052cc00000, 0x000000052ce00000, 0x000000052ce00000|100%| E|CS|TAMS 0x000000052cc00000, 0x000000052cc00000| Complete 
| 317|0x000000052ce00000, 0x000000052d000000, 0x000000052d000000|100%| E|CS|TAMS 0x000000052ce00000, 0x000000052ce00000| Complete 
| 318|0x000000052d000000, 0x000000052d200000, 0x000000052d200000|100%| E|CS|TAMS 0x000000052d000000, 0x000000052d000000| Complete 
| 319|0x000000052d200000, 0x000000052d400000, 0x000000052d400000|100%| E|CS|TAMS 0x000000052d200000, 0x000000052d200000| Complete 
| 320|0x000000052d400000, 0x000000052d600000, 0x000000052d600000|100%| E|CS|TAMS 0x000000052d400000, 0x000000052d400000| Complete 
| 321|0x000000052d600000, 0x000000052d800000, 0x000000052d800000|100%| E|CS|TAMS 0x000000052d600000, 0x000000052d600000| Complete 
| 322|0x000000052d800000, 0x000000052da00000, 0x000000052da00000|100%| E|CS|TAMS 0x000000052d800000, 0x000000052d800000| Complete 
| 323|0x000000052da00000, 0x000000052dc00000, 0x000000052dc00000|100%| E|CS|TAMS 0x000000052da00000, 0x000000052da00000| Complete 
| 324|0x000000052dc00000, 0x000000052de00000, 0x000000052de00000|100%| E|CS|TAMS 0x000000052dc00000, 0x000000052dc00000| Complete 
| 325|0x000000052de00000, 0x000000052e000000, 0x000000052e000000|100%| E|CS|TAMS 0x000000052de00000, 0x000000052de00000| Complete 
| 326|0x000000052e000000, 0x000000052e200000, 0x000000052e200000|100%| E|CS|TAMS 0x000000052e000000, 0x000000052e000000| Complete 
| 327|0x000000052e200000, 0x000000052e400000, 0x000000052e400000|100%| E|CS|TAMS 0x000000052e200000, 0x000000052e200000| Complete 
| 328|0x000000052e400000, 0x000000052e600000, 0x000000052e600000|100%| E|CS|TAMS 0x000000052e400000, 0x000000052e400000| Complete 
| 329|0x000000052e600000, 0x000000052e800000, 0x000000052e800000|100%| E|CS|TAMS 0x000000052e600000, 0x000000052e600000| Complete 
| 330|0x000000052e800000, 0x000000052ea00000, 0x000000052ea00000|100%| E|CS|TAMS 0x000000052e800000, 0x000000052e800000| Complete 
| 331|0x000000052ea00000, 0x000000052ec00000, 0x000000052ec00000|100%| E|CS|TAMS 0x000000052ea00000, 0x000000052ea00000| Complete 
| 332|0x000000052ec00000, 0x000000052ee00000, 0x000000052ee00000|100%| E|CS|TAMS 0x000000052ec00000, 0x000000052ec00000| Complete 
| 333|0x000000052ee00000, 0x000000052f000000, 0x000000052f000000|100%| E|CS|TAMS 0x000000052ee00000, 0x000000052ee00000| Complete 
| 334|0x000000052f000000, 0x000000052f200000, 0x000000052f200000|100%| E|CS|TAMS 0x000000052f000000, 0x000000052f000000| Complete 
| 335|0x000000052f200000, 0x000000052f400000, 0x000000052f400000|100%| E|CS|TAMS 0x000000052f200000, 0x000000052f200000| Complete 
| 336|0x000000052f400000, 0x000000052f600000, 0x000000052f600000|100%| E|CS|TAMS 0x000000052f400000, 0x000000052f400000| Complete 
| 337|0x000000052f600000, 0x000000052f800000, 0x000000052f800000|100%| E|CS|TAMS 0x000000052f600000, 0x000000052f600000| Complete 
| 338|0x000000052f800000, 0x000000052fa00000, 0x000000052fa00000|100%| E|CS|TAMS 0x000000052f800000, 0x000000052f800000| Complete 
| 339|0x000000052fa00000, 0x000000052fc00000, 0x000000052fc00000|100%| E|CS|TAMS 0x000000052fa00000, 0x000000052fa00000| Complete 
| 340|0x000000052fc00000, 0x000000052fe00000, 0x000000052fe00000|100%| E|CS|TAMS 0x000000052fc00000, 0x000000052fc00000| Complete 
| 341|0x000000052fe00000, 0x0000000530000000, 0x0000000530000000|100%| E|CS|TAMS 0x000000052fe00000, 0x000000052fe00000| Complete 
| 342|0x0000000530000000, 0x0000000530200000, 0x0000000530200000|100%| E|CS|TAMS 0x0000000530000000, 0x0000000530000000| Complete 
| 343|0x0000000530200000, 0x0000000530400000, 0x0000000530400000|100%| E|CS|TAMS 0x0000000530200000, 0x0000000530200000| Complete 
| 344|0x0000000530400000, 0x0000000530600000, 0x0000000530600000|100%| E|CS|TAMS 0x0000000530400000, 0x0000000530400000| Complete 
| 345|0x0000000530600000, 0x0000000530800000, 0x0000000530800000|100%| E|CS|TAMS 0x0000000530600000, 0x0000000530600000| Complete 
| 346|0x0000000530800000, 0x0000000530a00000, 0x0000000530a00000|100%| E|CS|TAMS 0x0000000530800000, 0x0000000530800000| Complete 
| 347|0x0000000530a00000, 0x0000000530c00000, 0x0000000530c00000|100%| E|CS|TAMS 0x0000000530a00000, 0x0000000530a00000| Complete 
| 348|0x0000000530c00000, 0x0000000530e00000, 0x0000000530e00000|100%| E|CS|TAMS 0x0000000530c00000, 0x0000000530c00000| Complete 
| 349|0x0000000530e00000, 0x0000000531000000, 0x0000000531000000|100%| E|CS|TAMS 0x0000000530e00000, 0x0000000530e00000| Complete 
| 350|0x0000000531000000, 0x00000005311456e0, 0x0000000531200000| 63%| S|CS|TAMS 0x0000000531000000, 0x0000000531000000| Complete 
| 351|0x0000000531200000, 0x0000000531400000, 0x0000000531400000|100%| S|CS|TAMS 0x0000000531200000, 0x0000000531200000| Complete 
| 352|0x0000000531400000, 0x0000000531600000, 0x0000000531600000|100%| S|CS|TAMS 0x0000000531400000, 0x0000000531400000| Complete 
| 353|0x0000000531600000, 0x0000000531800000, 0x0000000531800000|100%| S|CS|TAMS 0x0000000531600000, 0x0000000531600000| Complete 
| 354|0x0000000531800000, 0x0000000531a00000, 0x0000000531a00000|100%| S|CS|TAMS 0x0000000531800000, 0x0000000531800000| Complete 
| 355|0x0000000531a00000, 0x0000000531c00000, 0x0000000531c00000|100%| S|CS|TAMS 0x0000000531a00000, 0x0000000531a00000| Complete 
| 356|0x0000000531c00000, 0x0000000531e00000, 0x0000000531e00000|100%| S|CS|TAMS 0x0000000531c00000, 0x0000000531c00000| Complete 
| 357|0x0000000531e00000, 0x0000000532000000, 0x0000000532000000|100%| S|CS|TAMS 0x0000000531e00000, 0x0000000531e00000| Complete 
| 358|0x0000000532000000, 0x0000000532200000, 0x0000000532200000|100%| S|CS|TAMS 0x0000000532000000, 0x0000000532000000| Complete 
| 359|0x0000000532200000, 0x0000000532400000, 0x0000000532400000|100%| S|CS|TAMS 0x0000000532200000, 0x0000000532200000| Complete 
| 360|0x0000000532400000, 0x0000000532600000, 0x0000000532600000|100%| S|CS|TAMS 0x0000000532400000, 0x0000000532400000| Complete 
| 361|0x0000000532600000, 0x0000000532800000, 0x0000000532800000|100%| S|CS|TAMS 0x0000000532600000, 0x0000000532600000| Complete 
| 362|0x0000000532800000, 0x0000000532a00000, 0x0000000532a00000|100%| E|CS|TAMS 0x0000000532800000, 0x0000000532800000| Complete 
| 363|0x0000000532a00000, 0x0000000532c00000, 0x0000000532c00000|100%| E|CS|TAMS 0x0000000532a00000, 0x0000000532a00000| Complete 
| 364|0x0000000532c00000, 0x0000000532e00000, 0x0000000532e00000|100%| E|CS|TAMS 0x0000000532c00000, 0x0000000532c00000| Complete 
| 365|0x0000000532e00000, 0x0000000533000000, 0x0000000533000000|100%| E|CS|TAMS 0x0000000532e00000, 0x0000000532e00000| Complete 
| 366|0x0000000533000000, 0x0000000533200000, 0x0000000533200000|100%| E|CS|TAMS 0x0000000533000000, 0x0000000533000000| Complete 
| 367|0x0000000533200000, 0x0000000533400000, 0x0000000533400000|100%| E|CS|TAMS 0x0000000533200000, 0x0000000533200000| Complete 
| 368|0x0000000533400000, 0x0000000533600000, 0x0000000533600000|100%| E|CS|TAMS 0x0000000533400000, 0x0000000533400000| Complete 
| 369|0x0000000533600000, 0x0000000533800000, 0x0000000533800000|100%| E|CS|TAMS 0x0000000533600000, 0x0000000533600000| Complete 
| 370|0x0000000533800000, 0x0000000533a00000, 0x0000000533a00000|100%| E|CS|TAMS 0x0000000533800000, 0x0000000533800000| Complete 
| 371|0x0000000533a00000, 0x0000000533c00000, 0x0000000533c00000|100%| E|CS|TAMS 0x0000000533a00000, 0x0000000533a00000| Complete 
| 372|0x0000000533c00000, 0x0000000533e00000, 0x0000000533e00000|100%| E|CS|TAMS 0x0000000533c00000, 0x0000000533c00000| Complete 
| 373|0x0000000533e00000, 0x0000000534000000, 0x0000000534000000|100%| E|CS|TAMS 0x0000000533e00000, 0x0000000533e00000| Complete 
| 374|0x0000000534000000, 0x0000000534200000, 0x0000000534200000|100%| E|CS|TAMS 0x0000000534000000, 0x0000000534000000| Complete 
| 375|0x0000000534200000, 0x0000000534400000, 0x0000000534400000|100%| E|CS|TAMS 0x0000000534200000, 0x0000000534200000| Complete 
| 376|0x0000000534400000, 0x0000000534600000, 0x0000000534600000|100%| E|CS|TAMS 0x0000000534400000, 0x0000000534400000| Complete 
| 377|0x0000000534600000, 0x0000000534800000, 0x0000000534800000|100%| E|CS|TAMS 0x0000000534600000, 0x0000000534600000| Complete 
| 378|0x0000000534800000, 0x0000000534a00000, 0x0000000534a00000|100%| E|CS|TAMS 0x0000000534800000, 0x0000000534800000| Complete 
| 379|0x0000000534a00000, 0x0000000534c00000, 0x0000000534c00000|100%| E|CS|TAMS 0x0000000534a00000, 0x0000000534a00000| Complete 
| 380|0x0000000534c00000, 0x0000000534e00000, 0x0000000534e00000|100%| E|CS|TAMS 0x0000000534c00000, 0x0000000534c00000| Complete 
| 381|0x0000000534e00000, 0x0000000535000000, 0x0000000535000000|100%| E|CS|TAMS 0x0000000534e00000, 0x0000000534e00000| Complete 

Card table byte_map: [0x00000162f8a00000,0x00000162fa1e0000] _byte_map_base: 0x00000162f61d6000

Marking Bits (Prev, Next): (CMBitMap*) 0x00000162ef13ba20, (CMBitMap*) 0x00000162ef13b9e8
 Prev Bits: [0x000001629aeb0000, 0x00000162a6d60000)
 Next Bits: [0x000001628f000000, 0x000001629aeb0000)

Polling page: 0x00000162ee880000

Metaspace:

Usage:
  Non-class:     58.27 MB capacity,    56.70 MB ( 97%) used,     1.28 MB (  2%) free+waste,   296.75 KB ( <1%) overhead. 
      Class:      9.29 MB capacity,     8.34 MB ( 90%) used,   831.70 KB (  9%) free+waste,   147.75 KB (  2%) overhead. 
       Both:     67.57 MB capacity,    65.04 MB ( 96%) used,     2.09 MB (  3%) free+waste,   444.50 KB ( <1%) overhead. 

Virtual space:
  Non-class space:       60.00 MB reserved,      58.42 MB ( 97%) committed 
      Class space:        1.00 GB reserved,       9.38 MB ( <1%) committed 
             Both:        1.06 GB reserved,      67.80 MB (  6%) committed 

Chunk freelists:
   Non-Class:  0 bytes
       Class:  0 bytes
        Both:  0 bytes

CodeHeap 'non-profiled nmethods': size=233856Kb used=14852Kb max_used=14852Kb free=219003Kb
 bounds [0x0000016280ba0000, 0x0000016281a30000, 0x000001628f000000]
CodeHeap 'non-nmethods': size=11904Kb used=1356Kb max_used=1356Kb free=10547Kb
 bounds [0x0000016280000000, 0x0000016280270000, 0x0000016280ba0000]
 total_blobs=8986 nmethods=8332 adapters=587
 compilation: enabled
              stopped_count=0, restarted_count=0
 full_count=0

Compilation events (10 events):
Event: 119.931 Thread 0x00000162fed0f800 nmethod 8330 0x0000016281a20290 code [0x0000016281a20420, 0x0000016281a204d8]
Event: 123.756 Thread 0x00000162fed0f800 8331       1       sun.nio.ch.SelectorImpl::ensureOpen (16 bytes)
Event: 123.756 Thread 0x00000162fed0f800 nmethod 8331 0x0000016281a20590 code [0x0000016281a20740, 0x0000016281a20888]
Event: 124.907 Thread 0x00000162fed0f800 8332       1       io.netty.util.internal.shaded.org.jctools.queues.MpscUnboundedArrayQueue::isEmpty (5 bytes)
Event: 124.907 Thread 0x00000162fed0f800 nmethod 8332 0x0000016281a20990 code [0x0000016281a20b20, 0x0000016281a20c18]
Event: 124.907 Thread 0x00000162fed0f800 8333       1       io.netty.util.internal.shaded.org.jctools.queues.BaseMpscLinkedArrayQueue::isEmpty (18 bytes)
Event: 124.907 Thread 0x00000162fed0f800 nmethod 8333 0x0000016281a20c90 code [0x0000016281a20e20, 0x0000016281a20f18]
Event: 126.941 Thread 0x00000162fed0f800 8334       1       com.fasterxml.jackson.core.JsonGenerator$Feature::enabledIn (15 bytes)
Event: 126.942 Thread 0x00000162fed0f800 nmethod 8334 0x0000016281a20f90 code [0x0000016281a21120, 0x0000016281a211f8]
Event: 127.851 Thread 0x00000162fed0f800 8335  s    1       sun.net.www.MessageHeader::remove (196 bytes)

GC Heap History (10 events):
Event: 9.769 GC heap before
{Heap before GC invocations=2 (full 0):
 garbage-first heap   total 782336K, used 65447K [0x0000000505400000, 0x0000000800000000)
  region size 2048K, 28 young (57344K), 1 survivors (2048K)
 Metaspace       used 20520K, capacity 21235K, committed 21296K, reserved 1069056K
  class space    used 2386K, capacity 2674K, committed 2688K, reserved 1048576K
}
Event: 9.775 GC heap after
{Heap after GC invocations=3 (full 0):
 garbage-first heap   total 782336K, used 13766K [0x0000000505400000, 0x0000000800000000)
  region size 2048K, 2 young (4096K), 2 survivors (4096K)
 Metaspace       used 20520K, capacity 21235K, committed 21296K, reserved 1069056K
  class space    used 2386K, capacity 2674K, committed 2688K, reserved 1048576K
}
Event: 10.348 GC heap before
{Heap before GC invocations=4 (full 0):
 garbage-first heap   total 782336K, used 91590K [0x0000000505400000, 0x0000000800000000)
  region size 2048K, 41 young (83968K), 2 survivors (4096K)
 Metaspace       used 26505K, capacity 27313K, committed 27440K, reserved 1073152K
  class space    used 3272K, capacity 3611K, committed 3712K, reserved 1048576K
}
Event: 10.354 GC heap after
{Heap after GC invocations=5 (full 0):
 garbage-first heap   total 782336K, used 15484K [0x0000000505400000, 0x0000000800000000)
  region size 2048K, 3 young (6144K), 3 survivors (6144K)
 Metaspace       used 26505K, capacity 27313K, committed 27440K, reserved 1073152K
  class space    used 3272K, capacity 3611K, committed 3712K, reserved 1048576K
}
Event: 13.541 GC heap before
{Heap before GC invocations=5 (full 0):
 garbage-first heap   total 782336K, used 162940K [0x0000000505400000, 0x0000000800000000)
  region size 2048K, 76 young (155648K), 3 survivors (6144K)
 Metaspace       used 34820K, capacity 35803K, committed 35888K, reserved 1081344K
  class space    used 4314K, capacity 4711K, committed 4736K, reserved 1048576K
}
Event: 13.554 GC heap after
{Heap after GC invocations=6 (full 0):
 garbage-first heap   total 782336K, used 19806K [0x0000000505400000, 0x0000000800000000)
  region size 2048K, 5 young (10240K), 5 survivors (10240K)
 Metaspace       used 34820K, capacity 35803K, committed 35888K, reserved 1081344K
  class space    used 4314K, capacity 4711K, committed 4736K, reserved 1048576K
}
Event: 24.277 GC heap before
{Heap before GC invocations=7 (full 0):
 garbage-first heap   total 782336K, used 478558K [0x0000000505400000, 0x0000000800000000)
  region size 2048K, 229 young (468992K), 5 survivors (10240K)
 Metaspace       used 57716K, capacity 59405K, committed 59568K, reserved 1101824K
  class space    used 7253K, capacity 7912K, committed 7936K, reserved 1048576K
}
Event: 24.293 GC heap after
{Heap after GC invocations=8 (full 0):
 garbage-first heap   total 782336K, used 32773K [0x0000000505400000, 0x0000000800000000)
  region size 2048K, 11 young (22528K), 11 survivors (22528K)
 Metaspace       used 57716K, capacity 59405K, committed 59568K, reserved 1101824K
  class space    used 7253K, capacity 7912K, committed 7936K, reserved 1048576K
}
Event: 24.561 GC heap before
{Heap before GC invocations=8 (full 0):
 garbage-first heap   total 782336K, used 71685K [0x0000000505400000, 0x0000000800000000)
  region size 2048K, 31 young (63488K), 11 survivors (22528K)
 Metaspace       used 58391K, capacity 60144K, committed 60208K, reserved 1101824K
  class space    used 7321K, capacity 8014K, committed 8064K, reserved 1048576K
}
Event: 24.578 GC heap after
{Heap after GC invocations=9 (full 0):
 garbage-first heap   total 782336K, used 35188K [0x0000000505400000, 0x0000000800000000)
  region size 2048K, 12 young (24576K), 12 survivors (24576K)
 Metaspace       used 58391K, capacity 60144K, committed 60208K, reserved 1101824K
  class space    used 7321K, capacity 8014K, committed 8064K, reserved 1048576K
}

Deoptimization events (0 events):
No events

Classes redefined (0 events):
No events

Internal exceptions (10 events):
Event: 80.701 Thread 0x00000162a93ff000 Exception <a 'java/io/FileNotFoundException'{0x0000000525576a78}> (0x0000000525576a78) thrown at [./open/src/hotspot/share/prims/jni.cpp, line 611]
Event: 80.701 Thread 0x00000162a93ff000 Exception <a 'java/io/FileNotFoundException'{0x0000000525577208}> (0x0000000525577208) thrown at [./open/src/hotspot/share/prims/jni.cpp, line 611]
Event: 90.703 Thread 0x00000162a93ff000 Exception <a 'java/io/FileNotFoundException'{0x0000000525582dc0}> (0x0000000525582dc0) thrown at [./open/src/hotspot/share/prims/jni.cpp, line 611]
Event: 90.703 Thread 0x00000162a93ff000 Exception <a 'java/io/FileNotFoundException'{0x0000000525583550}> (0x0000000525583550) thrown at [./open/src/hotspot/share/prims/jni.cpp, line 611]
Event: 100.717 Thread 0x00000162a93ff000 Exception <a 'java/io/FileNotFoundException'{0x000000052558f108}> (0x000000052558f108) thrown at [./open/src/hotspot/share/prims/jni.cpp, line 611]
Event: 100.718 Thread 0x00000162a93ff000 Exception <a 'java/io/FileNotFoundException'{0x000000052558f898}> (0x000000052558f898) thrown at [./open/src/hotspot/share/prims/jni.cpp, line 611]
Event: 110.724 Thread 0x00000162a93ff000 Exception <a 'java/io/FileNotFoundException'{0x000000052559b450}> (0x000000052559b450) thrown at [./open/src/hotspot/share/prims/jni.cpp, line 611]
Event: 110.724 Thread 0x00000162a93ff000 Exception <a 'java/io/FileNotFoundException'{0x000000052559bbe0}> (0x000000052559bbe0) thrown at [./open/src/hotspot/share/prims/jni.cpp, line 611]
Event: 120.734 Thread 0x00000162a93ff000 Exception <a 'java/io/FileNotFoundException'{0x00000005255a7798}> (0x00000005255a7798) thrown at [./open/src/hotspot/share/prims/jni.cpp, line 611]
Event: 120.734 Thread 0x00000162a93ff000 Exception <a 'java/io/FileNotFoundException'{0x00000005255a7f28}> (0x00000005255a7f28) thrown at [./open/src/hotspot/share/prims/jni.cpp, line 611]

Events (10 events):
Event: 121.938 Thread 0x00000162ac259800 DEOPT UNPACKING pc=0x000001628003bb5e sp=0x000000343bbfe230 mode 1
Event: 126.945 Executing VM operation: RevokeBias
Event: 126.945 Executing VM operation: RevokeBias done
Event: 126.945 Thread 0x00000162ac259800 DEOPT PACKING pc=0x00000162819eaa14 sp=0x000000343bbfea00
Event: 126.945 Thread 0x00000162ac259800 DEOPT UNPACKING pc=0x000001628003bb5e sp=0x000000343bbfe230 mode 1
Event: 127.476 Executing VM operation: RevokeBias
Event: 127.476 Executing VM operation: RevokeBias done
Event: 127.476 Thread 0x00000162ac1d6000 DEOPT PACKING pc=0x00000162819eaa14 sp=0x000000343affe350
Event: 127.476 Thread 0x00000162ac1d6000 DEOPT UNPACKING pc=0x000001628003bb5e sp=0x000000343affdb80 mode 1
Event: 127.851 Executing VM operation: RevokeBias


Dynamic libraries:
0x00007ff78fca0000 - 0x00007ff78fcb0000 	D:\soft\jdk11\bin\java.exe
0x00007ffe4f110000 - 0x00007ffe4f327000 	C:\Windows\SYSTEM32\ntdll.dll
0x00007ffe4cea0000 - 0x00007ffe4cf64000 	C:\Windows\System32\KERNEL32.DLL
0x00007ffe4ca80000 - 0x00007ffe4ce37000 	C:\Windows\System32\KERNELBASE.dll
0x00007ffe4c540000 - 0x00007ffe4c651000 	C:\Windows\System32\ucrtbase.dll
0x00007ffe40ab0000 - 0x00007ffe40ac9000 	D:\soft\jdk11\bin\jli.dll
0x00007ffe40600000 - 0x00007ffe4061b000 	D:\soft\jdk11\bin\VCRUNTIME140.dll
0x00007ffe4d000000 - 0x00007ffe4d0b2000 	C:\Windows\System32\ADVAPI32.dll
0x00007ffe4e670000 - 0x00007ffe4e717000 	C:\Windows\System32\msvcrt.dll
0x00007ffe4e110000 - 0x00007ffe4e1b8000 	C:\Windows\System32\sechost.dll
0x00007ffe4ca50000 - 0x00007ffe4ca78000 	C:\Windows\System32\bcrypt.dll
0x00007ffe4d960000 - 0x00007ffe4da74000 	C:\Windows\System32\RPCRT4.dll
0x00007ffe4da80000 - 0x00007ffe4dc2f000 	C:\Windows\System32\USER32.dll
0x00007ffe4c4a0000 - 0x00007ffe4c4c6000 	C:\Windows\System32\win32u.dll
0x00007ffe4d930000 - 0x00007ffe4d959000 	C:\Windows\System32\GDI32.dll
0x00007ffe4c930000 - 0x00007ffe4ca48000 	C:\Windows\System32\gdi32full.dll
0x00007ffe4c890000 - 0x00007ffe4c92a000 	C:\Windows\System32\msvcp_win.dll
0x00007ffe352d0000 - 0x00007ffe35563000 	C:\Windows\WinSxS\amd64_microsoft.windows.common-controls_6595b64144ccf1df_6.0.22621.3672_none_2713b9d173822955\COMCTL32.dll
0x00007ffe34aa0000 - 0x00007ffe34aaa000 	C:\Windows\SYSTEM32\VERSION.dll
0x00007ffe4cf70000 - 0x00007ffe4cfa1000 	C:\Windows\System32\IMM32.DLL
0x00007ffe40750000 - 0x00007ffe4075c000 	D:\soft\jdk11\bin\vcruntime140_1.dll
0x00007ffe400e0000 - 0x00007ffe4016e000 	D:\soft\jdk11\bin\msvcp140.dll
0x00007ffde08e0000 - 0x00007ffde144d000 	D:\soft\jdk11\bin\server\jvm.dll
0x00007ffe4ef90000 - 0x00007ffe4ef98000 	C:\Windows\System32\PSAPI.DLL
0x00007ffe42b90000 - 0x00007ffe42bc4000 	C:\Windows\SYSTEM32\WINMM.dll
0x00007ffe31e70000 - 0x00007ffe31e79000 	C:\Windows\SYSTEM32\WSOCK32.dll
0x00007ffe4e720000 - 0x00007ffe4e791000 	C:\Windows\System32\WS2_32.dll
0x00007ffe4b4a0000 - 0x00007ffe4b4b8000 	C:\Windows\SYSTEM32\kernel.appcore.dll
0x00007ffe40680000 - 0x00007ffe40690000 	D:\soft\jdk11\bin\verify.dll
0x00007ffe42470000 - 0x00007ffe426a2000 	C:\Windows\SYSTEM32\DBGHELP.DLL
0x00007ffe4e2d0000 - 0x00007ffe4e65e000 	C:\Windows\System32\combase.dll
0x00007ffe4efc0000 - 0x00007ffe4f097000 	C:\Windows\System32\OLEAUT32.dll
0x00007ffe24c40000 - 0x00007ffe24c72000 	C:\Windows\SYSTEM32\dbgcore.DLL
0x00007ffe4c420000 - 0x00007ffe4c49b000 	C:\Windows\System32\bcryptPrimitives.dll
0x00007ffe400b0000 - 0x00007ffe400d8000 	D:\soft\jdk11\bin\java.dll
0x00007ffe400a0000 - 0x00007ffe400aa000 	D:\soft\jdk11\bin\jimage.dll
0x00007ffe409d0000 - 0x00007ffe40a08000 	D:\soft\jdk11\bin\jdwp.dll
0x00007ffe409c0000 - 0x00007ffe409ce000 	D:\soft\jdk11\bin\instrument.dll
0x00007ffe40080000 - 0x00007ffe40097000 	D:\soft\jdk11\bin\zip.dll
0x00007ffe4d0c0000 - 0x00007ffe4d929000 	C:\Windows\System32\SHELL32.dll
0x00007ffe4a340000 - 0x00007ffe4ac3f000 	C:\Windows\SYSTEM32\windows.storage.dll
0x00007ffe4a200000 - 0x00007ffe4a33f000 	C:\Windows\SYSTEM32\wintypes.dll
0x00007ffe4e970000 - 0x00007ffe4ea69000 	C:\Windows\System32\SHCORE.dll
0x00007ffe4dc30000 - 0x00007ffe4dc8e000 	C:\Windows\System32\shlwapi.dll
0x00007ffe4c350000 - 0x00007ffe4c377000 	C:\Windows\SYSTEM32\profapi.dll
0x00007ffe409b0000 - 0x00007ffe409bb000 	D:\soft\jdk11\bin\dt_socket.dll
0x00007ffe4b980000 - 0x00007ffe4b9e9000 	C:\Windows\system32\mswsock.dll
0x00007ffe40060000 - 0x00007ffe40079000 	D:\soft\jdk11\bin\net.dll
0x00007ffe48cd0000 - 0x00007ffe48e06000 	C:\Windows\SYSTEM32\WINHTTP.dll
0x00007ffe40040000 - 0x00007ffe40052000 	D:\soft\jdk11\bin\nio.dll
0x00007ffe4aed0000 - 0x00007ffe4afd2000 	C:\Windows\SYSTEM32\DNSAPI.dll
0x00007ffe4aea0000 - 0x00007ffe4aecd000 	C:\Windows\SYSTEM32\IPHLPAPI.DLL
0x00007ffe4e960000 - 0x00007ffe4e969000 	C:\Windows\System32\NSI.dll
0x00007ffe45880000 - 0x00007ffe4588a000 	C:\Windows\System32\rasadhlp.dll
0x00007ffe46910000 - 0x00007ffe46993000 	C:\Windows\System32\fwpuclnt.dll
0x00007ffe40a20000 - 0x00007ffe40a29000 	D:\soft\jdk11\bin\management.dll
0x00007ffe40a10000 - 0x00007ffe40a1b000 	D:\soft\jdk11\bin\management_ext.dll
0x00007ffe4bc20000 - 0x00007ffe4bc3b000 	C:\Windows\SYSTEM32\CRYPTSP.dll
0x00007ffe4b400000 - 0x00007ffe4b435000 	C:\Windows\system32\rsaenh.dll
0x00007ffe4ba20000 - 0x00007ffe4ba48000 	C:\Windows\SYSTEM32\USERENV.dll
0x00007ffe4bb90000 - 0x00007ffe4bb9c000 	C:\Windows\SYSTEM32\CRYPTBASE.dll
0x00007ffe48c00000 - 0x00007ffe48c19000 	C:\Windows\SYSTEM32\dhcpcsvc6.DLL
0x00007ffe48260000 - 0x00007ffe4827f000 	C:\Windows\SYSTEM32\dhcpcsvc.DLL
0x00007ffe1fce0000 - 0x00007ffe1fcf7000 	C:\Windows\system32\napinsp.dll
0x00007ffe1fcc0000 - 0x00007ffe1fcdb000 	C:\Windows\system32\pnrpnsp.dll
0x00007ffe1fca0000 - 0x00007ffe1fcb1000 	C:\Windows\System32\winrnr.dll
0x00007ffe1fc80000 - 0x00007ffe1fc95000 	C:\Windows\system32\wshbth.dll
0x00007ffe1fb80000 - 0x00007ffe1fba7000 	C:\Windows\system32\nlansp_c.dll
0x00007ffe40990000 - 0x00007ffe4099e000 	D:\soft\jdk11\bin\sunmscapi.dll
0x00007ffe4c720000 - 0x00007ffe4c886000 	C:\Windows\System32\CRYPT32.dll
0x00007ffe4bdc0000 - 0x00007ffe4bded000 	C:\Windows\SYSTEM32\ncrypt.dll
0x00007ffe4bd80000 - 0x00007ffe4bdb7000 	C:\Windows\SYSTEM32\NTASN1.dll
0x00007ffe40960000 - 0x00007ffe40987000 	D:\soft\jdk11\bin\sunec.dll

dbghelp: loaded successfully - version: 4.0.5 - missing functions: none
symbol engine: initialized successfully - sym options: 0x614 - pdb path: .;D:\soft\jdk11\bin;C:\Windows\SYSTEM32;C:\Windows\WinSxS\amd64_microsoft.windows.common-controls_6595b64144ccf1df_6.0.22621.3672_none_2713b9d173822955;D:\soft\jdk11\bin\server

VM Arguments:
jvm_args: -agentlib:jdwp=transport=dt_socket,address=127.0.0.1:63035,suspend=y,server=n -XX:TieredStopAtLevel=1 -Xverify:none -Dspring.output.ansi.enabled=always -Dcom.sun.management.jmxremote -Dspring.jmx.enabled=true -Dspring.liveBeansView.mbeanDomain -Dspring.application.admin.enabled=true -Dmanagement.endpoints.jmx.exposure.include=* -javaagent:C:\Users\think\AppData\Local\JetBrains\IntelliJIdea2023.3\captureAgent\debugger-agent.jar=file:/C:/Users/think/AppData/Local/Temp/capture2.props -Dfile.encoding=UTF-8 
java_command: com.sl.WebCourierApplication
java_class_path (initial): D:\work\review\20240915\slexpress\backend\sl-express-ms-web-courier\target\classes;D:\deve\apache-maven-3.6.3\rep\com\sl-express\common\sl-express-common\1.2-SNAPSHOT\sl-express-common-1.2-20230111.065432-4.jar;D:\deve\apache-maven-3.6.3\rep\com\github\xiaoymin\knife4j-spring-boot-starter\3.0.3\knife4j-spring-boot-starter-3.0.3.jar;D:\deve\apache-maven-3.6.3\rep\com\github\xiaoymin\knife4j-spring-boot-autoconfigure\3.0.3\knife4j-spring-boot-autoconfigure-3.0.3.jar;D:\deve\apache-maven-3.6.3\rep\com\github\xiaoymin\knife4j-spring\3.0.3\knife4j-spring-3.0.3.jar;D:\deve\apache-maven-3.6.3\rep\com\github\xiaoymin\knife4j-annotations\3.0.3\knife4j-annotations-3.0.3.jar;D:\deve\apache-maven-3.6.3\rep\io\swagger\swagger-annotations\1.5.22\swagger-annotations-1.5.22.jar;D:\deve\apache-maven-3.6.3\rep\io\swagger\core\v3\swagger-annotations\2.1.2\swagger-annotations-2.1.2.jar;D:\deve\apache-maven-3.6.3\rep\com\github\xiaoymin\knife4j-core\3.0.3\knife4j-core-3.0.3.jar;D:\deve\apache-maven-3.6.3\rep\org\javassist\javassist\3.25.0-GA\javassist-3.25.0-GA.jar;D:\deve\apache-maven-3.6.3\rep\io\springfox\springfox-swagger2\3.0.0\springfox-swagger2-3.0.0.jar;D:\deve\apache-maven-3.6.3\rep\io\springfox\springfox-spi\3.0.0\springfox-spi-3.0.0.jar;D:\deve\apache-maven-3.6.3\rep\io\springfox\springfox-schema\3.0.0\springfox-schema-3.0.0.jar;D:\deve\apache-maven-3.6.3\rep\io\springfox\springfox-swagger-common\3.0.0\springfox-swagger-common-3.0.0.jar;D:\deve\apache-maven-3.6.3\rep\io\springfox\springfox-spring-web\3.0.0\springfox-spring-web-3.0.0.jar;D:\deve\apache-maven-3.6.3\rep\io\github\classgraph\classgraph\4.8.83\classgraph-4.8.83.jar;D:\deve\apache-maven-3.6.3\rep\io\springfox\springfox-spring-webflux\3.0.0\springfox-spring-webflux-3.0.0.jar;D:\deve\apache-maven-3.6.3\rep\org\mapstruct\mapstruct\1.3.1.Final\mapstruct-1.3.1.Final.jar;D:\deve\apache-maven-3.6.3\rep\io\springfox\springfox-spring-webmvc\3.0.0\springfox-spring-webmvc-3.0.0.jar;D:\deve\apache-
Launcher Type: SUN_STANDARD

[Global flags]
     bool BytecodeVerificationLocal                = false                                     {product} {command line}
     bool BytecodeVerificationRemote               = false                                     {product} {command line}
     intx CICompilerCount                          = 12                                        {product} {ergonomic}
     uint ConcGCThreads                            = 3                                         {product} {ergonomic}
     uint G1ConcRefinementThreads                  = 13                                        {product} {ergonomic}
   size_t G1HeapRegionSize                         = 2097152                                   {product} {ergonomic}
    uintx GCDrainStackTargetSize                   = 64                                        {product} {ergonomic}
   size_t InitialHeapSize                          = 801112064                                 {product} {ergonomic}
     bool ManagementServer                         = true                                      {product} {command line}
   size_t MarkStackSize                            = 4194304                                   {product} {ergonomic}
   size_t MaxHeapSize                              = 12796821504                               {product} {ergonomic}
   size_t MaxNewSize                               = 7677673472                                {product} {ergonomic}
   size_t MinHeapDeltaBytes                        = 2097152                                   {product} {ergonomic}
    uintx NonNMethodCodeHeapSize                   = 12163472                               {pd product} {ergonomic}
    uintx NonProfiledCodeHeapSize                  = 239494768                              {pd product} {ergonomic}
    uintx ProfiledCodeHeapSize                     = 0                                      {pd product} {ergonomic}
    uintx ReservedCodeCacheSize                    = 251658240                              {pd product} {ergonomic}
     bool SegmentedCodeCache                       = true                                      {product} {ergonomic}
     intx TieredStopAtLevel                        = 1                                         {product} {command line}
     bool UseCompressedClassPointers               = true                                 {lp64_product} {ergonomic}
     bool UseCompressedOops                        = true                                 {lp64_product} {ergonomic}
     bool UseG1GC                                  = true                                      {product} {ergonomic}
     bool UseLargePagesIndividualAllocation        = false                                  {pd product} {ergonomic}

Logging:
Log output configuration:
 #0: stdout all=warning uptime,level,tags
 #1: stderr all=off uptime,level,tags

Environment Variables:
JAVA_HOME=D:\soft\jdk11
PATH=D:\soft\vmware\bin\;C:\Windows\system32;C:\Windows;C:\Windows\System32\Wbem;C:\Windows\System32\WindowsPowerShell\v1.0\;C:\Windows\System32\OpenSSH\;D:\deve\apache-maven-3.9.5\bin;D:\soft\jdk11\bin;C:\Program Files\Common Files\Oracle\Java\javapath;D:\soft\jdk17\bin;D:\soft\jdk11\bin;D:\soft\jdk8\bin;D:\deve\mysql-5.7.44-winx64\bin;D:\deve\mysql-5.7.44-winx64\bin;D:\soft\git\Git\cmd;D:\soft\wxtool\web\dll;D:\deve\Redis-x64-5.0.14.1;D:\deve\yarn\bin\;C:\Program Files (x86)\Windows Kits\10\Windows Performance Toolkit\;D:\tortoisegitr\bin;D:\deve\nodejs\;C:\Users\think\AppData\Local\Programs\Python\Python311\Scripts\;C:\Users\think\AppData\Local\Programs\Python\Python311\;C:\Users\think\AppData\Local\Microsoft\WindowsApps;;D:\soft\vscode\Microsoft VS Code\bin;D:\soft\cpolar\;C:\Users\think\AppData\Local\Yarn\bin;C:\Users\think\AppData\Roaming\Programs\Zero Install;C:\Users\think\AppData\Roaming\npm
USERNAME=think
OS=Windows_NT
PROCESSOR_IDENTIFIER=Intel64 Family 6 Model 186 Stepping 2, GenuineIntel



---------------  S Y S T E M  ---------------

OS: Windows 11 , 64 bit Build 22621 (10.0.22621.3958)
Hyper-V role detected

CPU:total 16 (initial active 16) (8 cores per cpu, 2 threads per core) family 6 model 186 stepping 2 microcode 0x411c, cmov, cx8, fxsr, mmx, sse, sse2, sse3, ssse3, sse4.1, sse4.2, popcnt, avx, avx2, aes, clmul, erms, 3dnowpref, lzcnt, ht, tsc, tscinvbit, bmi1, bmi2, adx, sha, fma

Memory: 4k page, system-wide physical 48808M (3968M free)
TotalPageFile size 70717M (AvailPageFile size 461M)
current process WorkingSet (physical memory assigned to process): 675M, peak: 677M
current process commit charge ("private bytes"): 1017M, peak: 1019M

vm_info: Java HotSpot(TM) 64-Bit Server VM (11.0.20+9-LTS-256) for windows-amd64 JRE (11.0.20+9-LTS-256), built on Jun 14 2023 10:34:22 by "mach5one" with MS VC++ 17.1 (VS2022)

END.
