#
# There is insufficient memory for the Java Runtime Environment to continue.
# Native memory allocation (malloc) failed to allocate 1048576 bytes for AllocateHeap
# Possible reasons:
#   The system is out of physical RAM or swap space
#   The process is running with CompressedOops enabled, and the Java Heap may be blocking the growth of the native heap
# Possible solutions:
#   Reduce memory load on the system
#   Increase physical memory or swap space
#   Check if swap backing store is full
#   Decrease Java heap size (-Xmx/-Xms)
#   Decrease number of Java threads
#   Decrease Java thread stack sizes (-Xss)
#   Set larger code cache with -XX:ReservedCodeCacheSize=
#   JVM is running with Zero Based Compressed Oops mode in which the Java heap is
#     placed in the first 32GB address space. The Java Heap base address is the
#     maximum limit for the native heap growth. Please use -XX:HeapBaseMinAddress
#     to set the Java Heap base and to place the Java Heap above 32GB virtual address.
# This output file may be truncated or incomplete.
#
#  Out of Memory Error (./open/src/hotspot/share/memory/allocation.cpp:46), pid=17664, tid=7844
#
# JRE version: Java(TM) SE Runtime Environment 18.9 (11.0.20+9) (build 11.0.20+9-LTS-256)
# Java VM: Java HotSpot(TM) 64-Bit Server VM 18.9 (11.0.20+9-LTS-256, mixed mode, tiered, compressed oops, g1 gc, windows-amd64)
# No core dump will be written. Minidumps are not enabled by default on client versions of Windows
#

---------------  S U M M A R Y ------------

Command Line: -agentlib:jdwp=transport=dt_socket,address=127.0.0.1:57866,suspend=y,server=n -XX:TieredStopAtLevel=1 -Xverify:none -Dspring.output.ansi.enabled=always -Dcom.sun.management.jmxremote -Dspring.jmx.enabled=true -Dspring.liveBeansView.mbeanDomain -Dspring.application.admin.enabled=true -Dmanagement.endpoints.jmx.exposure.include=* -javaagent:C:\Users\think\AppData\Local\JetBrains\IntelliJIdea2023.3\captureAgent\debugger-agent.jar=file:/C:/Users/think/AppData/Local/Temp/capture7.props -Dfile.encoding=UTF-8 com.sl.CourierApplication

Host: 13th Gen Intel(R) Core(TM) i5-1340P, 16 cores, 47G,  Windows 11 , 64 bit Build 22621 (10.0.22621.3958)
Time: Sun Oct 27 11:02:36 2024  Windows 11 , 64 bit Build 22621 (10.0.22621.3958) elapsed time: 2.371927 seconds (0d 0h 0m 2s)

---------------  T H R E A D  ---------------

Current thread (0x000001fbe97cb800):  VMThread "VM Thread" [stack: 0x000000d894300000,0x000000d894400000] [id=7844]

Stack: [0x000000d894300000,0x000000d894400000]
[error occurred during error reporting (printing stack bounds), id 0xc0000005, EXCEPTION_ACCESS_VIOLATION (0xc0000005) at pc=0x000001fbba5a0f2d]

Native frames: (J=compiled Java code, j=interpreted, Vv=VM code, C=native code)
V  [jvm.dll+0x6602ba]
V  [jvm.dll+0x7a32af]
V  [jvm.dll+0x7a4979]
V  [jvm.dll+0x7a4f75]
V  [jvm.dll+0x7a4f2b]
V  [jvm.dll+0x65f7c3]
V  [jvm.dll+0x65feb8]
C  [ntdll.dll+0xa517f]
C  [ntdll.dll+0x1e856]
C  [ntdll.dll+0xa416e]
C  0x000001fbba5a0f2d

VM_Operation (0x000000d893dfc380): CollectForMetadataAllocation, mode: safepoint, requested by thread 0x000001fbb2ef2000


---------------  P R O C E S S  ---------------

Threads class SMR info:
_java_thread_list=0x000001fbea2ccdc0, length=12, elements={
0x000001fbb2ef2000, 0x000001fbe97ce800, 0x000001fbe97cf800, 0x000001fbe9867000,
0x000001fbe9869000, 0x000001fbe986a000, 0x000001fbe986f800, 0x000001fbe9870800,
0x000001fbea23e000, 0x000001fbea2d6000, 0x000001fbea2d9000, 0x000001fbea2da000
}
_to_delete_list=0x000001fbea2cd690, length=11, elements={
0x000001fbb2ef2000, 0x000001fbe97ce800, 0x000001fbe97cf800, 0x000001fbe9867000,
0x000001fbe9869000, 0x000001fbe986a000, 0x000001fbe986f800, 0x000001fbe9870800,
0x000001fbea23e000, 0x000001fbea2d6000, 0x000001fbea2d9000
}

Java Threads: ( => current thread )
  0x000001fbb2ef2000 JavaThread "main" [_thread_blocked, id=34432, stack(0x000000d893d00000,0x000000d893e00000)]
  0x000001fbe97ce800 JavaThread "Reference Handler" daemon [_thread_blocked, id=34684, stack(0x000000d894400000,0x000000d894500000)]
  0x000001fbe97cf800 JavaThread "Finalizer" daemon [_thread_blocked, id=12548, stack(0x000000d894500000,0x000000d894600000)]
  0x000001fbe9867000 JavaThread "Signal Dispatcher" daemon [_thread_blocked, id=34520, stack(0x000000d894600000,0x000000d894700000)]
  0x000001fbe9869000 JavaThread "Attach Listener" daemon [_thread_blocked, id=34624, stack(0x000000d894700000,0x000000d894800000)]
  0x000001fbe986a000 JavaThread "Service Thread" daemon [_thread_blocked, id=31936, stack(0x000000d894800000,0x000000d894900000)]
  0x000001fbe986f800 JavaThread "C1 CompilerThread0" daemon [_thread_blocked, id=6912, stack(0x000000d894900000,0x000000d894a00000)]
  0x000001fbe9870800 JavaThread "Sweeper thread" daemon [_thread_blocked, id=1408, stack(0x000000d894a00000,0x000000d894b00000)]
  0x000001fbea23e000 JavaThread "Common-Cleaner" daemon [_thread_blocked, id=24772, stack(0x000000d894b00000,0x000000d894c00000)]
  0x000001fbea2d6000 JavaThread "JDWP Transport Listener: dt_socket" daemon [_thread_blocked, id=16224, stack(0x000000d894c00000,0x000000d894d00000)]
  0x000001fbea2d9000 JavaThread "JDWP Event Helper Thread" daemon [_thread_blocked, id=5280, stack(0x000000d894d00000,0x000000d894e00000)]
  0x000001fbea2da000 JavaThread "JDWP Command Reader" daemon [_thread_in_native, id=33372, stack(0x000000d894e00000,0x000000d894f00000)]

Other Threads:
=>0x000001fbe97cb800 VMThread "VM Thread" [stack: 0x000000d894300000,0x000000d894400000] [id=7844]
  0x000001fbb2f0a800 GCTaskThread "GC Thread#0" [stack: 0x000000d893e00000,0x000000d893f00000] [id=28132]
  0x000001fbeb13e000 GCTaskThread "GC Thread#1" [stack: 0x000000d894f00000,0x000000d895000000] [id=33484]
  0x000001fbeb13f000 GCTaskThread "GC Thread#2" [stack: 0x000000d895000000,0x000000d895100000] [id=21468]
  0x000001fbeb14d800 GCTaskThread "GC Thread#3" [stack: 0x000000d895100000,0x000000d895200000] [id=4232]
  0x000001fbeb14e000 GCTaskThread "GC Thread#4" [stack: 0x000000d895200000,0x000000d895300000] [id=32396]
  0x000001fbeb14f000 GCTaskThread "GC Thread#5" [stack: 0x000000d895300000,0x000000d895400000] [id=32044]
  0x000001fbeb152000 GCTaskThread "GC Thread#6" [stack: 0x000000d895400000,0x000000d895500000] [id=20168]
  0x000001fbeb170800 GCTaskThread "GC Thread#7" [stack: 0x000000d895500000,0x000000d895600000] [id=34688]
  0x000001fbeb171000 GCTaskThread "GC Thread#8" [stack: 0x000000d895600000,0x000000d895700000] [id=31616]
  0x000001fbeb171800 GCTaskThread "GC Thread#9" [stack: 0x000000d895700000,0x000000d895800000] [id=30868]
  0x000001fbeb172800 GCTaskThread "GC Thread#10" [stack: 0x000000d895800000,0x000000d895900000] [id=13668]
  0x000001fbb2f64000 ConcurrentGCThread "G1 Main Marker" [stack: 0x000000d893f00000,0x000000d894000000] [id=30700]
  0x000001fbb2f65000 ConcurrentGCThread "G1 Conc#0" [stack: 0x000000d894000000,0x000000d894100000] [id=25112]
  0x000001fbca03c000 ConcurrentGCThread "G1 Refine#0" [stack: 0x000000d894100000,0x000000d894200000] [id=2836]
  0x000001fbca03d000 ConcurrentGCThread "G1 Young RemSet Sampling" [stack: 0x000000d894200000,0x000000d894300000] [id=21796]

Threads with active compile tasks:

VM state:at safepoint (normal execution)

VM Mutex/Monitor currently owned by a thread:  ([mutex/lock_event])
[0x000001fbb2eef290] Threads_lock - owner thread: 0x000001fbe97cb800
[0x000001fbb2eefdd0] Heap_lock - owner thread: 0x000001fbb2ef2000

Heap address: 0x0000000505400000, size: 12204 MB, Compressed Oops mode: Zero based, Oop shift amount: 3
Narrow klass base: 0x0000000800000000, Narrow klass shift: 0
Compressed class space size: 1073741824 Address: 0x0000000800000000

Heap:
 garbage-first heap   total 782336K, used 11632K [0x0000000505400000, 0x0000000800000000)
  region size 2048K, 3 young (6144K), 3 survivors (6144K)
 Metaspace       used 12577K, capacity 12944K, committed 13184K, reserved 1064960K
  class space    used 1310K, capacity 1407K, committed 1408K, reserved 1048576K
Heap Regions: E=young(eden), S=young(survivor), O=old, HS=humongous(starts), HC=humongous(continues), CS=collection set, F=free, A=archive, TAMS=top-at-mark-start (previous, next)
|   0|0x0000000505400000, 0x0000000505600000, 0x0000000505600000|100%| O|  |TAMS 0x0000000505400000, 0x0000000505600000| Untracked 
|   1|0x0000000505600000, 0x0000000505800000, 0x0000000505800000|100%| O|  |TAMS 0x0000000505600000, 0x0000000505800000| Untracked 
|   2|0x0000000505800000, 0x000000050595c000, 0x0000000505a00000| 67%| O|  |TAMS 0x0000000505800000, 0x000000050595c000| Untracked 
|   3|0x0000000505a00000, 0x0000000505a00000, 0x0000000505c00000|  0%| F|  |TAMS 0x0000000505a00000, 0x0000000505a00000| Untracked 
|   4|0x0000000505c00000, 0x0000000505c00000, 0x0000000505e00000|  0%| F|  |TAMS 0x0000000505c00000, 0x0000000505c00000| Untracked 
|   5|0x0000000505e00000, 0x0000000505e00000, 0x0000000506000000|  0%| F|  |TAMS 0x0000000505e00000, 0x0000000505e00000| Untracked 
|   6|0x0000000506000000, 0x0000000506000000, 0x0000000506200000|  0%| F|  |TAMS 0x0000000506000000, 0x0000000506000000| Untracked 
|   7|0x0000000506200000, 0x0000000506200000, 0x0000000506400000|  0%| F|  |TAMS 0x0000000506200000, 0x0000000506200000| Untracked 
|   8|0x0000000506400000, 0x0000000506400000, 0x0000000506600000|  0%| F|  |TAMS 0x0000000506400000, 0x0000000506400000| Untracked 
|   9|0x0000000506600000, 0x0000000506600000, 0x0000000506800000|  0%| F|  |TAMS 0x0000000506600000, 0x0000000506600000| Untracked 
|  10|0x0000000506800000, 0x0000000506800000, 0x0000000506a00000|  0%| F|  |TAMS 0x0000000506800000, 0x0000000506800000| Untracked 
|  11|0x0000000506a00000, 0x0000000506a00000, 0x0000000506c00000|  0%| F|  |TAMS 0x0000000506a00000, 0x0000000506a00000| Untracked 
|  12|0x0000000506c00000, 0x0000000506c00000, 0x0000000506e00000|  0%| F|  |TAMS 0x0000000506c00000, 0x0000000506c00000| Untracked 
|  13|0x0000000506e00000, 0x0000000506e00000, 0x0000000507000000|  0%| F|  |TAMS 0x0000000506e00000, 0x0000000506e00000| Untracked 
|  14|0x0000000507000000, 0x0000000507000000, 0x0000000507200000|  0%| F|  |TAMS 0x0000000507000000, 0x0000000507000000| Untracked 
|  15|0x0000000507200000, 0x0000000507200000, 0x0000000507400000|  0%| F|  |TAMS 0x0000000507200000, 0x0000000507200000| Untracked 
|  16|0x0000000507400000, 0x0000000507400000, 0x0000000507600000|  0%| F|  |TAMS 0x0000000507400000, 0x0000000507400000| Untracked 
|  17|0x0000000507600000, 0x0000000507600000, 0x0000000507800000|  0%| F|  |TAMS 0x0000000507600000, 0x0000000507600000| Untracked 
|  18|0x0000000507800000, 0x0000000507800000, 0x0000000507a00000|  0%| F|  |TAMS 0x0000000507800000, 0x0000000507800000| Untracked 
|  19|0x0000000507a00000, 0x0000000507a00000, 0x0000000507c00000|  0%| F|  |TAMS 0x0000000507a00000, 0x0000000507a00000| Untracked 
|  20|0x0000000507c00000, 0x0000000507c00000, 0x0000000507e00000|  0%| F|  |TAMS 0x0000000507c00000, 0x0000000507c00000| Untracked 
|  21|0x0000000507e00000, 0x0000000507e00000, 0x0000000508000000|  0%| F|  |TAMS 0x0000000507e00000, 0x0000000507e00000| Untracked 
|  22|0x0000000508000000, 0x0000000508000000, 0x0000000508200000|  0%| F|  |TAMS 0x0000000508000000, 0x0000000508000000| Untracked 
|  23|0x0000000508200000, 0x0000000508200000, 0x0000000508400000|  0%| F|  |TAMS 0x0000000508200000, 0x0000000508200000| Untracked 
|  24|0x0000000508400000, 0x0000000508400000, 0x0000000508600000|  0%| F|  |TAMS 0x0000000508400000, 0x0000000508400000| Untracked 
|  25|0x0000000508600000, 0x0000000508600000, 0x0000000508800000|  0%| F|  |TAMS 0x0000000508600000, 0x0000000508600000| Untracked 
|  26|0x0000000508800000, 0x0000000508800000, 0x0000000508a00000|  0%| F|  |TAMS 0x0000000508800000, 0x0000000508800000| Untracked 
|  27|0x0000000508a00000, 0x0000000508a00000, 0x0000000508c00000|  0%| F|  |TAMS 0x0000000508a00000, 0x0000000508a00000| Untracked 
|  28|0x0000000508c00000, 0x0000000508c00000, 0x0000000508e00000|  0%| F|  |TAMS 0x0000000508c00000, 0x0000000508c00000| Untracked 
|  29|0x0000000508e00000, 0x0000000508e00000, 0x0000000509000000|  0%| F|  |TAMS 0x0000000508e00000, 0x0000000508e00000| Untracked 
|  30|0x0000000509000000, 0x0000000509000000, 0x0000000509200000|  0%| F|  |TAMS 0x0000000509000000, 0x0000000509000000| Untracked 
|  31|0x0000000509200000, 0x0000000509200000, 0x0000000509400000|  0%| F|  |TAMS 0x0000000509200000, 0x0000000509200000| Untracked 
|  32|0x0000000509400000, 0x0000000509400000, 0x0000000509600000|  0%| F|  |TAMS 0x0000000509400000, 0x0000000509400000| Untracked 
|  33|0x0000000509600000, 0x0000000509600000, 0x0000000509800000|  0%| F|  |TAMS 0x0000000509600000, 0x0000000509600000| Untracked 
|  34|0x0000000509800000, 0x0000000509800000, 0x0000000509a00000|  0%| F|  |TAMS 0x0000000509800000, 0x0000000509800000| Untracked 
|  35|0x0000000509a00000, 0x0000000509a00000, 0x0000000509c00000|  0%| F|  |TAMS 0x0000000509a00000, 0x0000000509a00000| Untracked 
|  36|0x0000000509c00000, 0x0000000509c00000, 0x0000000509e00000|  0%| F|  |TAMS 0x0000000509c00000, 0x0000000509c00000| Untracked 
|  37|0x0000000509e00000, 0x0000000509e00000, 0x000000050a000000|  0%| F|  |TAMS 0x0000000509e00000, 0x0000000509e00000| Untracked 
|  38|0x000000050a000000, 0x000000050a000000, 0x000000050a200000|  0%| F|  |TAMS 0x000000050a000000, 0x000000050a000000| Untracked 
|  39|0x000000050a200000, 0x000000050a200000, 0x000000050a400000|  0%| F|  |TAMS 0x000000050a200000, 0x000000050a200000| Untracked 
|  40|0x000000050a400000, 0x000000050a400000, 0x000000050a600000|  0%| F|  |TAMS 0x000000050a400000, 0x000000050a400000| Untracked 
|  41|0x000000050a600000, 0x000000050a600000, 0x000000050a800000|  0%| F|  |TAMS 0x000000050a600000, 0x000000050a600000| Untracked 
|  42|0x000000050a800000, 0x000000050a800000, 0x000000050aa00000|  0%| F|  |TAMS 0x000000050a800000, 0x000000050a800000| Untracked 
|  43|0x000000050aa00000, 0x000000050aa00000, 0x000000050ac00000|  0%| F|  |TAMS 0x000000050aa00000, 0x000000050aa00000| Untracked 
|  44|0x000000050ac00000, 0x000000050ac00000, 0x000000050ae00000|  0%| F|  |TAMS 0x000000050ac00000, 0x000000050ac00000| Untracked 
|  45|0x000000050ae00000, 0x000000050ae00000, 0x000000050b000000|  0%| F|  |TAMS 0x000000050ae00000, 0x000000050ae00000| Untracked 
|  46|0x000000050b000000, 0x000000050b000000, 0x000000050b200000|  0%| F|  |TAMS 0x000000050b000000, 0x000000050b000000| Untracked 
|  47|0x000000050b200000, 0x000000050b200000, 0x000000050b400000|  0%| F|  |TAMS 0x000000050b200000, 0x000000050b200000| Untracked 
|  48|0x000000050b400000, 0x000000050b400000, 0x000000050b600000|  0%| F|  |TAMS 0x000000050b400000, 0x000000050b400000| Untracked 
|  49|0x000000050b600000, 0x000000050b600000, 0x000000050b800000|  0%| F|  |TAMS 0x000000050b600000, 0x000000050b600000| Untracked 
|  50|0x000000050b800000, 0x000000050b800000, 0x000000050ba00000|  0%| F|  |TAMS 0x000000050b800000, 0x000000050b800000| Untracked 
|  51|0x000000050ba00000, 0x000000050ba00000, 0x000000050bc00000|  0%| F|  |TAMS 0x000000050ba00000, 0x000000050ba00000| Untracked 
|  52|0x000000050bc00000, 0x000000050bc00000, 0x000000050be00000|  0%| F|  |TAMS 0x000000050bc00000, 0x000000050bc00000| Untracked 
|  53|0x000000050be00000, 0x000000050be00000, 0x000000050c000000|  0%| F|  |TAMS 0x000000050be00000, 0x000000050be00000| Untracked 
|  54|0x000000050c000000, 0x000000050c000000, 0x000000050c200000|  0%| F|  |TAMS 0x000000050c000000, 0x000000050c000000| Untracked 
|  55|0x000000050c200000, 0x000000050c200000, 0x000000050c400000|  0%| F|  |TAMS 0x000000050c200000, 0x000000050c200000| Untracked 
|  56|0x000000050c400000, 0x000000050c400000, 0x000000050c600000|  0%| F|  |TAMS 0x000000050c400000, 0x000000050c400000| Untracked 
|  57|0x000000050c600000, 0x000000050c600000, 0x000000050c800000|  0%| F|  |TAMS 0x000000050c600000, 0x000000050c600000| Untracked 
|  58|0x000000050c800000, 0x000000050c800000, 0x000000050ca00000|  0%| F|  |TAMS 0x000000050c800000, 0x000000050c800000| Untracked 
|  59|0x000000050ca00000, 0x000000050ca00000, 0x000000050cc00000|  0%| F|  |TAMS 0x000000050ca00000, 0x000000050ca00000| Untracked 
|  60|0x000000050cc00000, 0x000000050cc00000, 0x000000050ce00000|  0%| F|  |TAMS 0x000000050cc00000, 0x000000050cc00000| Untracked 
|  61|0x000000050ce00000, 0x000000050ce00000, 0x000000050d000000|  0%| F|  |TAMS 0x000000050ce00000, 0x000000050ce00000| Untracked 
|  62|0x000000050d000000, 0x000000050d000000, 0x000000050d200000|  0%| F|  |TAMS 0x000000050d000000, 0x000000050d000000| Untracked 
|  63|0x000000050d200000, 0x000000050d200000, 0x000000050d400000|  0%| F|  |TAMS 0x000000050d200000, 0x000000050d200000| Untracked 
|  64|0x000000050d400000, 0x000000050d400000, 0x000000050d600000|  0%| F|  |TAMS 0x000000050d400000, 0x000000050d400000| Untracked 
|  65|0x000000050d600000, 0x000000050d600000, 0x000000050d800000|  0%| F|  |TAMS 0x000000050d600000, 0x000000050d600000| Untracked 
|  66|0x000000050d800000, 0x000000050d800000, 0x000000050da00000|  0%| F|  |TAMS 0x000000050d800000, 0x000000050d800000| Untracked 
|  67|0x000000050da00000, 0x000000050da00000, 0x000000050dc00000|  0%| F|  |TAMS 0x000000050da00000, 0x000000050da00000| Untracked 
|  68|0x000000050dc00000, 0x000000050dc00000, 0x000000050de00000|  0%| F|  |TAMS 0x000000050dc00000, 0x000000050dc00000| Untracked 
|  69|0x000000050de00000, 0x000000050de00000, 0x000000050e000000|  0%| F|  |TAMS 0x000000050de00000, 0x000000050de00000| Untracked 
|  70|0x000000050e000000, 0x000000050e000000, 0x000000050e200000|  0%| F|  |TAMS 0x000000050e000000, 0x000000050e000000| Untracked 
|  71|0x000000050e200000, 0x000000050e200000, 0x000000050e400000|  0%| F|  |TAMS 0x000000050e200000, 0x000000050e200000| Untracked 
|  72|0x000000050e400000, 0x000000050e400000, 0x000000050e600000|  0%| F|  |TAMS 0x000000050e400000, 0x000000050e400000| Untracked 
|  73|0x000000050e600000, 0x000000050e600000, 0x000000050e800000|  0%| F|  |TAMS 0x000000050e600000, 0x000000050e600000| Untracked 
|  74|0x000000050e800000, 0x000000050e800000, 0x000000050ea00000|  0%| F|  |TAMS 0x000000050e800000, 0x000000050e800000| Untracked 
|  75|0x000000050ea00000, 0x000000050ea00000, 0x000000050ec00000|  0%| F|  |TAMS 0x000000050ea00000, 0x000000050ea00000| Untracked 
|  76|0x000000050ec00000, 0x000000050ec00000, 0x000000050ee00000|  0%| F|  |TAMS 0x000000050ec00000, 0x000000050ec00000| Untracked 
|  77|0x000000050ee00000, 0x000000050ee00000, 0x000000050f000000|  0%| F|  |TAMS 0x000000050ee00000, 0x000000050ee00000| Untracked 
|  78|0x000000050f000000, 0x000000050f000000, 0x000000050f200000|  0%| F|  |TAMS 0x000000050f000000, 0x000000050f000000| Untracked 
|  79|0x000000050f200000, 0x000000050f200000, 0x000000050f400000|  0%| F|  |TAMS 0x000000050f200000, 0x000000050f200000| Untracked 
|  80|0x000000050f400000, 0x000000050f400000, 0x000000050f600000|  0%| F|  |TAMS 0x000000050f400000, 0x000000050f400000| Untracked 
|  81|0x000000050f600000, 0x000000050f600000, 0x000000050f800000|  0%| F|  |TAMS 0x000000050f600000, 0x000000050f600000| Untracked 
|  82|0x000000050f800000, 0x000000050f800000, 0x000000050fa00000|  0%| F|  |TAMS 0x000000050f800000, 0x000000050f800000| Untracked 
|  83|0x000000050fa00000, 0x000000050fa00000, 0x000000050fc00000|  0%| F|  |TAMS 0x000000050fa00000, 0x000000050fa00000| Untracked 
|  84|0x000000050fc00000, 0x000000050fc00000, 0x000000050fe00000|  0%| F|  |TAMS 0x000000050fc00000, 0x000000050fc00000| Untracked 
|  85|0x000000050fe00000, 0x000000050fe00000, 0x0000000510000000|  0%| F|  |TAMS 0x000000050fe00000, 0x000000050fe00000| Untracked 
|  86|0x0000000510000000, 0x0000000510000000, 0x0000000510200000|  0%| F|  |TAMS 0x0000000510000000, 0x0000000510000000| Untracked 
|  87|0x0000000510200000, 0x0000000510200000, 0x0000000510400000|  0%| F|  |TAMS 0x0000000510200000, 0x0000000510200000| Untracked 
|  88|0x0000000510400000, 0x0000000510400000, 0x0000000510600000|  0%| F|  |TAMS 0x0000000510400000, 0x0000000510400000| Untracked 
|  89|0x0000000510600000, 0x0000000510600000, 0x0000000510800000|  0%| F|  |TAMS 0x0000000510600000, 0x0000000510600000| Untracked 
|  90|0x0000000510800000, 0x0000000510800000, 0x0000000510a00000|  0%| F|  |TAMS 0x0000000510800000, 0x0000000510800000| Untracked 
|  91|0x0000000510a00000, 0x0000000510a00000, 0x0000000510c00000|  0%| F|  |TAMS 0x0000000510a00000, 0x0000000510a00000| Untracked 
|  92|0x0000000510c00000, 0x0000000510c00000, 0x0000000510e00000|  0%| F|  |TAMS 0x0000000510c00000, 0x0000000510c00000| Untracked 
|  93|0x0000000510e00000, 0x0000000510e00000, 0x0000000511000000|  0%| F|  |TAMS 0x0000000510e00000, 0x0000000510e00000| Untracked 
|  94|0x0000000511000000, 0x0000000511000000, 0x0000000511200000|  0%| F|  |TAMS 0x0000000511000000, 0x0000000511000000| Untracked 
|  95|0x0000000511200000, 0x0000000511200000, 0x0000000511400000|  0%| F|  |TAMS 0x0000000511200000, 0x0000000511200000| Untracked 
|  96|0x0000000511400000, 0x0000000511400000, 0x0000000511600000|  0%| F|  |TAMS 0x0000000511400000, 0x0000000511400000| Untracked 
|  97|0x0000000511600000, 0x0000000511600000, 0x0000000511800000|  0%| F|  |TAMS 0x0000000511600000, 0x0000000511600000| Untracked 
|  98|0x0000000511800000, 0x0000000511800000, 0x0000000511a00000|  0%| F|  |TAMS 0x0000000511800000, 0x0000000511800000| Untracked 
|  99|0x0000000511a00000, 0x0000000511a00000, 0x0000000511c00000|  0%| F|  |TAMS 0x0000000511a00000, 0x0000000511a00000| Untracked 
| 100|0x0000000511c00000, 0x0000000511c00000, 0x0000000511e00000|  0%| F|  |TAMS 0x0000000511c00000, 0x0000000511c00000| Untracked 
| 101|0x0000000511e00000, 0x0000000511e00000, 0x0000000512000000|  0%| F|  |TAMS 0x0000000511e00000, 0x0000000511e00000| Untracked 
| 102|0x0000000512000000, 0x0000000512000000, 0x0000000512200000|  0%| F|  |TAMS 0x0000000512000000, 0x0000000512000000| Untracked 
| 103|0x0000000512200000, 0x0000000512200000, 0x0000000512400000|  0%| F|  |TAMS 0x0000000512200000, 0x0000000512200000| Untracked 
| 104|0x0000000512400000, 0x0000000512400000, 0x0000000512600000|  0%| F|  |TAMS 0x0000000512400000, 0x0000000512400000| Untracked 
| 105|0x0000000512600000, 0x0000000512600000, 0x0000000512800000|  0%| F|  |TAMS 0x0000000512600000, 0x0000000512600000| Untracked 
| 106|0x0000000512800000, 0x0000000512800000, 0x0000000512a00000|  0%| F|  |TAMS 0x0000000512800000, 0x0000000512800000| Untracked 
| 107|0x0000000512a00000, 0x0000000512a00000, 0x0000000512c00000|  0%| F|  |TAMS 0x0000000512a00000, 0x0000000512a00000| Untracked 
| 108|0x0000000512c00000, 0x0000000512c00000, 0x0000000512e00000|  0%| F|  |TAMS 0x0000000512c00000, 0x0000000512c00000| Untracked 
| 109|0x0000000512e00000, 0x0000000512e00000, 0x0000000513000000|  0%| F|  |TAMS 0x0000000512e00000, 0x0000000512e00000| Untracked 
| 110|0x0000000513000000, 0x0000000513000000, 0x0000000513200000|  0%| F|  |TAMS 0x0000000513000000, 0x0000000513000000| Untracked 
| 111|0x0000000513200000, 0x0000000513200000, 0x0000000513400000|  0%| F|  |TAMS 0x0000000513200000, 0x0000000513200000| Untracked 
| 112|0x0000000513400000, 0x0000000513400000, 0x0000000513600000|  0%| F|  |TAMS 0x0000000513400000, 0x0000000513400000| Untracked 
| 113|0x0000000513600000, 0x0000000513600000, 0x0000000513800000|  0%| F|  |TAMS 0x0000000513600000, 0x0000000513600000| Untracked 
| 114|0x0000000513800000, 0x0000000513800000, 0x0000000513a00000|  0%| F|  |TAMS 0x0000000513800000, 0x0000000513800000| Untracked 
| 115|0x0000000513a00000, 0x0000000513a00000, 0x0000000513c00000|  0%| F|  |TAMS 0x0000000513a00000, 0x0000000513a00000| Untracked 
| 116|0x0000000513c00000, 0x0000000513c00000, 0x0000000513e00000|  0%| F|  |TAMS 0x0000000513c00000, 0x0000000513c00000| Untracked 
| 117|0x0000000513e00000, 0x0000000513e00000, 0x0000000514000000|  0%| F|  |TAMS 0x0000000513e00000, 0x0000000513e00000| Untracked 
| 118|0x0000000514000000, 0x0000000514000000, 0x0000000514200000|  0%| F|  |TAMS 0x0000000514000000, 0x0000000514000000| Untracked 
| 119|0x0000000514200000, 0x0000000514200000, 0x0000000514400000|  0%| F|  |TAMS 0x0000000514200000, 0x0000000514200000| Untracked 
| 120|0x0000000514400000, 0x0000000514400000, 0x0000000514600000|  0%| F|  |TAMS 0x0000000514400000, 0x0000000514400000| Untracked 
| 121|0x0000000514600000, 0x0000000514600000, 0x0000000514800000|  0%| F|  |TAMS 0x0000000514600000, 0x0000000514600000| Untracked 
| 122|0x0000000514800000, 0x0000000514800000, 0x0000000514a00000|  0%| F|  |TAMS 0x0000000514800000, 0x0000000514800000| Untracked 
| 123|0x0000000514a00000, 0x0000000514a00000, 0x0000000514c00000|  0%| F|  |TAMS 0x0000000514a00000, 0x0000000514a00000| Untracked 
| 124|0x0000000514c00000, 0x0000000514c00000, 0x0000000514e00000|  0%| F|  |TAMS 0x0000000514c00000, 0x0000000514c00000| Untracked 
| 125|0x0000000514e00000, 0x0000000514e00000, 0x0000000515000000|  0%| F|  |TAMS 0x0000000514e00000, 0x0000000514e00000| Untracked 
| 126|0x0000000515000000, 0x0000000515000000, 0x0000000515200000|  0%| F|  |TAMS 0x0000000515000000, 0x0000000515000000| Untracked 
| 127|0x0000000515200000, 0x0000000515200000, 0x0000000515400000|  0%| F|  |TAMS 0x0000000515200000, 0x0000000515200000| Untracked 
| 128|0x0000000515400000, 0x0000000515400000, 0x0000000515600000|  0%| F|  |TAMS 0x0000000515400000, 0x0000000515400000| Untracked 
| 129|0x0000000515600000, 0x0000000515600000, 0x0000000515800000|  0%| F|  |TAMS 0x0000000515600000, 0x0000000515600000| Untracked 
| 130|0x0000000515800000, 0x0000000515800000, 0x0000000515a00000|  0%| F|  |TAMS 0x0000000515800000, 0x0000000515800000| Untracked 
| 131|0x0000000515a00000, 0x0000000515a00000, 0x0000000515c00000|  0%| F|  |TAMS 0x0000000515a00000, 0x0000000515a00000| Untracked 
| 132|0x0000000515c00000, 0x0000000515c00000, 0x0000000515e00000|  0%| F|  |TAMS 0x0000000515c00000, 0x0000000515c00000| Untracked 
| 133|0x0000000515e00000, 0x0000000515e00000, 0x0000000516000000|  0%| F|  |TAMS 0x0000000515e00000, 0x0000000515e00000| Untracked 
| 134|0x0000000516000000, 0x0000000516000000, 0x0000000516200000|  0%| F|  |TAMS 0x0000000516000000, 0x0000000516000000| Untracked 
| 135|0x0000000516200000, 0x0000000516200000, 0x0000000516400000|  0%| F|  |TAMS 0x0000000516200000, 0x0000000516200000| Untracked 
| 136|0x0000000516400000, 0x0000000516400000, 0x0000000516600000|  0%| F|  |TAMS 0x0000000516400000, 0x0000000516400000| Untracked 
| 137|0x0000000516600000, 0x0000000516600000, 0x0000000516800000|  0%| F|  |TAMS 0x0000000516600000, 0x0000000516600000| Untracked 
| 138|0x0000000516800000, 0x0000000516800000, 0x0000000516a00000|  0%| F|  |TAMS 0x0000000516800000, 0x0000000516800000| Untracked 
| 139|0x0000000516a00000, 0x0000000516a00000, 0x0000000516c00000|  0%| F|  |TAMS 0x0000000516a00000, 0x0000000516a00000| Untracked 
| 140|0x0000000516c00000, 0x0000000516c00000, 0x0000000516e00000|  0%| F|  |TAMS 0x0000000516c00000, 0x0000000516c00000| Untracked 
| 141|0x0000000516e00000, 0x0000000516e00000, 0x0000000517000000|  0%| F|  |TAMS 0x0000000516e00000, 0x0000000516e00000| Untracked 
| 142|0x0000000517000000, 0x0000000517000000, 0x0000000517200000|  0%| F|  |TAMS 0x0000000517000000, 0x0000000517000000| Untracked 
| 143|0x0000000517200000, 0x0000000517200000, 0x0000000517400000|  0%| F|  |TAMS 0x0000000517200000, 0x0000000517200000| Untracked 
| 144|0x0000000517400000, 0x0000000517400000, 0x0000000517600000|  0%| F|  |TAMS 0x0000000517400000, 0x0000000517400000| Untracked 
| 145|0x0000000517600000, 0x0000000517600000, 0x0000000517800000|  0%| F|  |TAMS 0x0000000517600000, 0x0000000517600000| Untracked 
| 146|0x0000000517800000, 0x0000000517800000, 0x0000000517a00000|  0%| F|  |TAMS 0x0000000517800000, 0x0000000517800000| Untracked 
| 147|0x0000000517a00000, 0x0000000517a00000, 0x0000000517c00000|  0%| F|  |TAMS 0x0000000517a00000, 0x0000000517a00000| Untracked 
| 148|0x0000000517c00000, 0x0000000517c00000, 0x0000000517e00000|  0%| F|  |TAMS 0x0000000517c00000, 0x0000000517c00000| Untracked 
| 149|0x0000000517e00000, 0x0000000517e00000, 0x0000000518000000|  0%| F|  |TAMS 0x0000000517e00000, 0x0000000517e00000| Untracked 
| 150|0x0000000518000000, 0x0000000518000000, 0x0000000518200000|  0%| F|  |TAMS 0x0000000518000000, 0x0000000518000000| Untracked 
| 151|0x0000000518200000, 0x0000000518200000, 0x0000000518400000|  0%| F|  |TAMS 0x0000000518200000, 0x0000000518200000| Untracked 
| 152|0x0000000518400000, 0x0000000518400000, 0x0000000518600000|  0%| F|  |TAMS 0x0000000518400000, 0x0000000518400000| Untracked 
| 153|0x0000000518600000, 0x0000000518600000, 0x0000000518800000|  0%| F|  |TAMS 0x0000000518600000, 0x0000000518600000| Untracked 
| 154|0x0000000518800000, 0x0000000518800000, 0x0000000518a00000|  0%| F|  |TAMS 0x0000000518800000, 0x0000000518800000| Untracked 
| 155|0x0000000518a00000, 0x0000000518a00000, 0x0000000518c00000|  0%| F|  |TAMS 0x0000000518a00000, 0x0000000518a00000| Untracked 
| 156|0x0000000518c00000, 0x0000000518c00000, 0x0000000518e00000|  0%| F|  |TAMS 0x0000000518c00000, 0x0000000518c00000| Untracked 
| 157|0x0000000518e00000, 0x0000000518e00000, 0x0000000519000000|  0%| F|  |TAMS 0x0000000518e00000, 0x0000000518e00000| Untracked 
| 158|0x0000000519000000, 0x0000000519000000, 0x0000000519200000|  0%| F|  |TAMS 0x0000000519000000, 0x0000000519000000| Untracked 
| 159|0x0000000519200000, 0x0000000519200000, 0x0000000519400000|  0%| F|  |TAMS 0x0000000519200000, 0x0000000519200000| Untracked 
| 160|0x0000000519400000, 0x0000000519400000, 0x0000000519600000|  0%| F|  |TAMS 0x0000000519400000, 0x0000000519400000| Untracked 
| 161|0x0000000519600000, 0x0000000519600000, 0x0000000519800000|  0%| F|  |TAMS 0x0000000519600000, 0x0000000519600000| Untracked 
| 162|0x0000000519800000, 0x0000000519800000, 0x0000000519a00000|  0%| F|  |TAMS 0x0000000519800000, 0x0000000519800000| Untracked 
| 163|0x0000000519a00000, 0x0000000519a00000, 0x0000000519c00000|  0%| F|  |TAMS 0x0000000519a00000, 0x0000000519a00000| Untracked 
| 164|0x0000000519c00000, 0x0000000519c00000, 0x0000000519e00000|  0%| F|  |TAMS 0x0000000519c00000, 0x0000000519c00000| Untracked 
| 165|0x0000000519e00000, 0x0000000519e00000, 0x000000051a000000|  0%| F|  |TAMS 0x0000000519e00000, 0x0000000519e00000| Untracked 
| 166|0x000000051a000000, 0x000000051a000000, 0x000000051a200000|  0%| F|  |TAMS 0x000000051a000000, 0x000000051a000000| Untracked 
| 167|0x000000051a200000, 0x000000051a200000, 0x000000051a400000|  0%| F|  |TAMS 0x000000051a200000, 0x000000051a200000| Untracked 
| 168|0x000000051a400000, 0x000000051a400000, 0x000000051a600000|  0%| F|  |TAMS 0x000000051a400000, 0x000000051a400000| Untracked 
| 169|0x000000051a600000, 0x000000051a600000, 0x000000051a800000|  0%| F|  |TAMS 0x000000051a600000, 0x000000051a600000| Untracked 
| 170|0x000000051a800000, 0x000000051a800000, 0x000000051aa00000|  0%| F|  |TAMS 0x000000051a800000, 0x000000051a800000| Untracked 
| 171|0x000000051aa00000, 0x000000051aa00000, 0x000000051ac00000|  0%| F|  |TAMS 0x000000051aa00000, 0x000000051aa00000| Untracked 
| 172|0x000000051ac00000, 0x000000051ac00000, 0x000000051ae00000|  0%| F|  |TAMS 0x000000051ac00000, 0x000000051ac00000| Untracked 
| 173|0x000000051ae00000, 0x000000051ae00000, 0x000000051b000000|  0%| F|  |TAMS 0x000000051ae00000, 0x000000051ae00000| Untracked 
| 174|0x000000051b000000, 0x000000051b000000, 0x000000051b200000|  0%| F|  |TAMS 0x000000051b000000, 0x000000051b000000| Untracked 
| 175|0x000000051b200000, 0x000000051b200000, 0x000000051b400000|  0%| F|  |TAMS 0x000000051b200000, 0x000000051b200000| Untracked 
| 176|0x000000051b400000, 0x000000051b400000, 0x000000051b600000|  0%| F|  |TAMS 0x000000051b400000, 0x000000051b400000| Untracked 
| 177|0x000000051b600000, 0x000000051b600000, 0x000000051b800000|  0%| F|  |TAMS 0x000000051b600000, 0x000000051b600000| Untracked 
| 178|0x000000051b800000, 0x000000051b800000, 0x000000051ba00000|  0%| F|  |TAMS 0x000000051b800000, 0x000000051b800000| Untracked 
| 179|0x000000051ba00000, 0x000000051ba00000, 0x000000051bc00000|  0%| F|  |TAMS 0x000000051ba00000, 0x000000051ba00000| Untracked 
| 180|0x000000051bc00000, 0x000000051bc00000, 0x000000051be00000|  0%| F|  |TAMS 0x000000051bc00000, 0x000000051bc00000| Untracked 
| 181|0x000000051be00000, 0x000000051be00000, 0x000000051c000000|  0%| F|  |TAMS 0x000000051be00000, 0x000000051be00000| Untracked 
| 182|0x000000051c000000, 0x000000051c000000, 0x000000051c200000|  0%| F|  |TAMS 0x000000051c000000, 0x000000051c000000| Untracked 
| 183|0x000000051c200000, 0x000000051c200000, 0x000000051c400000|  0%| F|  |TAMS 0x000000051c200000, 0x000000051c200000| Untracked 
| 184|0x000000051c400000, 0x000000051c400000, 0x000000051c600000|  0%| F|  |TAMS 0x000000051c400000, 0x000000051c400000| Untracked 
| 185|0x000000051c600000, 0x000000051c600000, 0x000000051c800000|  0%| F|  |TAMS 0x000000051c600000, 0x000000051c600000| Untracked 
| 186|0x000000051c800000, 0x000000051c800000, 0x000000051ca00000|  0%| F|  |TAMS 0x000000051c800000, 0x000000051c800000| Untracked 
| 187|0x000000051ca00000, 0x000000051ca00000, 0x000000051cc00000|  0%| F|  |TAMS 0x000000051ca00000, 0x000000051ca00000| Untracked 
| 188|0x000000051cc00000, 0x000000051cc00000, 0x000000051ce00000|  0%| F|  |TAMS 0x000000051cc00000, 0x000000051cc00000| Untracked 
| 189|0x000000051ce00000, 0x000000051ce00000, 0x000000051d000000|  0%| F|  |TAMS 0x000000051ce00000, 0x000000051ce00000| Untracked 
| 190|0x000000051d000000, 0x000000051d000000, 0x000000051d200000|  0%| F|  |TAMS 0x000000051d000000, 0x000000051d000000| Untracked 
| 191|0x000000051d200000, 0x000000051d200000, 0x000000051d400000|  0%| F|  |TAMS 0x000000051d200000, 0x000000051d200000| Untracked 
| 192|0x000000051d400000, 0x000000051d400000, 0x000000051d600000|  0%| F|  |TAMS 0x000000051d400000, 0x000000051d400000| Untracked 
| 193|0x000000051d600000, 0x000000051d600000, 0x000000051d800000|  0%| F|  |TAMS 0x000000051d600000, 0x000000051d600000| Untracked 
| 194|0x000000051d800000, 0x000000051d800000, 0x000000051da00000|  0%| F|  |TAMS 0x000000051d800000, 0x000000051d800000| Untracked 
| 195|0x000000051da00000, 0x000000051da00000, 0x000000051dc00000|  0%| F|  |TAMS 0x000000051da00000, 0x000000051da00000| Untracked 
| 196|0x000000051dc00000, 0x000000051dc00000, 0x000000051de00000|  0%| F|  |TAMS 0x000000051dc00000, 0x000000051dc00000| Untracked 
| 197|0x000000051de00000, 0x000000051de00000, 0x000000051e000000|  0%| F|  |TAMS 0x000000051de00000, 0x000000051de00000| Untracked 
| 198|0x000000051e000000, 0x000000051e000000, 0x000000051e200000|  0%| F|  |TAMS 0x000000051e000000, 0x000000051e000000| Untracked 
| 199|0x000000051e200000, 0x000000051e200000, 0x000000051e400000|  0%| F|  |TAMS 0x000000051e200000, 0x000000051e200000| Untracked 
| 200|0x000000051e400000, 0x000000051e400000, 0x000000051e600000|  0%| F|  |TAMS 0x000000051e400000, 0x000000051e400000| Untracked 
| 201|0x000000051e600000, 0x000000051e600000, 0x000000051e800000|  0%| F|  |TAMS 0x000000051e600000, 0x000000051e600000| Untracked 
| 202|0x000000051e800000, 0x000000051e800000, 0x000000051ea00000|  0%| F|  |TAMS 0x000000051e800000, 0x000000051e800000| Untracked 
| 203|0x000000051ea00000, 0x000000051ea00000, 0x000000051ec00000|  0%| F|  |TAMS 0x000000051ea00000, 0x000000051ea00000| Untracked 
| 204|0x000000051ec00000, 0x000000051ec00000, 0x000000051ee00000|  0%| F|  |TAMS 0x000000051ec00000, 0x000000051ec00000| Untracked 
| 205|0x000000051ee00000, 0x000000051ee00000, 0x000000051f000000|  0%| F|  |TAMS 0x000000051ee00000, 0x000000051ee00000| Untracked 
| 206|0x000000051f000000, 0x000000051f000000, 0x000000051f200000|  0%| F|  |TAMS 0x000000051f000000, 0x000000051f000000| Untracked 
| 207|0x000000051f200000, 0x000000051f200000, 0x000000051f400000|  0%| F|  |TAMS 0x000000051f200000, 0x000000051f200000| Untracked 
| 208|0x000000051f400000, 0x000000051f400000, 0x000000051f600000|  0%| F|  |TAMS 0x000000051f400000, 0x000000051f400000| Untracked 
| 209|0x000000051f600000, 0x000000051f600000, 0x000000051f800000|  0%| F|  |TAMS 0x000000051f600000, 0x000000051f600000| Untracked 
| 210|0x000000051f800000, 0x000000051f800000, 0x000000051fa00000|  0%| F|  |TAMS 0x000000051f800000, 0x000000051f800000| Untracked 
| 211|0x000000051fa00000, 0x000000051fa00000, 0x000000051fc00000|  0%| F|  |TAMS 0x000000051fa00000, 0x000000051fa00000| Untracked 
| 212|0x000000051fc00000, 0x000000051fc00000, 0x000000051fe00000|  0%| F|  |TAMS 0x000000051fc00000, 0x000000051fc00000| Untracked 
| 213|0x000000051fe00000, 0x000000051fe00000, 0x0000000520000000|  0%| F|  |TAMS 0x000000051fe00000, 0x000000051fe00000| Untracked 
| 214|0x0000000520000000, 0x0000000520000000, 0x0000000520200000|  0%| F|  |TAMS 0x0000000520000000, 0x0000000520000000| Untracked 
| 215|0x0000000520200000, 0x0000000520200000, 0x0000000520400000|  0%| F|  |TAMS 0x0000000520200000, 0x0000000520200000| Untracked 
| 216|0x0000000520400000, 0x0000000520400000, 0x0000000520600000|  0%| F|  |TAMS 0x0000000520400000, 0x0000000520400000| Untracked 
| 217|0x0000000520600000, 0x0000000520600000, 0x0000000520800000|  0%| F|  |TAMS 0x0000000520600000, 0x0000000520600000| Untracked 
| 218|0x0000000520800000, 0x0000000520800000, 0x0000000520a00000|  0%| F|  |TAMS 0x0000000520800000, 0x0000000520800000| Untracked 
| 219|0x0000000520a00000, 0x0000000520a00000, 0x0000000520c00000|  0%| F|  |TAMS 0x0000000520a00000, 0x0000000520a00000| Untracked 
| 220|0x0000000520c00000, 0x0000000520c00000, 0x0000000520e00000|  0%| F|  |TAMS 0x0000000520c00000, 0x0000000520c00000| Untracked 
| 221|0x0000000520e00000, 0x0000000520e00000, 0x0000000521000000|  0%| F|  |TAMS 0x0000000520e00000, 0x0000000520e00000| Untracked 
| 222|0x0000000521000000, 0x0000000521000000, 0x0000000521200000|  0%| F|  |TAMS 0x0000000521000000, 0x0000000521000000| Untracked 
| 223|0x0000000521200000, 0x0000000521200000, 0x0000000521400000|  0%| F|  |TAMS 0x0000000521200000, 0x0000000521200000| Untracked 
| 224|0x0000000521400000, 0x0000000521400000, 0x0000000521600000|  0%| F|  |TAMS 0x0000000521400000, 0x0000000521400000| Untracked 
| 225|0x0000000521600000, 0x0000000521600000, 0x0000000521800000|  0%| F|  |TAMS 0x0000000521600000, 0x0000000521600000| Untracked 
| 226|0x0000000521800000, 0x0000000521800000, 0x0000000521a00000|  0%| F|  |TAMS 0x0000000521800000, 0x0000000521800000| Untracked 
| 227|0x0000000521a00000, 0x0000000521a00000, 0x0000000521c00000|  0%| F|  |TAMS 0x0000000521a00000, 0x0000000521a00000| Untracked 
| 228|0x0000000521c00000, 0x0000000521c00000, 0x0000000521e00000|  0%| F|  |TAMS 0x0000000521c00000, 0x0000000521c00000| Untracked 
| 229|0x0000000521e00000, 0x0000000521e00000, 0x0000000522000000|  0%| F|  |TAMS 0x0000000521e00000, 0x0000000521e00000| Untracked 
| 230|0x0000000522000000, 0x0000000522000000, 0x0000000522200000|  0%| F|  |TAMS 0x0000000522000000, 0x0000000522000000| Untracked 
| 231|0x0000000522200000, 0x0000000522200000, 0x0000000522400000|  0%| F|  |TAMS 0x0000000522200000, 0x0000000522200000| Untracked 
| 232|0x0000000522400000, 0x0000000522400000, 0x0000000522600000|  0%| F|  |TAMS 0x0000000522400000, 0x0000000522400000| Untracked 
| 233|0x0000000522600000, 0x0000000522600000, 0x0000000522800000|  0%| F|  |TAMS 0x0000000522600000, 0x0000000522600000| Untracked 
| 234|0x0000000522800000, 0x0000000522800000, 0x0000000522a00000|  0%| F|  |TAMS 0x0000000522800000, 0x0000000522800000| Untracked 
| 235|0x0000000522a00000, 0x0000000522a00000, 0x0000000522c00000|  0%| F|  |TAMS 0x0000000522a00000, 0x0000000522a00000| Untracked 
| 236|0x0000000522c00000, 0x0000000522c00000, 0x0000000522e00000|  0%| F|  |TAMS 0x0000000522c00000, 0x0000000522c00000| Untracked 
| 237|0x0000000522e00000, 0x0000000522e00000, 0x0000000523000000|  0%| F|  |TAMS 0x0000000522e00000, 0x0000000522e00000| Untracked 
| 238|0x0000000523000000, 0x0000000523000000, 0x0000000523200000|  0%| F|  |TAMS 0x0000000523000000, 0x0000000523000000| Untracked 
| 239|0x0000000523200000, 0x0000000523200000, 0x0000000523400000|  0%| F|  |TAMS 0x0000000523200000, 0x0000000523200000| Untracked 
| 240|0x0000000523400000, 0x0000000523400000, 0x0000000523600000|  0%| F|  |TAMS 0x0000000523400000, 0x0000000523400000| Untracked 
| 241|0x0000000523600000, 0x0000000523600000, 0x0000000523800000|  0%| F|  |TAMS 0x0000000523600000, 0x0000000523600000| Untracked 
| 242|0x0000000523800000, 0x0000000523800000, 0x0000000523a00000|  0%| F|  |TAMS 0x0000000523800000, 0x0000000523800000| Untracked 
| 243|0x0000000523a00000, 0x0000000523a00000, 0x0000000523c00000|  0%| F|  |TAMS 0x0000000523a00000, 0x0000000523a00000| Untracked 
| 244|0x0000000523c00000, 0x0000000523c00000, 0x0000000523e00000|  0%| F|  |TAMS 0x0000000523c00000, 0x0000000523c00000| Untracked 
| 245|0x0000000523e00000, 0x0000000523e00000, 0x0000000524000000|  0%| F|  |TAMS 0x0000000523e00000, 0x0000000523e00000| Untracked 
| 246|0x0000000524000000, 0x0000000524000000, 0x0000000524200000|  0%| F|  |TAMS 0x0000000524000000, 0x0000000524000000| Untracked 
| 247|0x0000000524200000, 0x0000000524200000, 0x0000000524400000|  0%| F|  |TAMS 0x0000000524200000, 0x0000000524200000| Untracked 
| 248|0x0000000524400000, 0x0000000524400000, 0x0000000524600000|  0%| F|  |TAMS 0x0000000524400000, 0x0000000524400000| Untracked 
| 249|0x0000000524600000, 0x0000000524600000, 0x0000000524800000|  0%| F|  |TAMS 0x0000000524600000, 0x0000000524600000| Untracked 
| 250|0x0000000524800000, 0x0000000524800000, 0x0000000524a00000|  0%| F|  |TAMS 0x0000000524800000, 0x0000000524800000| Untracked 
| 251|0x0000000524a00000, 0x0000000524a00000, 0x0000000524c00000|  0%| F|  |TAMS 0x0000000524a00000, 0x0000000524a00000| Untracked 
| 252|0x0000000524c00000, 0x0000000524c00000, 0x0000000524e00000|  0%| F|  |TAMS 0x0000000524c00000, 0x0000000524c00000| Untracked 
| 253|0x0000000524e00000, 0x0000000524e00000, 0x0000000525000000|  0%| F|  |TAMS 0x0000000524e00000, 0x0000000524e00000| Untracked 
| 254|0x0000000525000000, 0x0000000525000000, 0x0000000525200000|  0%| F|  |TAMS 0x0000000525000000, 0x0000000525000000| Untracked 
| 255|0x0000000525200000, 0x0000000525200000, 0x0000000525400000|  0%| F|  |TAMS 0x0000000525200000, 0x0000000525200000| Untracked 
| 256|0x0000000525400000, 0x0000000525400000, 0x0000000525600000|  0%| F|  |TAMS 0x0000000525400000, 0x0000000525400000| Untracked 
| 257|0x0000000525600000, 0x0000000525600000, 0x0000000525800000|  0%| F|  |TAMS 0x0000000525600000, 0x0000000525600000| Untracked 
| 258|0x0000000525800000, 0x0000000525800000, 0x0000000525a00000|  0%| F|  |TAMS 0x0000000525800000, 0x0000000525800000| Untracked 
| 259|0x0000000525a00000, 0x0000000525a00000, 0x0000000525c00000|  0%| F|  |TAMS 0x0000000525a00000, 0x0000000525a00000| Untracked 
| 260|0x0000000525c00000, 0x0000000525c00000, 0x0000000525e00000|  0%| F|  |TAMS 0x0000000525c00000, 0x0000000525c00000| Untracked 
| 261|0x0000000525e00000, 0x0000000525e00000, 0x0000000526000000|  0%| F|  |TAMS 0x0000000525e00000, 0x0000000525e00000| Untracked 
| 262|0x0000000526000000, 0x0000000526000000, 0x0000000526200000|  0%| F|  |TAMS 0x0000000526000000, 0x0000000526000000| Untracked 
| 263|0x0000000526200000, 0x0000000526200000, 0x0000000526400000|  0%| F|  |TAMS 0x0000000526200000, 0x0000000526200000| Untracked 
| 264|0x0000000526400000, 0x0000000526400000, 0x0000000526600000|  0%| F|  |TAMS 0x0000000526400000, 0x0000000526400000| Untracked 
| 265|0x0000000526600000, 0x0000000526600000, 0x0000000526800000|  0%| F|  |TAMS 0x0000000526600000, 0x0000000526600000| Untracked 
| 266|0x0000000526800000, 0x0000000526800000, 0x0000000526a00000|  0%| F|  |TAMS 0x0000000526800000, 0x0000000526800000| Untracked 
| 267|0x0000000526a00000, 0x0000000526a00000, 0x0000000526c00000|  0%| F|  |TAMS 0x0000000526a00000, 0x0000000526a00000| Untracked 
| 268|0x0000000526c00000, 0x0000000526c00000, 0x0000000526e00000|  0%| F|  |TAMS 0x0000000526c00000, 0x0000000526c00000| Untracked 
| 269|0x0000000526e00000, 0x0000000526e00000, 0x0000000527000000|  0%| F|  |TAMS 0x0000000526e00000, 0x0000000526e00000| Untracked 
| 270|0x0000000527000000, 0x0000000527000000, 0x0000000527200000|  0%| F|  |TAMS 0x0000000527000000, 0x0000000527000000| Untracked 
| 271|0x0000000527200000, 0x0000000527200000, 0x0000000527400000|  0%| F|  |TAMS 0x0000000527200000, 0x0000000527200000| Untracked 
| 272|0x0000000527400000, 0x0000000527400000, 0x0000000527600000|  0%| F|  |TAMS 0x0000000527400000, 0x0000000527400000| Untracked 
| 273|0x0000000527600000, 0x0000000527600000, 0x0000000527800000|  0%| F|  |TAMS 0x0000000527600000, 0x0000000527600000| Untracked 
| 274|0x0000000527800000, 0x0000000527800000, 0x0000000527a00000|  0%| F|  |TAMS 0x0000000527800000, 0x0000000527800000| Untracked 
| 275|0x0000000527a00000, 0x0000000527a00000, 0x0000000527c00000|  0%| F|  |TAMS 0x0000000527a00000, 0x0000000527a00000| Untracked 
| 276|0x0000000527c00000, 0x0000000527c00000, 0x0000000527e00000|  0%| F|  |TAMS 0x0000000527c00000, 0x0000000527c00000| Untracked 
| 277|0x0000000527e00000, 0x0000000527e00000, 0x0000000528000000|  0%| F|  |TAMS 0x0000000527e00000, 0x0000000527e00000| Untracked 
| 278|0x0000000528000000, 0x0000000528000000, 0x0000000528200000|  0%| F|  |TAMS 0x0000000528000000, 0x0000000528000000| Untracked 
| 279|0x0000000528200000, 0x0000000528200000, 0x0000000528400000|  0%| F|  |TAMS 0x0000000528200000, 0x0000000528200000| Untracked 
| 280|0x0000000528400000, 0x0000000528400000, 0x0000000528600000|  0%| F|  |TAMS 0x0000000528400000, 0x0000000528400000| Untracked 
| 281|0x0000000528600000, 0x0000000528600000, 0x0000000528800000|  0%| F|  |TAMS 0x0000000528600000, 0x0000000528600000| Untracked 
| 282|0x0000000528800000, 0x0000000528800000, 0x0000000528a00000|  0%| F|  |TAMS 0x0000000528800000, 0x0000000528800000| Untracked 
| 283|0x0000000528a00000, 0x0000000528a00000, 0x0000000528c00000|  0%| F|  |TAMS 0x0000000528a00000, 0x0000000528a00000| Untracked 
| 284|0x0000000528c00000, 0x0000000528c00000, 0x0000000528e00000|  0%| F|  |TAMS 0x0000000528c00000, 0x0000000528c00000| Untracked 
| 285|0x0000000528e00000, 0x0000000528e00000, 0x0000000529000000|  0%| F|  |TAMS 0x0000000528e00000, 0x0000000528e00000| Untracked 
| 286|0x0000000529000000, 0x0000000529000000, 0x0000000529200000|  0%| F|  |TAMS 0x0000000529000000, 0x0000000529000000| Untracked 
| 287|0x0000000529200000, 0x0000000529200000, 0x0000000529400000|  0%| F|  |TAMS 0x0000000529200000, 0x0000000529200000| Untracked 
| 288|0x0000000529400000, 0x0000000529400000, 0x0000000529600000|  0%| F|  |TAMS 0x0000000529400000, 0x0000000529400000| Untracked 
| 289|0x0000000529600000, 0x0000000529600000, 0x0000000529800000|  0%| F|  |TAMS 0x0000000529600000, 0x0000000529600000| Untracked 
| 290|0x0000000529800000, 0x0000000529800000, 0x0000000529a00000|  0%| F|  |TAMS 0x0000000529800000, 0x0000000529800000| Untracked 
| 291|0x0000000529a00000, 0x0000000529a00000, 0x0000000529c00000|  0%| F|  |TAMS 0x0000000529a00000, 0x0000000529a00000| Untracked 
| 292|0x0000000529c00000, 0x0000000529c00000, 0x0000000529e00000|  0%| F|  |TAMS 0x0000000529c00000, 0x0000000529c00000| Untracked 
| 293|0x0000000529e00000, 0x0000000529e00000, 0x000000052a000000|  0%| F|  |TAMS 0x0000000529e00000, 0x0000000529e00000| Untracked 
| 294|0x000000052a000000, 0x000000052a000000, 0x000000052a200000|  0%| F|  |TAMS 0x000000052a000000, 0x000000052a000000| Untracked 
| 295|0x000000052a200000, 0x000000052a200000, 0x000000052a400000|  0%| F|  |TAMS 0x000000052a200000, 0x000000052a200000| Untracked 
| 296|0x000000052a400000, 0x000000052a400000, 0x000000052a600000|  0%| F|  |TAMS 0x000000052a400000, 0x000000052a400000| Untracked 
| 297|0x000000052a600000, 0x000000052a600000, 0x000000052a800000|  0%| F|  |TAMS 0x000000052a600000, 0x000000052a600000| Untracked 
| 298|0x000000052a800000, 0x000000052a800000, 0x000000052aa00000|  0%| F|  |TAMS 0x000000052a800000, 0x000000052a800000| Untracked 
| 299|0x000000052aa00000, 0x000000052aa00000, 0x000000052ac00000|  0%| F|  |TAMS 0x000000052aa00000, 0x000000052aa00000| Untracked 
| 300|0x000000052ac00000, 0x000000052ac00000, 0x000000052ae00000|  0%| F|  |TAMS 0x000000052ac00000, 0x000000052ac00000| Untracked 
| 301|0x000000052ae00000, 0x000000052ae00000, 0x000000052b000000|  0%| F|  |TAMS 0x000000052ae00000, 0x000000052ae00000| Untracked 
| 302|0x000000052b000000, 0x000000052b000000, 0x000000052b200000|  0%| F|  |TAMS 0x000000052b000000, 0x000000052b000000| Untracked 
| 303|0x000000052b200000, 0x000000052b200000, 0x000000052b400000|  0%| F|  |TAMS 0x000000052b200000, 0x000000052b200000| Untracked 
| 304|0x000000052b400000, 0x000000052b400000, 0x000000052b600000|  0%| F|  |TAMS 0x000000052b400000, 0x000000052b400000| Untracked 
| 305|0x000000052b600000, 0x000000052b600000, 0x000000052b800000|  0%| F|  |TAMS 0x000000052b600000, 0x000000052b600000| Untracked 
| 306|0x000000052b800000, 0x000000052b800000, 0x000000052ba00000|  0%| F|  |TAMS 0x000000052b800000, 0x000000052b800000| Untracked 
| 307|0x000000052ba00000, 0x000000052ba00000, 0x000000052bc00000|  0%| F|  |TAMS 0x000000052ba00000, 0x000000052ba00000| Untracked 
| 308|0x000000052bc00000, 0x000000052bc00000, 0x000000052be00000|  0%| F|  |TAMS 0x000000052bc00000, 0x000000052bc00000| Untracked 
| 309|0x000000052be00000, 0x000000052be00000, 0x000000052c000000|  0%| F|  |TAMS 0x000000052be00000, 0x000000052be00000| Untracked 
| 310|0x000000052c000000, 0x000000052c000000, 0x000000052c200000|  0%| F|  |TAMS 0x000000052c000000, 0x000000052c000000| Untracked 
| 311|0x000000052c200000, 0x000000052c200000, 0x000000052c400000|  0%| F|  |TAMS 0x000000052c200000, 0x000000052c200000| Untracked 
| 312|0x000000052c400000, 0x000000052c400000, 0x000000052c600000|  0%| F|  |TAMS 0x000000052c400000, 0x000000052c400000| Untracked 
| 313|0x000000052c600000, 0x000000052c600000, 0x000000052c800000|  0%| F|  |TAMS 0x000000052c600000, 0x000000052c600000| Untracked 
| 314|0x000000052c800000, 0x000000052c800000, 0x000000052ca00000|  0%| F|  |TAMS 0x000000052c800000, 0x000000052c800000| Untracked 
| 315|0x000000052ca00000, 0x000000052ca00000, 0x000000052cc00000|  0%| F|  |TAMS 0x000000052ca00000, 0x000000052ca00000| Untracked 
| 316|0x000000052cc00000, 0x000000052cc00000, 0x000000052ce00000|  0%| F|  |TAMS 0x000000052cc00000, 0x000000052cc00000| Untracked 
| 317|0x000000052ce00000, 0x000000052ce00000, 0x000000052d000000|  0%| F|  |TAMS 0x000000052ce00000, 0x000000052ce00000| Untracked 
| 318|0x000000052d000000, 0x000000052d000000, 0x000000052d200000|  0%| F|  |TAMS 0x000000052d000000, 0x000000052d000000| Untracked 
| 319|0x000000052d200000, 0x000000052d200000, 0x000000052d400000|  0%| F|  |TAMS 0x000000052d200000, 0x000000052d200000| Untracked 
| 320|0x000000052d400000, 0x000000052d400000, 0x000000052d600000|  0%| F|  |TAMS 0x000000052d400000, 0x000000052d400000| Untracked 
| 321|0x000000052d600000, 0x000000052d600000, 0x000000052d800000|  0%| F|  |TAMS 0x000000052d600000, 0x000000052d600000| Untracked 
| 322|0x000000052d800000, 0x000000052d800000, 0x000000052da00000|  0%| F|  |TAMS 0x000000052d800000, 0x000000052d800000| Untracked 
| 323|0x000000052da00000, 0x000000052da00000, 0x000000052dc00000|  0%| F|  |TAMS 0x000000052da00000, 0x000000052da00000| Untracked 
| 324|0x000000052dc00000, 0x000000052dc00000, 0x000000052de00000|  0%| F|  |TAMS 0x000000052dc00000, 0x000000052dc00000| Untracked 
| 325|0x000000052de00000, 0x000000052de00000, 0x000000052e000000|  0%| F|  |TAMS 0x000000052de00000, 0x000000052de00000| Untracked 
| 326|0x000000052e000000, 0x000000052e000000, 0x000000052e200000|  0%| F|  |TAMS 0x000000052e000000, 0x000000052e000000| Untracked 
| 327|0x000000052e200000, 0x000000052e200000, 0x000000052e400000|  0%| F|  |TAMS 0x000000052e200000, 0x000000052e200000| Untracked 
| 328|0x000000052e400000, 0x000000052e400000, 0x000000052e600000|  0%| F|  |TAMS 0x000000052e400000, 0x000000052e400000| Untracked 
| 329|0x000000052e600000, 0x000000052e600000, 0x000000052e800000|  0%| F|  |TAMS 0x000000052e600000, 0x000000052e600000| Untracked 
| 330|0x000000052e800000, 0x000000052e800000, 0x000000052ea00000|  0%| F|  |TAMS 0x000000052e800000, 0x000000052e800000| Untracked 
| 331|0x000000052ea00000, 0x000000052ea00000, 0x000000052ec00000|  0%| F|  |TAMS 0x000000052ea00000, 0x000000052ea00000| Untracked 
| 332|0x000000052ec00000, 0x000000052ec00000, 0x000000052ee00000|  0%| F|  |TAMS 0x000000052ec00000, 0x000000052ec00000| Untracked 
| 333|0x000000052ee00000, 0x000000052ee00000, 0x000000052f000000|  0%| F|  |TAMS 0x000000052ee00000, 0x000000052ee00000| Untracked 
| 334|0x000000052f000000, 0x000000052f000000, 0x000000052f200000|  0%| F|  |TAMS 0x000000052f000000, 0x000000052f000000| Untracked 
| 335|0x000000052f200000, 0x000000052f200000, 0x000000052f400000|  0%| F|  |TAMS 0x000000052f200000, 0x000000052f200000| Untracked 
| 336|0x000000052f400000, 0x000000052f400000, 0x000000052f600000|  0%| F|  |TAMS 0x000000052f400000, 0x000000052f400000| Untracked 
| 337|0x000000052f600000, 0x000000052f600000, 0x000000052f800000|  0%| F|  |TAMS 0x000000052f600000, 0x000000052f600000| Untracked 
| 338|0x000000052f800000, 0x000000052f800000, 0x000000052fa00000|  0%| F|  |TAMS 0x000000052f800000, 0x000000052f800000| Untracked 
| 339|0x000000052fa00000, 0x000000052fa00000, 0x000000052fc00000|  0%| F|  |TAMS 0x000000052fa00000, 0x000000052fa00000| Untracked 
| 340|0x000000052fc00000, 0x000000052fc00000, 0x000000052fe00000|  0%| F|  |TAMS 0x000000052fc00000, 0x000000052fc00000| Untracked 
| 341|0x000000052fe00000, 0x000000052fe00000, 0x0000000530000000|  0%| F|  |TAMS 0x000000052fe00000, 0x000000052fe00000| Untracked 
| 342|0x0000000530000000, 0x0000000530000000, 0x0000000530200000|  0%| F|  |TAMS 0x0000000530000000, 0x0000000530000000| Untracked 
| 343|0x0000000530200000, 0x0000000530200000, 0x0000000530400000|  0%| F|  |TAMS 0x0000000530200000, 0x0000000530200000| Untracked 
| 344|0x0000000530400000, 0x0000000530400000, 0x0000000530600000|  0%| F|  |TAMS 0x0000000530400000, 0x0000000530400000| Untracked 
| 345|0x0000000530600000, 0x0000000530600000, 0x0000000530800000|  0%| F|  |TAMS 0x0000000530600000, 0x0000000530600000| Untracked 
| 346|0x0000000530800000, 0x0000000530800000, 0x0000000530a00000|  0%| F|  |TAMS 0x0000000530800000, 0x0000000530800000| Untracked 
| 347|0x0000000530a00000, 0x0000000530a00000, 0x0000000530c00000|  0%| F|  |TAMS 0x0000000530a00000, 0x0000000530a00000| Untracked 
| 348|0x0000000530c00000, 0x0000000530c00000, 0x0000000530e00000|  0%| F|  |TAMS 0x0000000530c00000, 0x0000000530c00000| Untracked 
| 349|0x0000000530e00000, 0x0000000530e00000, 0x0000000531000000|  0%| F|  |TAMS 0x0000000530e00000, 0x0000000530e00000| Untracked 
| 350|0x0000000531000000, 0x0000000531000000, 0x0000000531200000|  0%| F|  |TAMS 0x0000000531000000, 0x0000000531000000| Untracked 
| 351|0x0000000531200000, 0x0000000531200000, 0x0000000531400000|  0%| F|  |TAMS 0x0000000531200000, 0x0000000531200000| Untracked 
| 352|0x0000000531400000, 0x0000000531400000, 0x0000000531600000|  0%| F|  |TAMS 0x0000000531400000, 0x0000000531400000| Untracked 
| 353|0x0000000531600000, 0x0000000531600000, 0x0000000531800000|  0%| F|  |TAMS 0x0000000531600000, 0x0000000531600000| Untracked 
| 354|0x0000000531800000, 0x0000000531800000, 0x0000000531a00000|  0%| F|  |TAMS 0x0000000531800000, 0x0000000531800000| Untracked 
| 355|0x0000000531a00000, 0x0000000531a00000, 0x0000000531c00000|  0%| F|  |TAMS 0x0000000531a00000, 0x0000000531a00000| Untracked 
| 356|0x0000000531c00000, 0x0000000531c00000, 0x0000000531e00000|  0%| F|  |TAMS 0x0000000531c00000, 0x0000000531c00000| Untracked 
| 357|0x0000000531e00000, 0x0000000531e00000, 0x0000000532000000|  0%| F|  |TAMS 0x0000000531e00000, 0x0000000531e00000| Untracked 
| 358|0x0000000532000000, 0x0000000532000000, 0x0000000532200000|  0%| F|  |TAMS 0x0000000532000000, 0x0000000532000000| Untracked 
| 359|0x0000000532200000, 0x0000000532200000, 0x0000000532400000|  0%| F|  |TAMS 0x0000000532200000, 0x0000000532200000| Untracked 
| 360|0x0000000532400000, 0x0000000532400000, 0x0000000532600000|  0%| F|  |TAMS 0x0000000532400000, 0x0000000532400000| Untracked 
| 361|0x0000000532600000, 0x0000000532600000, 0x0000000532800000|  0%| F|  |TAMS 0x0000000532600000, 0x0000000532600000| Untracked 
| 362|0x0000000532800000, 0x0000000532800000, 0x0000000532a00000|  0%| F|  |TAMS 0x0000000532800000, 0x0000000532800000| Untracked 
| 363|0x0000000532a00000, 0x0000000532c00000, 0x0000000532c00000|100%| S|CS|TAMS 0x0000000532a00000, 0x0000000532a00000| Complete 
| 364|0x0000000532c00000, 0x0000000532e00000, 0x0000000532e00000|100%| S|CS|TAMS 0x0000000532c00000, 0x0000000532c00000| Complete 
| 365|0x0000000532e00000, 0x0000000533000000, 0x0000000533000000|100%| S|CS|TAMS 0x0000000532e00000, 0x0000000532e00000| Complete 
| 366|0x0000000533000000, 0x0000000533000000, 0x0000000533200000|  0%| F|  |TAMS 0x0000000533000000, 0x0000000533000000| Untracked 
| 367|0x0000000533200000, 0x0000000533200000, 0x0000000533400000|  0%| F|  |TAMS 0x0000000533200000, 0x0000000533200000| Untracked 
| 368|0x0000000533400000, 0x0000000533400000, 0x0000000533600000|  0%| F|  |TAMS 0x0000000533400000, 0x0000000533400000| Untracked 
| 369|0x0000000533600000, 0x0000000533600000, 0x0000000533800000|  0%| F|  |TAMS 0x0000000533600000, 0x0000000533600000| Untracked 
| 370|0x0000000533800000, 0x0000000533800000, 0x0000000533a00000|  0%| F|  |TAMS 0x0000000533800000, 0x0000000533800000| Untracked 
| 371|0x0000000533a00000, 0x0000000533a00000, 0x0000000533c00000|  0%| F|  |TAMS 0x0000000533a00000, 0x0000000533a00000| Untracked 
| 372|0x0000000533c00000, 0x0000000533c00000, 0x0000000533e00000|  0%| F|  |TAMS 0x0000000533c00000, 0x0000000533c00000| Untracked 
| 373|0x0000000533e00000, 0x0000000533e00000, 0x0000000534000000|  0%| F|  |TAMS 0x0000000533e00000, 0x0000000533e00000| Untracked 
| 374|0x0000000534000000, 0x0000000534000000, 0x0000000534200000|  0%| F|  |TAMS 0x0000000534000000, 0x0000000534000000| Untracked 
| 375|0x0000000534200000, 0x0000000534200000, 0x0000000534400000|  0%| F|  |TAMS 0x0000000534200000, 0x0000000534200000| Untracked 
| 376|0x0000000534400000, 0x0000000534400000, 0x0000000534600000|  0%| F|  |TAMS 0x0000000534400000, 0x0000000534400000| Untracked 
| 377|0x0000000534600000, 0x0000000534600000, 0x0000000534800000|  0%| F|  |TAMS 0x0000000534600000, 0x0000000534600000| Untracked 
| 378|0x0000000534800000, 0x0000000534800000, 0x0000000534a00000|  0%| F|  |TAMS 0x0000000534800000, 0x0000000534800000| Untracked 
| 379|0x0000000534a00000, 0x0000000534a00000, 0x0000000534c00000|  0%| F|  |TAMS 0x0000000534a00000, 0x0000000534a00000| Untracked 
| 380|0x0000000534c00000, 0x0000000534c00000, 0x0000000534e00000|  0%| F|  |TAMS 0x0000000534c00000, 0x0000000534c00000| Untracked 
| 381|0x0000000534e00000, 0x0000000534e00000, 0x0000000535000000|  0%| F|  |TAMS 0x0000000534e00000, 0x0000000534e00000| Untracked 

Card table byte_map: [0x000001fbcb820000,0x000001fbcd000000] _byte_map_base: 0x000001fbc8ff6000

Marking Bits (Prev, Next): (CMBitMap*) 0x000001fbb2f4b308, (CMBitMap*) 0x000001fbb2f4b340
 Prev Bits: [0x000001fbce7e0000, 0x000001fbda690000)
 Next Bits: [0x000001fbda690000, 0x000001fbe6540000)

Polling page: 0x000001fbb2690000

Metaspace:

Usage:
  Non-class:     11.27 MB capacity,    11.00 MB ( 98%) used,   243.42 KB (  2%) free+waste,    26.75 KB ( <1%) overhead. 
      Class:      1.37 MB capacity,     1.28 MB ( 93%) used,    83.04 KB (  6%) free+waste,    13.06 KB ( <1%) overhead. 
       Both:     12.64 MB capacity,    12.28 MB ( 97%) used,   326.46 KB (  3%) free+waste,    39.81 KB ( <1%) overhead. 

Virtual space:
  Non-class space:       16.00 MB reserved,      11.50 MB ( 72%) committed 
      Class space:        1.00 GB reserved,       1.38 MB ( <1%) committed 
             Both:        1.02 GB reserved,      12.88 MB (  1%) committed 

Chunk freelists:
   Non-Class:  5.88 KB
       Class:  128 bytes
        Both:  6.00 KB

CodeHeap 'non-profiled nmethods': size=233856Kb used=1888Kb max_used=1888Kb free=231967Kb
 bounds [0x000001fbbb140000, 0x000001fbbb3b0000, 0x000001fbc95a0000]
CodeHeap 'non-nmethods': size=11904Kb used=1184Kb max_used=1184Kb free=10719Kb
 bounds [0x000001fbba5a0000, 0x000001fbba810000, 0x000001fbbb140000]
 total_blobs=1655 nmethods=1254 adapters=336
 compilation: enabled
              stopped_count=0, restarted_count=0
 full_count=0

Compilation events (10 events):
Event: 2.312 Thread 0x000001fbe986f800 1251   !   1       com.intellij.rt.debugger.agent.CollectionBreakpointInstrumentor$CollectionBreakpointTransformer::transform (109 bytes)
Event: 2.313 Thread 0x000001fbe986f800 nmethod 1251 0x000001fbbb313190 code [0x000001fbbb313460, 0x000001fbbb313df8]
Event: 2.313 Thread 0x000001fbe986f800 1250   !   1       com.intellij.rt.debugger.agent.CaptureAgent$CaptureTransformer::transform (206 bytes)
Event: 2.315 Thread 0x000001fbe986f800 nmethod 1250 0x000001fbbb314690 code [0x000001fbbb314a80, 0x000001fbbb315c88]
Event: 2.315 Thread 0x000001fbe986f800 1253       1       java.lang.invoke.BoundMethodHandle::editor (8 bytes)
Event: 2.315 Thread 0x000001fbe986f800 nmethod 1253 0x000001fbbb316e90 code [0x000001fbbb317040, 0x000001fbbb3171e8]
Event: 2.315 Thread 0x000001fbe986f800 1252       1       java.util.Arrays::copyOfRange (89 bytes)
Event: 2.316 Thread 0x000001fbe986f800 nmethod 1252 0x000001fbbb317310 code [0x000001fbbb317540, 0x000001fbbb317cb8]
Event: 2.316 Thread 0x000001fbe986f800 1254       1       java.lang.invoke.MethodHandleImpl::isCompileConstant (2 bytes)
Event: 2.316 Thread 0x000001fbe986f800 nmethod 1254 0x000001fbbb318010 code [0x000001fbbb3181a0, 0x000001fbbb318238]

GC Heap History (2 events):
Event: 2.322 GC heap before
{Heap before GC invocations=0 (full 0):
 garbage-first heap   total 782336K, used 28672K [0x0000000505400000, 0x0000000800000000)
  region size 2048K, 16 young (32768K), 0 survivors (0K)
 Metaspace       used 12577K, capacity 12944K, committed 13184K, reserved 1064960K
  class space    used 1310K, capacity 1407K, committed 1408K, reserved 1048576K
}
Event: 2.362 GC heap after
{Heap after GC invocations=1 (full 0):
 garbage-first heap   total 782336K, used 11632K [0x0000000505400000, 0x0000000800000000)
  region size 2048K, 3 young (6144K), 3 survivors (6144K)
 Metaspace       used 12577K, capacity 12944K, committed 13184K, reserved 1064960K
  class space    used 1310K, capacity 1407K, committed 1408K, reserved 1048576K
}

Deoptimization events (0 events):
No events

Classes redefined (0 events):
No events

Internal exceptions (10 events):
Event: 1.102 Thread 0x000001fbb2ef2000 Exception <a 'java/lang/NoSuchMethodError'{0x00000005335135e8}: java.lang.invoke.DirectMethodHandle$Holder.invokeStatic(Ljava/lang/Object;Ljava/lang/Object;Ljava/lang/Object;Ljava/lang/Object;Ljava/lang/Object;Ljava/lang/Object;Ljava/lang/Object;Ljava/lan
Event: 1.106 Thread 0x000001fbb2ef2000 Exception <a 'java/lang/NoSuchMethodError'{0x0000000533533ae0}: java.lang.invoke.DirectMethodHandle$Holder.invokeStatic(Ljava/lang/Object;Ljava/lang/Object;Ljava/lang/Object;Ljava/lang/Object;Ljava/lang/Object;Ljava/lang/Object;Ljava/lang/Object;Ljava/lan
Event: 1.109 Thread 0x000001fbb2ef2000 Exception <a 'java/lang/NoSuchMethodError'{0x00000005335557d8}: java.lang.invoke.DirectMethodHandle$Holder.invokeStatic(Ljava/lang/Object;Ljava/lang/Object;Ljava/lang/Object;Ljava/lang/Object;Ljava/lang/Object;Ljava/lang/Object;Ljava/lang/Object;Ljava/lan
Event: 1.206 Thread 0x000001fbb2ef2000 Exception <a 'java/lang/NoSuchMethodError'{0x000000053339cb50}: java.lang.invoke.DirectMethodHandle$Holder.invokeSpecialIFC(Ljava/lang/Object;Ljava/lang/Object;Ljava/lang/Object;)I> (0x000000053339cb50) thrown at [./open/src/hotspot/share/interpreter/link
Event: 1.246 Thread 0x000001fbb2ef2000 Exception <a 'java/lang/NoSuchMethodError'{0x000000053304e018}: java.lang.invoke.DirectMethodHandle$Holder.invokeStaticInit(Ljava/lang/Object;Ljava/lang/Object;)V> (0x000000053304e018) thrown at [./open/src/hotspot/share/interpreter/linkResolver.cpp, line
Event: 1.256 Thread 0x000001fbb2ef2000 Exception <a 'java/lang/NoSuchMethodError'{0x000000053307fb58}: java.lang.invoke.DirectMethodHandle$Holder.invokeStatic(Ljava/lang/Object;IIII)Ljava/lang/Object;> (0x000000053307fb58) thrown at [./open/src/hotspot/share/interpreter/linkResolver.cpp, line 
Event: 1.257 Thread 0x000001fbb2ef2000 Exception <a 'java/lang/NoSuchMethodError'{0x0000000533082c70}: java.lang.invoke.DirectMethodHandle$Holder.invokeStaticInit(Ljava/lang/Object;IIII)Ljava/lang/Object;> (0x0000000533082c70) thrown at [./open/src/hotspot/share/interpreter/linkResolver.cpp, l
Event: 2.295 Thread 0x000001fbb2ef2000 Exception <a 'java/lang/NoSuchMethodError'{0x00000005330ddf00}: java.lang.invoke.DirectMethodHandle$Holder.invokeStatic(Ljava/lang/Object;Ljava/lang/Object;IIII)Ljava/lang/Object;> (0x00000005330ddf00) thrown at [./open/src/hotspot/share/interpreter/linkR
Event: 2.295 Thread 0x000001fbb2ef2000 Exception <a 'java/lang/NoSuchMethodError'{0x00000005330e1248}: java.lang.invoke.DirectMethodHandle$Holder.invokeStaticInit(Ljava/lang/Object;Ljava/lang/Object;IIII)Ljava/lang/Object;> (0x00000005330e1248) thrown at [./open/src/hotspot/share/interpreter/l
Event: 2.314 Thread 0x000001fbb2ef2000 Exception <a 'java/lang/ClassNotFoundException'{0x000000053311d080}: javax/management/remote/rmi/RMIServerImpl_Skel> (0x000000053311d080) thrown at [./open/src/hotspot/share/classfile/systemDictionary.cpp, line 226]

Events (10 events):
Event: 2.321 loading class java/net/SocksConsts
Event: 2.321 loading class java/net/SocksConsts done
Event: 2.321 loading class java/net/PlainSocketImpl
Event: 2.321 loading class java/net/AbstractPlainSocketImpl
Event: 2.321 loading class java/net/SocketImpl
Event: 2.321 loading class java/net/SocketOptions
Event: 2.322 loading class java/net/SocketOptions done
Event: 2.322 Executing VM operation: CollectForMetadataAllocation
Event: 2.322 Executing VM operation: CollectForMetadataAllocation done
Event: 2.322 Executing VM operation: CollectForMetadataAllocation


Dynamic libraries:
0x00007ff77def0000 - 0x00007ff77df00000 	D:\soft\jdk11\bin\java.exe
0x00007fffb7630000 - 0x00007fffb7847000 	C:\Windows\SYSTEM32\ntdll.dll
0x00007fffb70e0000 - 0x00007fffb71a4000 	C:\Windows\System32\KERNEL32.DLL
0x00007fffb4b80000 - 0x00007fffb4f37000 	C:\Windows\System32\KERNELBASE.dll
0x00007fffb5060000 - 0x00007fffb5171000 	C:\Windows\System32\ucrtbase.dll
0x00007fffa3670000 - 0x00007fffa3689000 	D:\soft\jdk11\bin\jli.dll
0x00007fffa4d00000 - 0x00007fffa4d1b000 	D:\soft\jdk11\bin\VCRUNTIME140.dll
0x00007fffb5d70000 - 0x00007fffb5e22000 	C:\Windows\System32\ADVAPI32.dll
0x00007fffb71c0000 - 0x00007fffb7267000 	C:\Windows\System32\msvcrt.dll
0x00007fffb7270000 - 0x00007fffb7318000 	C:\Windows\System32\sechost.dll
0x00007fffb5030000 - 0x00007fffb5058000 	C:\Windows\System32\bcrypt.dll
0x00007fffb6fc0000 - 0x00007fffb70d4000 	C:\Windows\System32\RPCRT4.dll
0x00007fffb6cb0000 - 0x00007fffb6e5f000 	C:\Windows\System32\USER32.dll
0x00007fffb4f40000 - 0x00007fffb4f66000 	C:\Windows\System32\win32u.dll
0x00007fffb6eb0000 - 0x00007fffb6ed9000 	C:\Windows\System32\GDI32.dll
0x00007fffb4a60000 - 0x00007fffb4b78000 	C:\Windows\System32\gdi32full.dll
0x00007fffb4940000 - 0x00007fffb49da000 	C:\Windows\System32\msvcp_win.dll
0x00007fff8d560000 - 0x00007fff8d7f3000 	C:\Windows\WinSxS\amd64_microsoft.windows.common-controls_6595b64144ccf1df_6.0.22621.3672_none_2713b9d173822955\COMCTL32.dll
0x00007fff9bcb0000 - 0x00007fff9bcba000 	C:\Windows\SYSTEM32\VERSION.dll
0x00007fffb6e60000 - 0x00007fffb6e91000 	C:\Windows\System32\IMM32.DLL
0x00007fffa4cf0000 - 0x00007fffa4cfc000 	D:\soft\jdk11\bin\vcruntime140_1.dll
0x00007fff81bf0000 - 0x00007fff81c7e000 	D:\soft\jdk11\bin\msvcp140.dll
0x00007fff13180000 - 0x00007fff13ced000 	D:\soft\jdk11\bin\server\jvm.dll
0x00007fffb6ea0000 - 0x00007fffb6ea8000 	C:\Windows\System32\PSAPI.DLL
0x00007fffa8530000 - 0x00007fffa8564000 	C:\Windows\SYSTEM32\WINMM.dll
0x00007fff90540000 - 0x00007fff90549000 	C:\Windows\SYSTEM32\WSOCK32.dll
0x00007fffb5cf0000 - 0x00007fffb5d61000 	C:\Windows\System32\WS2_32.dll
0x00007fffb3950000 - 0x00007fffb3968000 	C:\Windows\SYSTEM32\kernel.appcore.dll
0x00007fffa4c80000 - 0x00007fffa4c90000 	D:\soft\jdk11\bin\verify.dll
0x00007fffae330000 - 0x00007fffae562000 	C:\Windows\SYSTEM32\DBGHELP.DLL
0x00007fffb5360000 - 0x00007fffb56ee000 	C:\Windows\System32\combase.dll
0x00007fffb5aa0000 - 0x00007fffb5b77000 	C:\Windows\System32\OLEAUT32.dll
0x00007fff9ad20000 - 0x00007fff9ad52000 	C:\Windows\SYSTEM32\dbgcore.DLL
0x00007fffb49e0000 - 0x00007fffb4a5b000 	C:\Windows\System32\bcryptPrimitives.dll
0x00007fffa3640000 - 0x00007fffa3668000 	D:\soft\jdk11\bin\java.dll
0x00007fffa4b50000 - 0x00007fffa4b5a000 	D:\soft\jdk11\bin\jimage.dll
0x00007fff86fb0000 - 0x00007fff86fe8000 	D:\soft\jdk11\bin\jdwp.dll
0x00007fffa4380000 - 0x00007fffa438e000 	D:\soft\jdk11\bin\instrument.dll
0x00007fffa3600000 - 0x00007fffa3617000 	D:\soft\jdk11\bin\zip.dll
0x00007fffb6440000 - 0x00007fffb6ca9000 	C:\Windows\System32\SHELL32.dll
0x00007fffb2860000 - 0x00007fffb315f000 	C:\Windows\SYSTEM32\windows.storage.dll
0x00007fffb2720000 - 0x00007fffb285f000 	C:\Windows\SYSTEM32\wintypes.dll
0x00007fffb5e30000 - 0x00007fffb5f29000 	C:\Windows\System32\SHCORE.dll
0x00007fffb7320000 - 0x00007fffb737e000 	C:\Windows\System32\shlwapi.dll
0x00007fffb4870000 - 0x00007fffb4897000 	C:\Windows\SYSTEM32\profapi.dll
0x00007fffa4370000 - 0x00007fffa437b000 	D:\soft\jdk11\bin\dt_socket.dll
0x00007fffb3db0000 - 0x00007fffb3e19000 	C:\Windows\system32\mswsock.dll
0x00007fffa34e0000 - 0x00007fffa34f9000 	D:\soft\jdk11\bin\net.dll
0x00007fffb10a0000 - 0x00007fffb11d6000 	C:\Windows\SYSTEM32\WINHTTP.dll
0x00007fffa2a50000 - 0x00007fffa2a62000 	D:\soft\jdk11\bin\nio.dll
0x00007fffb3430000 - 0x00007fffb3532000 	C:\Windows\SYSTEM32\DNSAPI.dll
0x00007fffb33c0000 - 0x00007fffb33ed000 	C:\Windows\SYSTEM32\IPHLPAPI.DLL
0x00007fffb5b80000 - 0x00007fffb5b89000 	C:\Windows\System32\NSI.dll
0x00007fffae050000 - 0x00007fffae05a000 	C:\Windows\System32\rasadhlp.dll
0x00007fffae570000 - 0x00007fffae5f3000 	C:\Windows\System32\fwpuclnt.dll
0x00007fffa43a0000 - 0x00007fffa43a9000 	D:\soft\jdk11\bin\management.dll
0x00007fffa4360000 - 0x00007fffa436b000 	D:\soft\jdk11\bin\management_ext.dll
0x00007fffb4140000 - 0x00007fffb415b000 	C:\Windows\SYSTEM32\CRYPTSP.dll
0x00007fffb38b0000 - 0x00007fffb38e5000 	C:\Windows\system32\rsaenh.dll
0x00007fffb3e50000 - 0x00007fffb3e78000 	C:\Windows\SYSTEM32\USERENV.dll
0x00007fffb3fb0000 - 0x00007fffb3fbc000 	C:\Windows\SYSTEM32\CRYPTBASE.dll
0x00007fffafdc0000 - 0x00007fffafdd9000 	C:\Windows\SYSTEM32\dhcpcsvc6.DLL
0x00007fffaf340000 - 0x00007fffaf35f000 	C:\Windows\SYSTEM32\dhcpcsvc.DLL
0x00007fff8d1e0000 - 0x00007fff8d1fb000 	C:\Windows\system32\pnrpnsp.dll
0x00007fff8d040000 - 0x00007fff8d067000 	C:\Windows\system32\nlansp_c.dll

dbghelp: loaded successfully - version: 4.0.5 - missing functions: none
symbol engine: initialized successfully - sym options: 0x614 - pdb path: .;D:\soft\jdk11\bin;C:\Windows\SYSTEM32;C:\Windows\WinSxS\amd64_microsoft.windows.common-controls_6595b64144ccf1df_6.0.22621.3672_none_2713b9d173822955;D:\soft\jdk11\bin\server

VM Arguments:
jvm_args: -agentlib:jdwp=transport=dt_socket,address=127.0.0.1:57866,suspend=y,server=n -XX:TieredStopAtLevel=1 -Xverify:none -Dspring.output.ansi.enabled=always -Dcom.sun.management.jmxremote -Dspring.jmx.enabled=true -Dspring.liveBeansView.mbeanDomain -Dspring.application.admin.enabled=true -Dmanagement.endpoints.jmx.exposure.include=* -javaagent:C:\Users\think\AppData\Local\JetBrains\IntelliJIdea2023.3\captureAgent\debugger-agent.jar=file:/C:/Users/think/AppData/Local/Temp/capture7.props -Dfile.encoding=UTF-8 
java_command: com.sl.CourierApplication
java_class_path (initial): D:\work\review\20240915\slexpress\backend\sl-express-ms-courier-service\target\classes;D:\deve\apache-maven-3.6.3\rep\com\sl-express\common\sl-express-common\1.2-SNAPSHOT\sl-express-common-1.2-20230111.065432-4.jar;D:\deve\apache-maven-3.6.3\rep\com\github\xiaoymin\knife4j-spring-boot-starter\3.0.3\knife4j-spring-boot-starter-3.0.3.jar;D:\deve\apache-maven-3.6.3\rep\com\github\xiaoymin\knife4j-spring-boot-autoconfigure\3.0.3\knife4j-spring-boot-autoconfigure-3.0.3.jar;D:\deve\apache-maven-3.6.3\rep\com\github\xiaoymin\knife4j-spring\3.0.3\knife4j-spring-3.0.3.jar;D:\deve\apache-maven-3.6.3\rep\com\github\xiaoymin\knife4j-annotations\3.0.3\knife4j-annotations-3.0.3.jar;D:\deve\apache-maven-3.6.3\rep\io\swagger\swagger-annotations\1.5.22\swagger-annotations-1.5.22.jar;D:\deve\apache-maven-3.6.3\rep\io\swagger\core\v3\swagger-annotations\2.1.2\swagger-annotations-2.1.2.jar;D:\deve\apache-maven-3.6.3\rep\com\github\xiaoymin\knife4j-core\3.0.3\knife4j-core-3.0.3.jar;D:\deve\apache-maven-3.6.3\rep\org\javassist\javassist\3.25.0-GA\javassist-3.25.0-GA.jar;D:\deve\apache-maven-3.6.3\rep\io\springfox\springfox-swagger2\3.0.0\springfox-swagger2-3.0.0.jar;D:\deve\apache-maven-3.6.3\rep\io\springfox\springfox-spi\3.0.0\springfox-spi-3.0.0.jar;D:\deve\apache-maven-3.6.3\rep\io\springfox\springfox-schema\3.0.0\springfox-schema-3.0.0.jar;D:\deve\apache-maven-3.6.3\rep\io\springfox\springfox-swagger-common\3.0.0\springfox-swagger-common-3.0.0.jar;D:\deve\apache-maven-3.6.3\rep\io\springfox\springfox-spring-web\3.0.0\springfox-spring-web-3.0.0.jar;D:\deve\apache-maven-3.6.3\rep\io\github\classgraph\classgraph\4.8.83\classgraph-4.8.83.jar;D:\deve\apache-maven-3.6.3\rep\io\springfox\springfox-spring-webflux\3.0.0\springfox-spring-webflux-3.0.0.jar;D:\deve\apache-maven-3.6.3\rep\org\mapstruct\mapstruct\1.3.1.Final\mapstruct-1.3.1.Final.jar;D:\deve\apache-maven-3.6.3\rep\io\springfox\springfox-spring-webmvc\3.0.0\springfox-spring-webmvc-3.0.0.jar;D:\deve\apa
Launcher Type: SUN_STANDARD

[Global flags]
     bool BytecodeVerificationLocal                = false                                     {product} {command line}
     bool BytecodeVerificationRemote               = false                                     {product} {command line}
     intx CICompilerCount                          = 12                                        {product} {ergonomic}
     uint ConcGCThreads                            = 3                                         {product} {ergonomic}
     uint G1ConcRefinementThreads                  = 13                                        {product} {ergonomic}
   size_t G1HeapRegionSize                         = 2097152                                   {product} {ergonomic}
    uintx GCDrainStackTargetSize                   = 64                                        {product} {ergonomic}
   size_t InitialHeapSize                          = 801112064                                 {product} {ergonomic}
     bool ManagementServer                         = true                                      {product} {command line}
   size_t MarkStackSize                            = 4194304                                   {product} {ergonomic}
   size_t MaxHeapSize                              = 12796821504                               {product} {ergonomic}
   size_t MaxNewSize                               = 7677673472                                {product} {ergonomic}
   size_t MinHeapDeltaBytes                        = 2097152                                   {product} {ergonomic}
    uintx NonNMethodCodeHeapSize                   = 12163472                               {pd product} {ergonomic}
    uintx NonProfiledCodeHeapSize                  = 239494768                              {pd product} {ergonomic}
    uintx ProfiledCodeHeapSize                     = 0                                      {pd product} {ergonomic}
    uintx ReservedCodeCacheSize                    = 251658240                              {pd product} {ergonomic}
     bool SegmentedCodeCache                       = true                                      {product} {ergonomic}
     intx TieredStopAtLevel                        = 1                                         {product} {command line}
     bool UseCompressedClassPointers               = true                                 {lp64_product} {ergonomic}
     bool UseCompressedOops                        = true                                 {lp64_product} {ergonomic}
     bool UseG1GC                                  = true                                      {product} {ergonomic}
     bool UseLargePagesIndividualAllocation        = false                                  {pd product} {ergonomic}

Logging:
Log output configuration:
 #0: stdout all=warning uptime,level,tags
 #1: stderr all=off uptime,level,tags

Environment Variables:
JAVA_HOME=D:\soft\jdk11
PATH=D:\soft\vmware\bin\;C:\Windows\system32;C:\Windows;C:\Windows\System32\Wbem;C:\Windows\System32\WindowsPowerShell\v1.0\;C:\Windows\System32\OpenSSH\;D:\deve\apache-maven-3.9.5\bin;D:\soft\jdk11\bin;C:\Program Files\Common Files\Oracle\Java\javapath;D:\soft\jdk17\bin;D:\soft\jdk11\bin;D:\soft\jdk8\bin;D:\deve\mysql-5.7.44-winx64\bin;D:\deve\mysql-5.7.44-winx64\bin;D:\soft\git\Git\cmd;D:\soft\wxtool\web\dll;D:\deve\Redis-x64-5.0.14.1;D:\deve\yarn\bin\;C:\Program Files (x86)\Windows Kits\10\Windows Performance Toolkit\;D:\tortoisegitr\bin;D:\deve\nodejs\;C:\Users\think\AppData\Local\Programs\Python\Python311\Scripts\;C:\Users\think\AppData\Local\Programs\Python\Python311\;C:\Users\think\AppData\Local\Microsoft\WindowsApps;;D:\soft\vscode\Microsoft VS Code\bin;D:\soft\cpolar\;C:\Users\think\AppData\Local\Yarn\bin;C:\Users\think\AppData\Roaming\Programs\Zero Install;C:\Users\think\AppData\Roaming\npm
USERNAME=think
OS=Windows_NT
PROCESSOR_IDENTIFIER=Intel64 Family 6 Model 186 Stepping 2, GenuineIntel



---------------  S Y S T E M  ---------------

OS: Windows 11 , 64 bit Build 22621 (10.0.22621.3958)
Hyper-V role detected

CPU:total 16 (initial active 16) (8 cores per cpu, 2 threads per core) family 6 model 186 stepping 2 microcode 0x411c, cmov, cx8, fxsr, mmx, sse, sse2, sse3, ssse3, sse4.1, sse4.2, popcnt, avx, avx2, aes, clmul, erms, 3dnowpref, lzcnt, ht, tsc, tscinvbit, bmi1, bmi2, adx, sha, fma

Memory: 4k page, system-wide physical 48808M (5289M free)
TotalPageFile size 68277M (AvailPageFile size 0M)
current process WorkingSet (physical memory assigned to process): 121M, peak: 121M
current process commit charge ("private bytes"): 900M, peak: 901M

vm_info: Java HotSpot(TM) 64-Bit Server VM (11.0.20+9-LTS-256) for windows-amd64 JRE (11.0.20+9-LTS-256), built on Jun 14 2023 10:34:22 by "mach5one" with MS VC++ 17.1 (VS2022)

END.
